write,537701229,37,0
write,1184518864,28,1
write,3002668473,36,2
write,3002946776,96,3
write,3003973795,30,4
write,3003034895,47,5
write,1501257444,94,6
write,1188093564,53,7
write,1620869049,50,8
write,539659737,70,9
write,769334178,11,10
write,1089356390,69,11
write,651723129,19,12
write,618832827,77,13
write,938310450,15,14
write,859483882,25,15
write,1683173501,99,16
write,642449395,50,17
write,804531926,35,18
write,763622490,21,19
write,1236776224,66,20
write,579537076,26,21
write,470163625,24,22
