write,3003516332,68,0
write,3002923478,6,1
write,3003135465,10,2
write,3002975275,32,3
write,1829827952,37,4
write,409723114,55,5
write,366632832,23,6
write,600901469,59,7
write,179982445,44,8
write,429844737,20,9
write,444108395,14,10
write,415659274,27,11
write,629910352,7,12
write,273509953,41,13
write,536301066,42,14
write,838205114,95,15
write,220960263,16,16
write,486094752,7,17
write,403355019,34,18
write,601296309,32,19
write,412586233,54,20
write,246290950,46,21
write,441495654,20,22
write,378468554,97,23
write,520066684,95,24
write,206129466,3,25
write,479750874,100,26
write,168784981,66,27
write,574566693,55,28
write,779937678,65,29
write,422621490,86,30
write,457353901,35,31
write,176687114,86,32
write,563409742,60,33
write,440344700,77,34
write,285839753,31,35
write,965281616,60,36
write,456818421,30,37
write,780391757,26,38
