write,1765563667344903922,1,0,1,53,1
write,1765563667346462895,0,0,1,10,1
write,1765563667350770992,2,0,1,4,1
write,1765563667352094158,3,0,1,87,1
write,1765563667355469093,4,0,1,47,1
write,1765563667356432247,5,0,1,52,1
write,1765563667359320641,6,0,1,62,1
write,1765563667363579159,7,0,1,83,0
write,1765563667364404598,8,1,2,87,1
write,1765563667366978536,9,0,1,13,1
write,1765563667368677233,10,1,2,52,1
write,1765563667371275226,11,0,1,89,1
write,1765563667372946018,12,0,1,73,1
write,1765563667374283248,13,0,1,60,1
write,1765563667375769680,14,0,1,77,1
write,1765563667377388914,15,0,1,31,1
write,1765563667378864204,16,0,1,94,1
write,1765563667380174235,17,0,1,3,0
write,1765563667381180881,18,0,1,88,1
write,1765563667381445397,19,0,1,50,1
write,1765563667381829796,20,0,1,23,1
write,1765563667383084915,21,0,1,41,1
write,1765563667384537847,22,0,1,6,1
write,1765563667385591220,24,0,1,7,1
write,1765563667385882627,23,3,3,87,1
write,1765563667387023235,25,0,1,27,1
write,1765563667388277118,26,0,1,97,0
write,1765563667389166043,28,1,2,89,1
write,1765563667389846735,27,0,1,2,0
write,1765563667391731007,30,0,1,84,1
write,1765563667392341359,31,0,1,1,1
write,1765563667393140586,32,0,1,54,1
write,1765563667393323221,29,0,1,79,0
write,1765563667394191584,33,1,2,1,1
write,1765563667395784094,34,3,3,89,1
write,1765563667396053157,35,0,1,64,1
write,1765563667397740701,36,0,1,29,1
write,1765563667398063300,37,1,2,3,1
write,1765563667398868683,38,1,2,60,1
write,1765563667400268801,40,0,1,11,1
write,1765563667400367465,39,6,4,89,1
write,1765563667401862089,42,0,1,72,1
write,1765563667402809246,41,0,1,92,0
write,1765563667402917261,43,1,2,72,1
write,1765563667403948845,45,0,1,67,1
write,1765563667405509839,46,0,1,70,1
write,1765563667406068336,44,0,1,40,0
write,1765563667406771327,48,0,1,100,1
write,1765563667406795212,47,0,1,69,1
write,1765563667409299878,49,0,1,30,1
write,1765563667409710622,50,4,4,60,1
write,1765563667411151629,51,1,2,73,1
write,1765563667411297488,52,1,2,31,1
write,1765563667411828524,53,1,2,77,1
write,1765563667413816009,54,0,1,35,1
write,1765563667414302786,55,1,2,7,1
write,1765563667415505831,57,0,1,39,1
write,1765563667415943609,58,1,2,23,1
write,1765563667417566378,56,0,1,25,0
write,1765563667418041093,59,1,2,29,1
write,1765563667419724127,62,1,2,25,1
write,1765563667420022146,60,0,1,68,0
write,1765563667420284445,61,1,2,92,0
write,1765563667420307183,63,2,3,47,1
write,1765563667420956861,64,0,1,48,1
write,1765563667421938266,65,1,2,83,1
write,1765563667423126825,66,0,1,93,0
write,1765563667423579564,67,1,2,70,1
write,1765563667424391237,68,0,1,81,1
write,1765563667424842436,70,0,1,91,1
write,1765563667424859887,69,0,1,80,1
write,1765563667425733986,71,6,4,87,1
write,1765563667425911924,72,0,1,44,1
write,1765563667427737810,73,1,2,79,1
write,1765563667427820628,74,0,1,56,1
write,1765563667428562850,76,1,2,97,1
write,1765563667429197010,77,0,1,86,1
write,1765563667429780040,75,0,1,12,0
write,1765563667429847860,78,3,3,83,1
write,1765563667431720092,79,1,2,44,1
write,1765563667431751038,81,1,2,50,1
write,1765563667432320780,83,1,2,54,1
write,1765563667432435465,82,3,3,31,1
write,1765563667434068971,84,0,1,61,1
write,1765563667434094338,86,0,1,51,1
write,1765563667434120595,80,1,2,4,0
write,1765563667436306731,85,1,2,30,0
write,1765563667436440861,89,4,4,47,1
write,1765563667436469183,90,0,1,43,1
write,1765563667437965742,91,6,4,31,1
write,1765563667437998753,88,0,1,20,0
write,1765563667438026253,87,0,1,17,0
write,1765563667440142205,93,3,3,73,0
write,1765563667440198005,92,1,2,56,0
write,1765563667441242590,95,1,2,53,1
write,1765563667441784904,98,6,4,83,1
write,1765563667441852239,94,0,1,71,0
write,1765563667442296233,97,7,5,47,1
write,1765563667443304248,96,0,1,18,0
write,1765563667443715680,100,3,3,77,1
write,1765563667444936242,101,1,2,69,1
write,1765563667445160653,103,0,1,99,1
write,1765563667445522787,102,1,2,81,1
write,1765563667445558003,99,0,1,76,0
write,1765563667446337960,104,3,3,25,1
write,1765563667447088647,107,0,1,21,1
write,1765563667447174597,106,1,2,35,1
write,1765563667449360141,105,1,2,40,0
write,1765563667449685000,110,0,1,74,1
write,1765563667449870643,109,1,2,39,1
write,1765563667450073008,111,10,5,87,1
write,1765563667451101290,108,0,1,96,0
write,1765563667451270412,113,0,1,19,1
write,1765563667451589748,115,3,3,3,1
write,1765563667451737544,116,0,1,8,1
write,1765563667452053260,117,1,2,17,1
write,1765563667453581023,112,1,2,18,1
write,1765563667454506403,114,0,1,38,0
write,1765563667454634895,119,6,4,25,1
write,1765563667455183517,121,1,2,100,1
write,1765563667455558771,118,0,1,98,0
write,1765563667455620583,120,1,2,41,1
write,1765563667455653039,122,15,6,87,1
write,1765563667456851808,123,1,2,43,1
write,1765563667457807707,126,1,2,96,1
write,1765563667457934234,124,1,2,27,1
write,1765563667460073739,128,2,3,21,1
write,1765563667460438156,125,3,3,50,0
write,1765563667460646134,132,3,3,17,1
write,1765563667460676212,129,3,3,70,1
write,1765563667460776338,130,3,3,96,1
write,1765563667460872800,133,0,1,14,1
write,1765563667461879181,127,0,1,9,0
write,1765563667461998084,131,11,6,47,1
write,1765563667463017806,135,1,2,64,1
write,1765563667463469733,137,1,2,48,1
write,1765563667463623317,134,0,1,95,0
write,1765563667463950060,136,1,2,6,1
write,1765563667465879068,144,1,2,86,1
write,1765563667465917907,139,3,3,40,1
write,1765563667465954769,140,10,5,83,1
write,1765563667466214610,138,6,4,77,1
write,1765563667466485391,141,1,2,38,1
write,1765563667467887630,145,3,3,7,1
write,1765563667467992699,142,3,3,6,1
write,1765563667468044706,146,3,3,4,1
write,1765563667470306888,148,0,1,32,1
write,1765563667470644651,147,1,2,12,0
write,1765563667470766273,150,10,5,89,1
write,1765563667470880419,143,1,2,76,0
write,1765563667470970499,151,1,2,84,1
write,1765563667471698150,152,15,6,83,1
write,1765563667474162558,154,1,2,62,1
write,1765563667474191379,149,0,1,34,0
write,1765563667474401551,155,3,3,48,1
write,1765563667474555750,153,6,4,17,1
write,1765563667474635692,158,1,2,93,1
write,1765563667475586642,156,10,5,31,1
write,1765563667476320552,160,15,6,31,1
write,1765563667477417333,157,3,3,84,0
write,1765563667478410866,159,1,2,2,0
write,1765563667480432616,161,3,3,53,1
write,1765563667480498010,165,21,7,31,1
write,1765563667480634719,163,1,2,11,1
write,1765563667480930913,162,7,5,60,1
write,1765563667482749556,164,1,2,45,0
write,1765563667482886705,167,6,4,6,1
write,1765563667483595589,171,1,2,46,1
write,1765563667484445901,168,3,3,62,1
write,1765563667485476113,174,3,3,35,1
write,1765563667485600713,169,11,6,60,0
write,1765563667486085559,170,15,6,89,0
write,1765563667486200164,173,2,3,36,1
write,1765563667486780566,175,2,3,51,1
write,1765563667486808168,176,3,3,56,1
write,1765563667487022373,166,1,2,74,0
write,1765563667488976717,178,16,7,47,1
write,1765563667489318934,172,0,1,16,0
write,1765563667489575131,179,10,5,77,1
write,1765563667489804409,182,1,2,8,1
write,1765563667491363277,177,0,1,42,0
write,1765563667491413434,183,3,3,92,1
write,1765563667491463793,184,3,3,54,1
write,1765563667491515355,181,3,3,38,0
write,1765563667491587570,185,3,3,79,1
write,1765563667492146841,180,1,2,95,0
write,1765563667492675609,186,6,4,73,1
write,1765563667493851454,188,3,3,43,1
write,1765563667493917554,189,1,2,94,1
write,1765563667493984452,190,3,3,30,1
write,1765563667494005894,193,4,4,39,1
write,1765563667494026534,192,6,4,4,1
write,1765563667498312358,196,2,3,45,1
write,1765563667498353712,187,2,3,10,0
write,1765563667498388507,197,3,3,52,1
write,1765563667498443423,201,6,4,7,1
write,1765563667498689194,199,6,4,43,1
write,1765563667498707400,195,22,8,47,1
write,1765563667498814999,200,3,3,18,1
write,1765563667499799438,202,0,1,58,1
write,1765563667499890057,191,1,2,71,0
write,1765563667500243308,205,3,3,8,1
write,1765563667500295324,204,6,4,40,1
write,1765563667501810137,194,0,1,90,0
write,1765563667502039104,208,0,1,37,1
write,1765563667502154758,207,1,2,58,1
write,1765563667503100181,198,4,4,10,0
write,1765563667503886509,203,1,2,16,0
write,1765563667504321143,213,4,4,45,1
write,1765563667504348756,210,6,4,8,1
write,1765563667504800843,206,2,3,20,0
write,1765563667505460648,216,10,5,8,1
write,1765563667506382602,209,0,1,22,0
write,1765563667506543780,215,6,4,62,1
write,1765563667506576127,217,4,4,21,1
write,1765563667506601949,214,6,4,56,1
write,1765563667506698807,218,1,2,67,1
write,1765563667509718049,212,0,1,24,0
write,1765563667509743034,219,1,2,32,1
write,1765563667509761318,222,6,4,53,1
write,1765563667510118490,225,7,5,12,1
write,1765563667511016535,226,3,3,44,1
write,1765563667511142835,211,6,4,30,0
write,1765563667511680913,227,10,5,53,1
write,1765563667514044201,223,0,1,55,0
write,1765563667514395936,228,6,4,48,1
write,1765563667514467232,230,2,3,36,1
write,1765563667514523038,220,1,2,24,0
write,1765563667514715188,232,10,5,62,1
write,1765563667514785983,221,1,2,61,0
write,1765563667515091828,231,10,5,43,1
write,1765563667516466783,224,0,1,59,0
write,1765563667516527003,235,1,2,14,1
write,1765563667516576659,233,2,3,46,1
write,1765563667518536916,238,7,5,21,1
write,1765563667518747870,236,6,4,3,1
write,1765563667518989240,237,15,6,8,1
write,1765563667521605590,229,0,1,15,0
write,1765563667521730314,234,1,2,19,0
write,1765563667521844258,240,3,3,93,1
write,1765563667522289573,243,10,5,40,1
write,1765563667524192407,246,4,4,46,1
write,1765563667524361402,249,21,7,83,1
write,1765563667526844552,242,3,3,27,0
write,1765563667526931723,251,16,7,60,1
write,1765563667527003550,239,4,4,71,0
write,1765563667528749540,241,3,3,16,0
write,1765563667528772666,255,30,10,31,1
write,1765563667529863888,245,3,3,14,0
write,1765563667530852546,248,6,4,27,0
write,1765563667530920009,258,10,5,73,1
write,1765563667531906508,250,6,4,38,0
write,1765563667532036881,247,0,1,63,0
write,1765563667533667260,260,1,2,59,1
write,1765563667533705691,261,3,3,58,1
write,1765563667533729745,263,7,5,45,1
write,1765563667533808329,244,0,1,57,0
write,1765563667533861486,262,3,3,1,1
write,1765563667533985445,252,6,4,93,0
write,1765563667535292795,253,7,5,12,0
write,1765563667535610543,254,6,4,96,0
write,1765563667536317076,257,0,1,85,0
write,1765563667536586610,266,3,3,32,1
write,1765563667537921578,259,1,2,22,0
write,1765563667538132315,267,3,3,24,1
write,1765563667538289962,269,14,7,39,1
write,1765563667541372039,256,30,10,31,0
write,1765563667541483198,270,16,7,40,1
write,1765563667541667237,273,22,8,60,1
write,1765563667542164776,274,3,3,2,1
write,1765563667542429735,277,3,3,81,1
write,1765563667542826885,275,15,6,62,1
write,1765563667543892128,265,3,3,94,0
write,1765563667544126859,264,0,1,75,0
write,1765563667544418084,280,23,8,40,1
write,1765563667546069311,272,1,2,13,1
write,1765563667546402662,268,15,6,43,0
write,1765563667546447622,282,12,7,7,1
write,1765563667546810797,281,30,10,47,1
write,1765563667547053340,284,10,5,3,1
write,1765563667547584710,287,31,9,40,1
write,1765563667548220230,271,3,3,97,0
write,1765563667549039824,278,0,1,65,0
write,1765563667549065051,289,21,7,53,1
write,1765563667549228800,276,6,4,97,0
write,1765563667552686899,279,0,1,49,0
write,1765563667552744856,283,6,4,35,0
write,1765563667553238735,291,14,8,39,1
write,1765563667553271341,285,0,1,66,0
write,1765563667554229168,294,15,6,77,1
write,1765563667554560867,286,7,5,14,0
write,1765563667554909054,296,21,7,62,1
write,1765563667555461692,288,13,7,14,0
write,1765563667556664390,298,15,6,3,1
write,1765563667557779344,299,3,3,41,1
write,1765563667558053887,304,11,6,38,1
write,1765563667559794786,292,1,2,55,0
write,1765563667559941299,309,7,5,54,1
write,1765563667559980929,306,3,3,69,1
write,1765563667560132967,290,10,5,6,0
write,1765563667560161265,307,39,10,40,1
write,1765563667562380452,310,21,7,3,1
write,1765563667562769793,295,1,2,90,0
write,1765563667562799009,293,0,1,5,0
write,1765563667564604652,297,3,3,22,0
write,1765563667565037174,314,19,8,44,1
write,1765563667565792319,301,3,3,19,0
write,1765563667568008310,300,2,3,57,0
write,1765563667568112318,302,3,3,90,0
write,1765563667568274029,303,1,2,99,0
write,1765563667570549693,318,3,3,13,1
write,1765563667570827254,305,7,5,79,0
write,1765563667571000195,308,3,3,55,0
write,1765563667573745461,311,3,3,11,0
write,1765563667573792294,321,1,2,49,1
write,1765563667574273559,312,4,4,20,0
write,1765563667574383674,313,6,4,58,0
write,1765563667574408696,315,48,12,31,0
write,1765563667574793330,316,10,5,96,0
write,1765563667576306849,326,7,5,46,1
write,1765563667576603941,329,28,8,62,1
write,1765563667576696711,328,21,7,43,1
write,1765563667578035821,333,10,5,56,1
write,1765563667578247612,317,10,5,35,0
write,1765563667579546015,337,1,2,66,1
write,1765563667579819875,339,19,9,39,1
write,1765563667580535763,320,2,3,34,0
write,1765563667580571847,336,21,7,89,1
write,1765563667580596411,322,1,2,88,0
write,1765563667580807623,340,26,12,38,1
write,1765563667582495541,341,21,7,87,1
write,1765563667583405141,323,6,4,19,0
write,1765563667583537303,345,10,5,27,1
write,1765563667583807350,325,3,3,29,0
write,1765563667583828355,319,22,8,53,0
write,1765563667584433946,343,28,8,89,1
write,1765563667585547414,324,1,2,9,0
write,1765563667585598948,347,6,4,84,1
write,1765563667587423836,327,3,3,74,0
write,1765563667587462027,331,5,4,34,0
write,1765563667589360640,334,10,5,4,0
write,1765563667589398073,330,1,2,5,0
write,1765563667589448264,349,33,13,38,1
write,1765563667589504852,332,10,5,97,0
write,1765563667591609762,353,12,7,79,1
write,1765563667591715679,360,21,7,77,1
write,1765563667591907570,354,36,9,3,1
write,1765563667593262689,359,22,8,8,1
write,1765563667594114612,338,7,5,16,0
write,1765563667594329176,344,16,7,93,0
write,1765563667594376565,335,4,4,99,0
write,1765563667594606729,342,6,4,94,0
write,1765563667596389533,346,10,5,19,0
write,1765563667597143840,348,30,10,53,0
write,1765563667597469703,363,28,8,83,1
write,1765563667597494551,365,3,3,49,1
write,1765563667597723659,366,1,2,98,1
write,1765563667598799048,350,1,2,85,0
write,1765563667599532265,352,4,4,88,0
write,1765563667600166218,351,0,1,33,0
write,1765563667600298205,356,1,2,42,0
write,1765563667601022481,375,6,4,1,1
write,1765563667602924901,357,1,2,75,0
write,1765563667603038201,358,10,5,94,0
write,1765563667603607381,370,7,5,41,1
write,1765563667603634140,362,15,6,96,0
write,1765563667603931621,361,6,4,22,0
write,1765563667604681636,355,59,14,31,0
write,1765563667605725650,379,1,2,37,1
write,1765563667608494561,380,10,5,1,1
write,1765563667609041193,382,36,9,89,1
write,1765563667609099078,385,2,3,68,1
write,1765563667611102608,389,3,3,66,1
write,1765563667611150271,364,7,5,81,0
write,1765563667611240301,371,6,4,13,0
write,1765563667611265525,384,31,10,38,1
write,1765563667611293681,368,15,6,94,0
write,1765563667615615315,367,6,4,29,0
write,1765563667616594567,394,6,4,2,1
write,1765563667616715526,369,11,6,12,0
write,1765563667617179682,395,48,11,40,1
write,1765563667618034864,399,39,12,47,1
write,1765563667618448302,396,58,12,40,1
write,1765563667618607348,372,30,9,8,0
write,1765563667618834233,374,12,6,81,0
write,1765563667621569153,373,3,3,72,0
write,1765563667621605455,377,3,3,95,0
write,1765563667625367777,378,1,2,65,0
write,1765563667625653581,376,7,5,88,0
write,1765563667625991747,404,9,7,32,1
write,1765563667626488452,401,8,6,74,1
write,1765563667627286534,403,5,5,36,1
write,1765563667628967334,383,15,6,35,0
write,1765563667629785135,409,55,11,89,1
write,1765563667630014207,381,15,6,97,0
write,1765563667630198801,386,6,4,95,0
write,1765563667633556231,387,71,15,31,0
write,1765563667634172517,410,15,6,56,1
write,1765563667635645479,393,11,6,45,0
write,1765563667636025608,419,11,6,48,1
write,1765563667637160106,391,6,4,50,0
write,1765563667637186132,397,1,2,15,0
write,1765563667637653461,398,6,4,90,0
write,1765563667637673049,390,4,4,75,0
write,1765563667637816471,414,6,4,69,1
write,1765563667638314982,388,16,7,93,0
write,1765563667638338359,392,7,5,71,0
write,1765563667648195888,430,10,5,25,1
write,1765563667648268860,428,7,5,70,1
write,1765563667648728625,400,6,4,11,0
write,1765563667649330232,407,4,4,68,0
write,1765563667649924395,433,11,6,41,1
write,1765563667649967778,402,3,3,61,0
write,1765563667650043723,424,21,7,56,1
write,1765563667650228840,408,10,5,29,0
write,1765563667650455069,406,6,4,55,0
write,1765563667650518625,435,49,12,53,1
write,1765563667650545366,405,1,2,26,0
write,1765563667653028559,415,10,5,50,0
write,1765563667654040062,412,12,7,88,0
write,1765563667654095082,418,3,3,76,0
write,1765563667654265138,417,6,4,52,0
write,1765563667654302874,420,1,2,78,0
write,1765563667655740279,441,40,16,38,1
write,1765563667663559124,426,0,1,28,0
write,1765563667663591188,411,6,4,18,0
write,1765563667663768511,413,3,3,9,0
write,1765563667664276415,416,10,5,55,0
write,1765563667664572122,421,11,6,13,0
write,1765563667664640527,448,16,7,73,1
write,1765563667664737088,442,29,9,60,1
write,1765563667665532960,451,28,8,43,1
write,1765563667665964658,446,10,5,84,1
write,1765563667670094247,453,21,7,94,1
write,1765563667670379078,460,12,7,22,1
write,1765563667670431778,456,12,7,46,1
write,1765563667674133255,429,3,3,5,0
write,1765563667674397395,422,4,4,59,0
write,1765563667675701659,432,13,8,21,0
write,1765563667677161557,425,14,9,32,0
write,1765563667677218658,423,11,6,16,0
write,1765563667677280788,427,17,8,88,0
write,1765563667677402200,436,10,5,11,0
write,1765563667677626699,434,4,4,37,0
write,1765563667678147993,431,11,6,71,0
write,1765563667681293369,439,3,3,42,0
write,1765563667683135774,437,8,5,34,0
write,1765563667683406787,440,10,5,52,0
write,1765563667683542748,438,17,8,13,0
write,1765563667686014876,471,7,5,75,1
write,1765563667686382314,472,22,8,73,1
write,1765563667686876758,484,5,5,98,1
write,1765563667688638166,485,30,9,48,1
write,1765563667688690668,487,1,2,82,1
write,1765563667688939827,483,29,9,94,1
write,1765563667690395576,443,1,2,63,0
write,1765563667690477477,449,17,8,12,0
write,1765563667690515057,444,15,6,11,0
write,1765563667690642532,480,40,13,56,1
write,1765563667690725992,450,3,3,64,0
write,1765563667693446701,447,30,10,77,0
write,1765563667694202255,445,22,8,96,0
write,1765563667698475949,458,15,6,50,0
write,1765563667698523960,454,37,10,60,0
write,1765563667698581695,452,7,5,61,0
write,1765563667698709186,455,17,8,41,0
write,1765563667699909661,457,16,7,48,0
write,1765563667699969264,461,20,9,21,0
write,1765563667700011604,459,15,6,50,0
write,1765563667703344478,462,10,5,17,0
write,1765563667703614721,493,16,7,84,1
write,1765563667703845591,463,24,9,12,0
write,1765563667704013344,464,1,2,33,0
write,1765563667704307978,466,27,8,50,0
write,1765563667704432050,465,71,15,40,0
write,1765563667713270314,467,30,10,96,0
write,1765563667713317519,469,4,4,51,0
write,1765563667713339382,470,7,5,49,0
write,1765563667713368776,468,16,7,16,0
write,1765563667713452259,500,29,9,73,1
write,1765563667718715396,481,8,6,37,0
write,1765563667718748741,511,10,5,69,1
write,1765563667718841669,476,4,4,23,0
write,1765563667719020308,477,10,5,66,0
write,1765563667719191012,475,6,4,92,0
write,1765563667719283581,478,6,4,9,0
write,1765563667719351399,474,7,5,24,0
write,1765563667719384113,473,6,4,66,0
write,1765563667721023903,482,9,7,68,0
write,1765563667721173762,508,48,13,47,1
write,1765563667722754287,486,8,6,42,0
write,1765563667722805045,479,40,12,77,0
write,1765563667722834520,513,32,15,7,1
write,1765563667724177146,488,16,7,6,0
write,1765563667724341007,490,3,3,86,0
write,1765563667724780345,489,4,4,57,0
write,1765563667726140184,491,23,9,93,0
write,1765563667732211238,492,15,6,66,0
write,1765563667736336139,528,3,3,65,1
write,1765563667738182102,494,6,4,5,0
write,1765563667740287347,497,19,9,14,0
write,1765563667740431549,495,11,6,61,0
write,1765563667740646876,496,32,11,12,0
write,1765563667740749469,499,12,7,18,0
write,1765563667740774247,530,21,12,32,1
write,1765563667743616251,532,29,9,87,1
write,1765563667747191570,501,3,4,78,0
write,1765563667747313002,502,12,6,34,0
write,1765563667748115840,498,16,7,71,0
write,1765563667749768184,505,10,5,95,0
write,1765563667755735228,509,11,6,5,0
write,1765563667755830159,503,8,6,59,0
write,1765563667755868865,506,15,6,29,0
write,1765563667755897020,504,56,12,89,0
write,1765563667755995820,510,38,10,8,0
write,1765563667756021391,507,10,7,23,0
write,1765563667757897524,518,27,11,21,0
write,1765563667758027466,512,15,6,52,0
write,1765563667759531734,516,23,9,41,0
write,1765563667759833964,515,16,7,61,0
write,1765563667760232917,549,13,8,68,1
write,1765563667760507011,514,10,5,9,0
write,1765563667763012066,517,7,5,72,0
write,1765563667763933990,521,49,13,77,0
write,1765563667764139902,524,14,8,37,0
write,1765563667764991412,545,16,7,27,1
write,1765563667765038235,519,2,3,80,0
write,1765563667766979111,529,11,6,24,0
write,1765563667767416960,523,25,10,39,0
write,1765563667768205025,520,84,17,40,0
write,1765563667770200330,526,9,7,98,0
write,1765563667770546827,527,8,6,99,0
write,1765563667770616705,525,7,5,10,0
write,1765563667774724446,522,17,8,23,0
write,1765563667776579700,531,43,14,12,0
write,1765563667777911964,536,7,5,57,0
write,1765563667778313331,533,16,7,55,0
write,1765563667780953688,538,5,4,80,0
write,1765563667781084640,535,11,6,90,0
write,1765563667781166138,543,18,9,46,0
write,1765563667781240417,534,31,11,48,0
write,1765563667784416048,542,15,6,95,0
write,1765563667784871515,539,23,9,13,0
write,1765563667789812096,541,6,4,86,0
write,1765563667790061086,540,83,16,31,0
write,1765563667790577761,537,38,10,87,0
write,1765563667790669514,547,23,9,88,0
write,1765563667793980060,577,41,14,96,1
write,1765563667794592522,552,5,5,78,0
write,1765563667794970673,546,21,7,35,0
write,1765563667796119491,551,27,12,7,0
write,1765563667796660856,544,10,5,58,0
write,1765563667797289411,550,23,9,71,0
write,1765563667798255548,548,6,4,64,0
write,1765563667798543472,556,8,5,80,0
write,1765563667799969254,557,3,3,85,0
write,1765563667800382587,559,8,6,78,0
write,1765563667801022354,553,17,7,5,0
write,1765563667801163893,558,42,14,48,0
write,1765563667802159730,555,14,8,98,0
write,1765563667802572269,560,12,7,72,0
write,1765563667804923520,554,36,10,50,0
write,1765563667811755319,561,39,12,73,0
write,1765563667812272420,564,17,7,34,0
write,1765563667812778018,566,5,4,91,0
write,1765563667814466999,563,28,8,35,0
write,1765563667816912362,598,39,16,49,1
write,1765563667818711193,567,56,18,12,0
write,1765563667818967697,568,51,14,73,0
write,1765563667819682969,565,2,3,91,0
write,1765563667819995874,562,12,7,92,0
write,1765563667820563040,570,18,9,68,0
write,1765563667822247608,573,6,4,85,0
write,1765563667823929521,574,10,5,64,0
write,1765563667824008539,571,98,18,40,0
write,1765563667824094951,569,23,8,34,0
write,1765563667824236825,572,34,12,21,0
write,1765563667824353639,576,30,10,71,0
write,1765563667826562470,581,8,5,91,0
write,1765563667828428439,578,3,4,26,0
write,1765563667828576914,580,15,6,19,0
write,1765563667829394909,603,51,16,96,1
write,1765563667830527659,585,11,6,75,0
write,1765563667830729984,582,13,8,59,0
write,1765563667831429260,575,48,12,87,0
write,1765563667831636216,584,31,11,93,0
write,1765563667832331125,579,19,10,18,0
write,1765563667832536321,590,11,6,2,0
write,1765563667834043410,592,112,19,40,0
write,1765563667834376785,588,23,11,10,0
write,1765563667834894271,587,45,11,50,0
write,1765563667834961666,596,17,7,2,0
write,1765563667835611275,615,61,17,96,1
write,1765563667836329013,594,38,11,71,0
write,1765563667836377204,595,6,4,76,0
write,1765563667836850264,589,55,12,50,0
write,1765563667836971384,591,63,15,73,0
write,1765563667837625167,583,24,10,6,0
write,1765563667838136422,586,30,10,13,0
write,1765563667838601285,593,15,6,58,0
write,1765563667839564572,622,8,5,100,1
write,1765563667840143845,597,21,7,95,0
write,1765563667845950157,600,24,9,5,0
write,1765563667847746751,601,19,9,98,0
write,1765563667852220581,602,38,11,83,0
write,1765563667855361600,605,4,4,33,0
write,1765563667856026853,630,66,19,12,1
write,1765563667857878930,606,11,6,70,0
write,1765563667858226868,599,18,8,92,0
write,1765563667859412536,610,31,11,41,0
write,1765563667859638625,636,15,6,25,1
write,1765563667860176205,609,37,10,94,0
write,1765563667860410581,608,37,10,43,0
write,1765563667860452578,611,23,8,2,0
write,1765563667860509972,607,16,7,70,0
write,1765563667870169820,641,48,13,53,1
write,1765563667870216703,604,16,7,1,0
write,1765563667871116864,632,31,12,100,1
write,1765563667871174324,617,22,8,11,0
write,1765563667871589760,612,68,14,89,0
write,1765563667871652462,613,31,11,88,0
write,1765563667876736339,619,4,4,100,0
write,1765563667877011867,652,21,7,25,1
write,1765563667877033371,618,12,7,78,0
write,1765563667877124273,614,8,6,20,0
write,1765563667877298573,623,22,8,19,0
write,1765563667877618300,624,22,8,84,0
write,1765563667877775915,616,46,11,43,0
write,1765563667877830023,620,13,10,15,0
write,1765563667878172449,625,8,5,33,0
write,1765563667878407751,648,77,20,12,1
write,1765563667878453531,656,38,13,100,1
write,1765563667885467440,626,10,6,15,0
write,1765563667885647251,621,24,9,92,0
write,1765563667886008930,628,11,6,30,0
write,1765563667886593781,633,18,9,78,0
write,1765563667887195755,629,30,9,34,0
write,1765563667887422333,663,58,14,53,1
write,1765563667887464834,627,48,12,83,0
write,1765563667887664435,661,34,13,18,1
write,1765563667887702217,631,72,18,96,0
write,1765563667887807825,634,31,10,5,0
write,1765563667903871129,635,34,13,7,0
write,1765563667904957640,640,22,8,61,0
write,1765563667906720916,639,26,12,68,0
write,1765563667906844508,646,46,11,94,0
write,1765563667907003717,638,16,7,69,0
write,1765563667907803350,653,13,7,91,0
write,1765563667908361621,651,17,8,22,0
write,1765563667908405800,649,12,7,42,0
write,1765563667908459365,658,30,10,95,0
write,1765563667915971122,637,3,3,63,0
write,1765563667916062202,665,16,7,4,0
write,1765563667916394905,650,22,8,16,0
write,1765563667916497538,644,17,9,15,0
write,1765563667916643280,657,23,9,97,0
write,1765563667917041823,645,17,8,90,0
write,1765563667917373303,642,13,7,80,0
write,1765563667917397584,659,14,9,44,0
write,1765563667917429065,662,25,11,46,0
write,1765563667917519884,664,16,7,30,0
write,1765563667918325986,654,59,14,77,0
write,1765563667918508109,647,51,15,48,0
write,1765563667920274280,655,38,10,34,0
write,1765563667921381664,643,16,7,17,0
write,1765563667923058407,660,26,12,18,0
write,1765563667923255538,668,22,9,23,0
write,1765563667923357495,666,36,9,62,0
write,1765563667925422298,667,18,8,81,0
write,1765563667927328269,670,22,8,27,0
write,1765563667930186201,669,23,9,30,0
write,1765563667930407010,671,14,9,99,0
write,1765563667933000951,672,127,20,40,0
write,1765563667943998097,674,2,3,82,0
write,1765563667947463586,677,15,6,9,0
write,1765563667949710746,705,39,12,3,1
write,1765563667950146239,676,21,7,52,0
write,1765563667950460820,673,89,21,12,0
write,1765563667953493596,675,31,10,30,0
write,1765563667954035480,678,80,15,89,0
write,1765563667954321003,680,76,18,73,0
write,1765563667956003090,685,19,10,72,0
write,1765563667957958959,683,21,12,10,0
write,1765563667960201419,682,17,8,45,0
write,1765563667960329462,689,6,4,63,0
write,1765563667960869102,703,25,11,55,0
write,1765563667961194271,692,45,10,62,0
write,1765563667964096075,696,54,16,21,0
write,1765563667964138308,713,42,14,18,1
write,1765563667964434136,684,39,12,13,0
write,1765563667965629938,690,31,10,92,0
write,1765563667965667966,688,29,9,84,0
write,1765563667965715770,693,31,11,6,0
write,1765563667967039763,699,1,2,28,0
write,1765563667968093050,687,43,14,21,0
write,1765563667968655627,686,20,10,37,0
write,1765563667968914519,679,17,8,75,0
write,1765563667969901654,695,26,10,81,0
write,1765563667969956921,681,11,6,54,0
write,1765563667970311134,691,20,11,44,0
write,1765563667970559681,706,8,6,36,0
write,1765563667973278031,697,27,12,44,0
write,1765563667975585962,698,24,9,45,0
write,1765563667975863531,700,3,3,28,0
write,1765563667976624882,721,4,4,67,0
write,1765563667976651909,712,13,7,33,0
write,1765563667983611272,716,29,9,19,0
write,1765563667983772163,704,59,14,83,0
write,1765563667983976156,694,47,11,8,0
write,1765563667984755568,707,13,8,74,0
write,1765563667984950939,719,19,10,79,0
write,1765563667985256280,710,36,14,44,0
write,1765563667985279342,715,7,7,26,0
write,1765563667985307394,711,51,15,38,0
write,1765563667985334583,701,27,13,32,0
write,1765563667986490787,702,8,6,51,0
write,1765563667986903129,733,10,5,76,0
write,1765563667987013176,731,39,11,5,0
write,1765563667987050268,723,39,12,41,0
write,1765563667987126119,734,19,9,91,0
write,1765563667987703271,722,26,11,14,0
write,1765563667988049145,732,11,6,86,0
write,1765563667988323817,735,16,7,64,0
write,1765563667988910560,724,112,21,89,0
write,1765563667989202155,709,28,13,10,0
write,1765563667989945902,717,17,8,24,0
write,1765563667990130977,725,25,10,98,0
write,1765563667991883209,720,23,9,69,0
write,1765563667993190519,742,59,15,47,1
write,1765563667994733695,708,38,14,35,0
write,1765563667999366011,729,19,9,80,0
write,1765563668000828779,727,25,11,78,0
write,1765563668001383518,714,144,24,40,0
write,1765563668004404119,736,13,8,20,0
write,1765563668007730219,718,21,12,49,0
write,1765563668010601956,728,46,11,60,0
write,1765563668011130301,738,23,11,15,0
write,1765563668011238024,726,162,25,40,0
write,1765563668012152923,746,8,6,67,0
write,1765563668013337313,744,39,11,92,0
write,1765563668013645757,752,30,9,2,0
write,1765563668013675138,730,88,19,73,0
write,1765563668016245855,743,22,8,70,0
write,1765563668017048345,737,46,16,44,0
write,1765563668017078647,748,15,6,76,0
write,1765563668017305310,745,32,11,45,0
write,1765563668017387387,739,56,12,43,0
write,1765563668018582519,756,52,16,18,1
write,1765563668019805226,757,23,9,1,0
write,1765563668020373624,750,18,9,20,0
write,1765563668021079042,740,57,12,8,0
write,1765563668021190181,751,11,9,26,0
write,1765563668024239602,749,70,16,53,0
write,1765563668024986009,754,22,8,4,0
write,1765563668027225476,763,32,12,78,0
write,1765563668027513866,755,18,9,59,0
write,1765563668028196747,747,48,12,5,0
write,1765563668028959190,741,182,25,40,0
write,1765563668029067686,761,29,12,100,0
write,1765563668029521544,762,34,13,14,0
write,1765563668029702379,758,64,17,21,0
write,1765563668033526944,759,68,13,8,0
write,1765563668034131442,770,96,25,83,0
write,1765563668034188279,766,58,13,5,0
write,1765563668034321040,764,33,12,14,0
write,1765563668036069373,776,22,8,66,0
write,1765563668036404749,767,58,13,5,0
write,1765563668037309457,760,26,12,79,0
write,1765563668037372872,769,29,9,52,0
write,1765563668037682404,753,102,22,12,0
write,1765563668039435241,778,82,17,53,0
write,1765563668039498170,768,22,8,17,0
write,1765563668040479295,772,17,8,42,0
write,1765563668040584883,774,34,13,98,0
write,1765563668040615284,780,37,10,52,0
write,1765563668045002123,783,35,14,79,0
write,1765563668045644754,775,33,13,68,0
write,1765563668045712895,781,48,13,13,0
write,1765563668046471851,794,75,18,21,0
write,1765563668050034249,779,39,12,6,0
write,1765563668050378308,805,100,20,83,1
write,1765563668050458010,803,21,12,99,1
write,1765563668050629175,771,25,11,75,0
write,1765563668050653167,795,23,9,24,0
write,1765563668050671477,786,62,17,48,0
write,1765563668050834018,798,38,10,2,0
write,1765563668052436734,784,58,13,87,0
write,1765563668052737258,790,22,8,66,0
write,1765563668053231153,791,47,12,35,0
write,1765563668053321586,787,109,18,89,0
write,1765563668054047569,792,15,10,26,0
write,1765563668054067792,804,39,12,93,0
write,1765563668055085002,773,29,9,16,0
write,1765563668056190604,765,21,7,29,0
write,1765563668056287648,785,38,11,56,0
write,1765563668057265813,777,29,12,15,0
write,1765563668058073008,806,97,18,31,0
write,1765563668060272525,825,51,21,55,1
write,1765563668060671442,801,86,19,83,0
write,1765563668062322246,822,11,6,85,1
write,1765563668065091807,811,11,6,63,0
write,1765563668065809928,807,20,11,26,0
write,1765563668066316569,793,53,15,19,0
write,1765563668066436190,808,46,11,52,0
write,1765563668069350107,815,38,11,66,0
write,1765563668069555517,810,80,14,8,0
write,1765563668069781098,800,49,14,6,0
write,1765563668069824987,789,82,17,53,0
write,1765563668069928051,809,49,14,3,0
write,1765563668069976710,788,56,12,94,0
write,1765563668070987208,799,28,10,23,0
write,1765563668072970472,814,55,11,62,0
write,1765563668073154875,816,51,16,14,0
write,1765563668073174759,796,27,12,37,0
write,1765563668073467513,828,146,24,89,1
write,1765563668074575210,835,26,11,91,1
write,1765563668075316351,812,38,11,16,0
write,1765563668075396898,824,29,9,61,0
write,1765563668075508400,813,52,14,19,0
write,1765563668075559431,821,58,14,60,0
write,1765563668079012863,782,40,13,78,0
write,1765563668079041352,819,37,14,15,0
write,1765563668079132680,797,69,14,87,0
write,1765563668079173457,817,44,16,79,0
write,1765563668079285041,802,21,7,76,0
write,1765563668079362837,820,29,9,4,0
write,1765563668082387205,830,70,15,60,0
write,1765563668084267977,823,61,16,3,0
write,1765563668085946806,826,23,9,42,0
write,1765563668086189746,862,70,16,47,1
write,1765563668086624652,859,48,23,99,1
write,1765563668089721004,861,30,10,11,1
write,1765563668089944583,818,29,9,4,0
write,1765563668090000846,852,37,14,100,1
write,1765563668091108577,833,12,7,67,0
write,1765563668092331414,838,43,15,10,0
write,1765563668093799334,834,30,10,42,0
write,1765563668094608896,837,21,7,58,0
write,1765563668094749838,832,117,24,12,0
write,1765563668094885322,841,45,11,4,0
write,1765563668095393155,831,34,14,46,0
write,1765563668095418608,829,35,14,10,0
write,1765563668095609256,840,30,10,27,0
write,1765563668095714383,853,16,7,63,0
write,1765563668097432416,839,25,10,80,0
write,1765563668098038141,869,39,11,11,1
write,1765563668098434151,851,59,13,2,0
write,1765563668100192326,845,48,12,2,0
write,1765563668100802660,850,35,14,37,0
write,1765563668100860456,836,81,15,87,0
write,1765563668102098980,844,37,13,23,0
write,1765563668103114071,847,16,7,86,0
write,1765563668103388224,860,38,11,95,0
write,1765563668103403812,863,26,12,26,1
write,1765563668108000070,842,12,7,36,0
write,1765563668108070823,843,13,8,51,1
write,1765563668109674309,854,11,6,57,0
write,1765563668110526063,846,33,12,39,0
write,1765563668110755699,827,42,14,7,0
write,1765563668111554709,858,19,13,74,0
write,1765563668122826356,882,33,12,91,1
write,1765563668122948290,864,30,10,76,0
write,1765563668123106914,873,49,14,41,0
write,1765563668123898031,866,47,12,66,0
write,1765563668124270787,868,109,20,53,0
write,1765563668125188028,857,59,15,13,0
write,1765563668125227075,856,47,14,23,0
write,1765563668125328991,870,16,7,57,0
write,1765563668126166706,849,61,17,14,0
write,1765563668126585602,875,17,8,36,0
write,1765563668126703982,881,51,16,78,1
write,1765563668128470640,887,23,9,36,0
write,1765563668128581781,879,60,15,41,0
write,1765563668128611950,848,25,11,72,0
write,1765563668128684334,855,66,13,50,0
write,1765563668134446082,883,48,13,93,0
write,1765563668135167637,871,37,10,84,0
write,1765563668135398361,880,32,12,72,0
write,1765563668135589607,905,45,15,100,1
write,1765563668136625652,867,133,25,12,0
write,1765563668136875104,888,48,13,56,0
write,1765563668136926110,865,25,11,22,0
write,1765563668136951087,901,52,17,55,1
write,1765563668137644336,897,62,17,18,1
write,1765563668137822804,872,201,26,40,0
write,1765563668139129233,874,40,11,76,0
write,1765563668140820490,898,88,19,2,0
write,1765563668141361087,906,102,21,73,0
write,1765563668146901147,878,47,12,95,0
write,1765563668146950003,893,62,15,19,0
write,1765563668149776817,895,81,16,5,0
write,1765563668151330687,885,221,27,40,0
write,1765563668153388521,876,17,8,54,0
write,1765563668153583323,877,94,16,87,0
write,1765563668154312628,886,57,14,4,0
write,1765563668155336016,907,57,13,35,0
write,1765563668155761239,918,42,14,98,0
write,1765563668155802162,938,42,15,46,1
write,1765563668156012787,899,74,19,13,0
write,1765563668156127803,908,29,9,17,0
write,1765563668158225668,889,7,5,28,0
write,1765563668158581527,909,95,17,8,0
write,1765563668159241766,894,67,13,43,0
write,1765563668160099451,890,18,8,33,0
write,1765563668160798786,884,39,12,88,0
write,1765563668161298300,896,40,13,72,0
write,1765563668163763142,900,16,7,85,1
write,1765563668164263704,913,82,17,47,0
write,1765563668164461161,934,73,18,3,1
write,1765563668164557521,903,33,13,75,0
write,1765563668164976744,911,80,15,43,0
write,1765563668165117369,935,18,9,51,0
write,1765563668165664382,902,28,14,49,0
write,1765563668166710395,937,28,8,25,0
write,1765563668166859601,930,65,21,20,1
write,1765563668167653502,891,29,9,70,0
write,1765563668169135196,943,67,13,94,1
write,1765563668169247097,922,61,16,38,0
write,1765563668170644776,904,46,16,15,0
write,1765563668170680078,910,111,19,31,0
write,1765563668170991568,916,41,14,26,0
write,1765563668171260129,932,66,12,62,0
write,1765563668171653720,914,33,13,26,0
write,1765563668172132374,924,22,8,57,0
write,1765563668174876012,926,59,19,45,1
write,1765563668175046551,919,74,19,18,1
write,1765563668175364897,912,95,17,5,0
write,1765563668178661840,915,25,11,54,0
write,1765563668179082532,925,124,21,53,0
write,1765563668179141758,927,126,20,31,0
write,1765563668179391432,940,59,15,6,0
write,1765563668179466770,917,110,18,5,0
write,1765563668179711396,892,43,16,55,1
write,1765563668180496625,921,74,19,18,0
write,1765563668181193226,941,5,5,82,0
write,1765563668182451414,957,75,20,52,1
write,1765563668183272388,920,74,19,18,0
write,1765563668185793512,939,42,14,91,0
write,1765563668186383583,928,30,10,69,0
write,1765563668187065558,944,22,8,64,0
write,1765563668188621509,923,79,15,50,0
write,1765563668188921674,929,34,13,54,0
write,1765563668191274767,945,47,12,16,0
write,1765563668191931351,949,57,13,16,0
write,1765563668193538002,931,49,13,34,0
write,1765563668194483481,966,41,14,68,0
write,1765563668195160089,936,87,20,13,0
write,1765563668196142354,947,51,15,7,0
write,1765563668196573005,964,86,19,3,1
write,1765563668200047926,981,29,9,86,0
write,1765563668200883149,962,30,10,1,0
write,1765563668202672141,950,26,12,59,0
write,1765563668202908151,960,24,10,90,0
write,1765563668204250147,958,9,6,82,0
write,1765563668204300479,951,84,19,96,0
write,1765563668204378157,946,109,18,8,0
write,1765563668205014827,954,126,20,5,0
write,1765563668205156527,961,51,15,98,0
write,1765563668205291026,978,57,19,15,1
write,1765563668209359956,952,61,17,78,0
write,1765563668209511266,984,57,13,66,0
write,1765563668209545095,972,44,16,37,0
write,1765563668209719834,975,176,34,5,0
write,1765563668209948601,942,24,10,51,0
write,1765563668210368069,979,116,22,73,0
write,1765563668210558793,980,69,15,56,0
write,1765563668213369037,970,25,11,74,0
write,1765563668213395825,983,32,12,74,0
write,1765563668213431695,993,74,19,48,1
write,1765563668213488010,971,23,9,9,0
write,1765563668213793010,953,109,18,87,0
write,1765563668214050121,948,28,8,58,0
write,1765563668214318092,933,55,17,44,0
write,1765563668215721628,995,74,19,48,1
write,1765563668216502018,955,73,19,14,0
write,1765563668216797380,994,99,20,3,1
write,1765563668217201496,956,125,19,87,0
write,1765563668217615801,986,54,17,45,0
write,1765563668218201261,976,57,19,15,1
write,1765563668218553121,973,49,14,72,0
write,1765563668218813004,998,38,11,1,0
write,1765563668219472457,1005,87,19,21,1
write,1765563668220869009,965,58,14,56,0
write,1765563668221464175,967,68,14,16,0
write,1765563668223467904,988,69,15,35,0
write,1765563668224850481,987,49,14,71,0
write,1765563668225571735,963,93,16,43,0
write,1765563668225845549,989,80,15,16,0
write,1765563668226772403,1003,14,8,82,0
write,1765563668227767174,968,65,18,44,0
write,1765563668229072540,1000,79,21,15,0
write,1765563668230501950,996,23,9,85,0
write,1765563668231528750,990,65,18,45,0
write,1765563668232895234,969,40,12,30,0
write,1765563668234529716,992,30,10,36,0
write,1765563668234699341,1001,50,15,26,0
write,1765563668238008183,999,47,12,1,0
write,1765563668239745901,1023,98,21,62,0
write,1765563668241725529,1004,68,14,66,0
write,1765563668241914279,974,49,13,92,0
write,1765563668243029830,977,22,8,86,0
write,1765563668243482264,1009,150,27,12,0
write,1765563668246616449,1002,35,14,59,0
write,1765563668248664398,959,114,23,18,0
write,1765563668249525579,1011,70,15,77,0
write,1765563668250168964,985,53,17,37,0
write,1765563668251817318,1006,54,18,10,0
write,1765563668253320894,1016,81,16,56,0
write,1765563668255459306,1010,37,10,58,0
write,1765563668255551398,1028,96,19,47,0
write,1765563668255651594,1015,76,19,45,0
write,1765563668255702430,1014,142,21,87,0
write,1765563668255979722,1020,70,21,76,0
write,1765563668256249110,1026,84,17,2,1
write,1765563668256529492,991,32,11,90,0
write,1765563668257755644,1019,59,15,71,0
write,1765563668258838334,1021,11,6,28,0
write,1765563668259143667,1007,24,9,33,0
write,1765563668260005405,1013,49,13,11,0
write,1765563668263737104,1042,42,13,9,0
write,1765563668264147926,1012,38,11,27,0
write,1765563668264502845,1030,36,9,25,0
write,1765563668267584324,1022,54,16,100,1
write,1765563668268025508,1059,102,31,38,0
write,1765563668268167777,1025,28,8,29,0
write,1765563668268204718,1037,58,14,93,0
write,1765563668268390516,1024,51,16,68,0
write,1765563668268416515,1040,35,13,81,0
write,1765563668268769712,982,86,20,14,0
write,1765563668269126852,1029,143,22,31,0
write,1765563668271423570,1008,57,16,23,0
write,1765563668272111199,1055,119,26,96,0
write,1765563668273731572,997,32,10,9,0
write,1765563668274166618,1044,72,18,78,0
write,1765563668274511429,1034,129,24,18,0
write,1765563668274728200,1018,88,20,45,0
write,1765563668274762795,1043,77,20,92,0
write,1765563668275199691,1032,38,11,42,0
write,1765563668275296879,1031,48,13,27,0
write,1765563668276478430,1051,34,14,32,0
write,1765563668276517587,1038,35,15,20,1
write,1765563668276656158,1036,61,16,98,0
write,1765563668277492974,1053,64,17,100,1
write,1765563668281872496,1035,39,12,69,0
write,1765563668283594863,1039,53,17,79,0
write,1765563668286375396,1048,98,18,2,0
write,1765563668287069360,1080,35,17,82,1
write,1765563668290624954,1041,29,9,64,0
write,1765563668292199854,1064,76,19,44,0
write,1765563668292643244,1049,18,9,67,0
write,1765563668295357553,1017,33,13,22,0
write,1765563668296012156,1054,94,16,62,0
write,1765563668299078347,1047,7,5,65,0
write,1765563668300190414,1046,17,8,28,0
write,1765563668300224497,1093,114,24,3,1
write,1765563668302948666,1057,47,12,84,0
write,1765563668303137847,1027,59,14,34,0
write,1765563668304741346,1070,273,33,40,0
write,1765563668307075535,1068,43,14,97,1
write,1765563668312208393,1045,92,23,15,1
write,1765563668313400319,1073,37,17,99,1
write,1765563668319312707,1103,28,12,82,1
write,1765563668330208944,1108,145,25,18,1
write,1765563668335964536,1095,43,15,59,1
