write,1748644583,96,0
write,3004244461,12,1
write,212219125,21,2
write,25574515,34,3
write,22000761,25,4
write,25284604,31,5
write,24931038,90,6
write,39722920,21,7
write,21395647,27,8
write,25699733,2,9
write,16742409,7,10
write,33668521,33,11
write,36576850,96,12
write,86713269,39,13
write,36954124,70,14
write,67356356,34,15
write,51808297,75,16
write,80046466,24,17
write,98898470,2,18
write,81377986,86,19
write,52232209,97,20
write,223621397,86,21
write,357971250,73,22
write,381511773,40,23
write,919813180,40,24
write,515064535,46,25
write,601538284,23,26
write,904778951,22,27
write,16565161,98,28
write,430182,78,29
write,385119,17,30
write,393787,78,31
write,396520,61,32
write,401401,90,33
write,341651,100,34
write,395198,39,35
write,396565,70,36
write,409205,43,37
write,381899,16,38
write,366200,99,39
write,366227,58,40
write,389030,69,41
write,144778975,58,42
write,319770,29,43
write,314471,10,44
write,347689,32,45
write,324000,30,46
write,295996,38,47
write,329456,34,48
write,298062,17,49
write,318480,71,50
write,407724,88,51
write,381973,24,52
write,168425719,23,53
write,371313,7,54
write,329150,14,55
write,393458,99,56
write,290398,10,57
write,321430,88,58
write,341141,90,59
write,338475,24,60
write,311472,75,61
write,344457,70,62
write,299363,11,63
write,132441244,91,64
write,382049,89,65
write,366462,79,66
write,289377,78,67
write,343902,30,68
write,311918,32,69
write,474373,37,70
write,322389,21,71
write,310243,54,72
write,330488,98,73
write,310890,82,74
write,111543088,92,75
write,442782,42,76
write,358258,86,77
write,339697,78,78
write,328445,34,79
write,339249,5,80
write,293080,98,81
write,309875,95,82
write,336357,34,83
write,347799,46,84
write,296221,42,85
write,293332,74,86
write,300949,5,87
write,319985,65,88
write,316412,7,89
write,404605,67,90
write,341068,27,91
write,343185,6,92
write,300861,3,93
write,344573,96,94
write,309764,67,95
write,315440,31,96
write,334660,74,97
write,325438,83,98
write,92460720,42,99
write,393244,26,100
write,318092,32,101
write,352313,42,102
write,309831,10,103
write,296983,67,104
write,321606,91,105
write,306271,35,106
write,331188,46,107
write,343284,27,108
write,328791,74,109
write,327823,87,110
write,158788802,72,111
write,329728,83,112
write,377607,89,113
write,331807,83,114
write,331176,4,115
write,323469,26,116
write,306484,86,117
write,300968,63,118
write,378391,58,119
write,326149,74,120
write,297122,67,121
write,363820,93,122
write,302769,62,123
write,337764,98,124
write,351258,77,125
write,337231,91,126
write,188497957,70,127
write,347740,52,128
write,341222,14,129
write,323503,69,130
write,284821,63,131
write,366724,59,132
write,340964,82,133
write,301096,55,134
write,321973,10,135
write,325137,76,136
write,338161,92,137
write,80401534,6,138
write,362344,8,139
write,326781,92,140
write,306129,1,141
write,362568,46,142
write,331031,36,143
write,310725,43,144
write,330426,20,145
write,300153,58,146
write,294491,97,147
write,339849,72,148
write,290358,34,149
write,148592936,27,150
write,323849,76,151
write,330643,63,152
write,340886,73,153
write,312108,74,154
write,349917,35,155
write,365960,52,156
write,281662,9,157
write,337242,82,158
write,301343,58,159
write,311112,30,160
write,116462790,75,161
write,332792,91,162
write,320664,28,163
write,298074,49,164
write,306401,37,165
write,332551,64,166
write,282997,65,167
write,284145,21,168
write,297541,82,169
write,318593,70,170
write,310569,18,171
write,293679,38,172
write,128486348,96,173
write,403184,62,174
write,352069,94,175
write,350677,22,176
write,319408,96,177
write,288664,31,178
write,321479,73,179
write,347055,57,180
write,276826,7,181
write,313998,96,182
write,325399,3,183
write,302595,41,184
write,89608572,27,185
write,354622,20,186
write,303576,15,187
write,26294274,12,188
write,328661,16,189
write,349224,10,190
write,290314,82,191
write,314746,19,192
write,302837,37,193
write,319734,65,194
write,309781,72,195
write,284231,84,196
write,338376,80,197
write,296385,97,198
write,95555972,23,199
write,409155,76,200
write,52418939,20,201
write,380980,97,202
write,346015,60,203
write,326078,32,204
write,336267,7,205
write,321548,51,206
write,298912,82,207
write,312780,42,208
write,285774,97,209
write,308060,6,210
write,89141258,24,211
write,367698,78,212
write,281600,45,213
write,287975,13,214
write,310086,94,215
write,313239,98,216
write,317396,97,217
write,288270,53,218
write,328880,92,219
write,304639,58,220
write,290021,26,221
write,283946,98,222
write,120514796,85,223
write,376267,49,224
write,307497,81,225
write,311400,6,226
write,320710,76,227
write,295357,46,228
write,339209,12,229
write,307122,7,230
write,328778,97,231
write,368094,63,232
write,490673,56,233
write,120486090,8,234
write,375222,12,235
write,301618,78,236
write,312175,63,237
write,299983,91,238
write,339295,4,239
write,309277,74,240
write,293696,95,241
write,295524,54,242
write,282266,18,243
write,316451,21,244
write,309880,31,245
write,144570565,14,246
write,357003,9,247
write,312484,61,248
write,353330,15,249
write,352862,94,250
write,345266,27,251
write,313849,89,252
write,315480,96,253
write,338696,45,254
write,321839,26,255
write,323501,98,256
write,116528134,80,257
write,382676,90,258
write,310408,98,259
write,443934,97,260
write,334039,72,261
write,294331,70,262
write,309749,43,263
write,294924,54,264
write,316136,94,265
write,338054,7,266
write,297530,22,267
write,120487698,47,268
write,395303,70,269
write,322161,44,270
write,314384,92,271
write,325262,69,272
write,295096,86,273
write,300322,65,274
write,315916,40,275
write,327889,29,276
write,294788,66,277
write,308727,65,278
write,307905,38,279
write,124733874,4,280
write,357143,34,281
write,315445,42,282
write,306633,98,283
write,296987,59,284
write,317328,7,285
write,297783,60,286
write,324758,23,287
write,322314,36,288
write,301083,82,289
write,352716,22,290
write,108494304,18,291
write,335836,2,292
write,299061,74,293
write,330064,76,294
write,314420,26,295
write,298225,62,296
write,307193,88,297
write,294518,16,298
write,320224,81,299
write,386626,10,300
write,347710,13,301
write,292108,60,302
write,116507244,90,303
write,302105,85,304
write,313558,7,305
write,284975,93,306
write,316849,52,307
write,293665,7,308
write,283548,2,309
write,330695,22,310
write,289482,4,311
write,301326,4,312
write,278051,3,313
write,285198,95,314
write,116498854,67,315
write,333285,2,316
write,299600,51,317
write,353947,95,318
write,295193,79,319
write,306030,19,320
write,314292,23,321
write,323063,44,322
write,318191,65,323
write,332933,14,324
write,297935,29,325
write,300587,45,326
write,128466569,20,327
write,321778,43,328
write,342072,97,329
write,299445,4,330
write,328887,78,331
write,306637,63,332
write,296394,21,333
write,287707,60,334
write,308855,78,335
write,284334,5,336
write,278279,92,337
write,281289,1,338
write,131787392,49,339
write,343036,45,340
write,346300,74,341
write,377540,66,342
write,286118,65,343
write,312171,93,344
write,389726,48,345
write,303570,41,346
write,317088,91,347
write,307069,11,348
write,286106,67,349
write,304480,44,350
write,313498,89,351
write,289627,5,352
write,148563978,89,353
write,339627,28,354
write,287327,37,355
write,306545,99,356
write,290116,49,357
write,318498,28,358
write,310501,11,359
write,302641,50,360
write,285531,81,361
write,272641,54,362
write,315278,49,363
write,278135,90,364
write,120561497,85,365
write,335740,6,366
write,300497,99,367
write,288907,46,368
write,316700,26,369
write,319450,90,370
write,327240,9,371
write,299315,94,372
write,280565,30,373
write,281349,45,374
write,330299,94,375
write,290201,39,376
write,112482849,15,377
write,339121,97,378
write,300648,52,379
write,296139,88,380
write,317738,35,381
write,326145,87,382
write,300255,44,383
write,306228,41,384
write,312116,73,385
write,320567,87,386
write,291871,64,387
write,333752,10,388
write,123775127,81,389
write,318784,11,390
write,305260,49,391
write,300204,3,392
write,340701,64,393
write,292600,57,394
write,329807,36,395
write,315980,52,396
write,305373,87,397
write,296920,12,398
write,300491,82,399
write,307271,86,400
write,325167,67,401
write,296884,20,402
write,136466563,20,403
write,367175,1,404
write,298438,35,405
write,303427,51,406
write,289744,66,407
write,337240,43,408
write,360386,31,409
write,302385,63,410
write,311237,42,411
write,312932,65,412
write,322727,99,413
write,316856,53,414
write,116494535,71,415
write,322850,31,416
write,299958,21,417
write,309023,23,418
write,308883,88,419
write,299111,87,420
write,290018,79,421
write,328493,90,422
write,299140,4,423
write,295843,4,424
write,339662,93,425
write,290298,32,426
write,136487061,47,427
write,326652,59,428
write,330009,28,429
write,328492,69,430
write,343097,74,431
write,305626,87,432
write,320748,40,433
write,306901,21,434
write,304264,67,435
write,310918,46,436
write,314173,33,437
write,299787,37,438
write,411220,63,439
write,334078,62,440
write,315152,10,441
write,289117,54,442
write,299626,25,443
write,288564,8,444
write,283097,3,445
write,297576,47,446
write,277437,88,447
write,290290,65,448
write,323060,1,449
write,319358,68,450
write,112281839,46,451
write,410044,18,452
write,307982,75,453
write,314855,45,454
write,305286,32,455
write,305439,1,456
write,378188,3,457
write,295002,1,458
write,317387,15,459
write,331884,65,460
write,378485,60,461
write,283802,63,462
write,120461258,26,463
write,357875,70,464
write,318087,86,465
write,296843,38,466
write,327937,8,467
write,306343,53,468
write,257049,67,469
write,282416,10,470
write,288856,23,471
write,308310,64,472
write,288903,3,473
write,287848,35,474
write,140324183,99,475
write,423663,93,476
write,313333,80,477
write,371328,39,478
write,343472,73,479
write,318531,10,480
write,272874,73,481
write,296214,25,482
write,297470,13,483
write,296500,25,484
write,401557,66,485
write,336911,57,486
write,136470232,81,487
write,344871,100,488
write,313618,81,489
write,297341,94,490
write,352205,5,491
write,298633,8,492
write,311604,1,493
write,303228,98,494
write,322930,56,495
write,287303,38,496
write,310113,4,497
write,289273,97,498
write,172428094,39,499
write,367110,91,500
write,327017,83,501
write,292862,58,502
write,330702,1,503
write,314130,34,504
write,282499,80,505
write,301587,78,506
write,310178,67,507
write,286035,52,508
write,345038,41,509
write,303362,82,510
write,115728474,16,511
write,365550,23,512
write,313639,41,513
write,319094,63,514
write,306634,19,515
write,326232,1,516
write,305381,88,517
write,307616,29,518
write,292736,18,519
write,306999,2,520
write,353340,6,521
write,296757,36,522
write,312930,14,523
write,327647,58,524
write,148452460,50,525
write,355080,19,526
write,346692,23,527
write,479510,16,528
write,330085,96,529
write,284295,44,530
write,381525,11,531
write,319617,43,532
write,286690,72,533
write,309155,61,534
write,289885,32,535
write,124249988,78,536
write,440565,93,537
write,312687,82,538
write,418357,34,539
write,321862,17,540
write,291312,37,541
write,312985,60,542
write,299980,96,543
write,295138,55,544
write,303605,37,545
write,305075,19,546
write,291799,76,547
write,314279,9,548
write,136513486,44,549
write,325097,100,550
write,320242,49,551
write,354995,42,552
write,306181,11,553
write,291358,93,554
write,298457,63,555
write,279738,51,556
write,317786,74,557
write,292599,66,558
write,286361,91,559
write,279959,100,560
write,144451328,93,561
write,294779,85,562
write,314941,77,563
write,319737,72,564
write,286531,40,565
write,277371,21,566
write,292165,86,567
write,334763,34,568
write,313041,48,569
write,306148,70,570
write,280882,80,571
write,311227,78,572
write,140439024,18,573
write,336560,83,574
write,321863,65,575
write,287412,44,576
write,304590,80,577
write,329888,45,578
write,281730,32,579
write,298565,64,580
write,318212,3,581
write,281854,72,582
write,276380,3,583
write,293219,98,584
write,288351,33,585
write,152525998,43,586
write,336350,79,587
write,334853,37,588
write,315420,70,589
write,296298,54,590
write,295299,48,591
write,282140,87,592
write,332852,49,593
write,288050,10,594
write,318663,70,595
write,325551,96,596
write,128323254,49,597
write,398552,71,598
write,290411,71,599
write,329761,47,600
write,316105,53,601
write,294064,91,602
write,291399,32,603
write,294839,59,604
write,308192,91,605
write,314176,79,606
write,340369,16,607
write,285707,40,608
write,280247,63,609
write,140479591,89,610
write,344495,86,611
write,298128,92,612
write,302935,6,613
write,328954,33,614
write,283289,26,615
write,355951,17,616
write,354864,100,617
write,295129,7,618
write,294640,36,619
write,292548,90,620
write,337371,65,621
write,139670455,52,622
write,368429,36,623
write,286654,28,624
write,307656,75,625
write,305827,15,626
write,295437,52,627
write,300247,22,628
write,322781,11,629
write,313041,25,630
write,296749,3,631
write,506364,91,632
write,276673,19,633
write,306291,2,634
write,323800,96,635
write,164478535,10,636
write,306367,43,637
write,341174,51,638
write,275624,84,639
write,291128,89,640
write,293190,70,641
write,296611,73,642
write,289501,14,643
write,317106,25,644
write,308383,63,645
write,309025,29,646
write,328403,44,647
write,155557327,20,648
write,351274,45,649
write,292800,51,650
write,307424,78,651
write,315874,38,652
write,315359,42,653
write,289276,5,654
write,282477,99,655
write,300759,1,656
write,293115,21,657
write,290779,3,658
write,371518,98,659
write,343083,66,660
write,274693,28,661
write,292973,86,662
write,20544032,54,663
write,351192,40,664
write,342522,51,665
write,291317,86,666
write,311405,49,667
write,331773,45,668
write,283725,61,669
write,281004,12,670
write,319902,58,671
write,286427,58,672
write,274228,64,673
write,311123,1,674
write,256406252,24,675
write,315100,6,676
write,300148,64,677
write,330659,25,678
write,272638,55,679
write,298393,6,680
write,289519,18,681
write,281678,56,682
write,333350,42,683
write,286989,53,684
write,328409,60,685
write,298493,34,686
write,128342120,5,687
write,339443,29,688
write,322888,53,689
write,292087,88,690
write,287908,95,691
write,335293,74,692
write,282979,18,693
write,295118,58,694
write,286892,89,695
write,331106,57,696
write,278662,61,697
write,299625,19,698
write,299139,89,699
write,132429323,67,700
write,356770,48,701
write,337630,63,702
write,279000,82,703
write,335320,86,704
write,312148,90,705
write,306174,73,706
write,287965,97,707
write,314416,97,708
write,307278,47,709
write,284694,79,710
write,278376,38,711
write,128468634,74,712
write,371582,78,713
write,298570,93,714
write,348301,50,715
write,313625,44,716
write,317413,1,717
write,323885,29,718
write,319056,27,719
write,288884,64,720
write,310354,52,721
write,295352,90,722
write,280897,59,723
write,144493393,65,724
write,348946,8,725
write,290744,83,726
write,288801,81,727
write,299896,15,728
write,280910,33,729
write,278903,57,730
write,303829,92,731
write,298919,20,732
write,287416,71,733
write,325548,6,734
write,312786,59,735
write,116327964,11,736
write,412829,98,737
write,303163,70,738
write,306466,43,739
write,309864,30,740
write,288559,41,741
write,320847,88,742
write,381291,95,743
write,296550,86,744
write,299994,13,745
write,305103,93,746
write,298816,40,747
write,136338971,19,748
write,415371,76,749
write,284139,2,750
write,300545,89,751
write,369067,96,752
write,288720,85,753
write,289378,88,754
write,321862,78,755
write,300038,16,756
write,261002,24,757
write,283507,98,758
write,317054,60,759
write,277806,70,760
write,128414485,63,761
write,332806,9,762
write,323453,73,763
write,304079,6,764
write,305755,27,765
write,320466,8,766
write,303242,96,767
write,338071,48,768
write,283876,56,769
write,314548,93,770
write,286347,59,771
write,311548,66,772
write,128428627,86,773
write,329574,95,774
write,311040,91,775
write,307137,84,776
write,331797,98,777
write,279417,96,778
write,328912,32,779
write,301267,8,780
write,294339,100,781
write,302983,95,782
write,306103,43,783
write,288439,94,784
write,120409468,2,785
write,366012,81,786
write,284056,76,787
write,320567,21,788
write,281143,98,789
write,287003,32,790
write,315482,93,791
write,410969,79,792
write,331131,88,793
write,293929,34,794
write,432971,41,795
write,297172,4,796
write,140433964,81,797
write,351125,44,798
write,307139,46,799
write,293030,33,800
write,362799,14,801
write,298300,38,802
write,313212,11,803
write,308917,26,804
write,306890,40,805
write,322979,74,806
write,284343,7,807
write,296557,52,808
write,124502452,70,809
write,318477,70,810
write,323050,84,811
write,294206,94,812
write,270867,57,813
write,288014,41,814
write,294035,44,815
write,313049,59,816
write,285751,74,817
write,282117,19,818
write,309595,99,819
write,282980,11,820
write,299582,2,821
write,164468106,43,822
write,326964,71,823
write,305037,45,824
write,294306,68,825
write,289970,76,826
write,326764,47,827
write,306727,6,828
write,298397,60,829
write,305725,100,830
write,305307,53,831
write,290360,16,832
write,305648,85,833
write,132523940,62,834
write,295110,33,835
write,302543,30,836
write,397563,40,837
write,277590,11,838
write,298756,96,839
write,278906,32,840
write,290771,81,841
write,285368,63,842
write,428752,95,843
write,297375,5,844
write,132511605,16,845
write,381632,34,846
write,302590,13,847
write,324097,86,848
write,298221,18,849
write,293118,34,850
write,320459,85,851
write,322833,53,852
write,283683,14,853
write,285318,36,854
write,284482,31,855
write,309401,2,856
write,310826,59,857
write,116456618,54,858
write,305050,77,859
write,304171,76,860
write,290250,13,861
write,302537,68,862
write,316255,13,863
write,289194,29,864
write,273665,84,865
write,294735,70,866
write,288255,89,867
write,300260,93,868
write,309111,79,869
write,136419450,80,870
write,330233,71,871
write,301049,67,872
write,302938,68,873
write,291788,74,874
write,335411,78,875
write,289943,40,876
write,325386,86,877
write,286581,77,878
write,323611,54,879
write,359547,23,880
write,328767,35,881
write,128458535,85,882
write,380097,95,883
write,314045,89,884
write,293515,53,885
write,292156,40,886
write,300777,79,887
write,317330,83,888
write,293539,79,889
write,315856,84,890
write,289123,34,891
write,285117,4,892
write,318919,77,893
write,136367901,55,894
write,372206,86,895
write,315168,85,896
write,314249,7,897
write,307307,13,898
write,329551,84,899
write,323524,4,900
write,310475,48,901
write,283970,76,902
write,277247,67,903
write,285403,8,904
write,339854,48,905
write,275433,80,906
write,124460109,47,907
write,321969,80,908
write,307751,98,909
write,321335,47,910
write,308303,68,911
write,295482,51,912
write,320778,97,913
write,283824,25,914
write,281799,88,915
write,405638,100,916
write,307876,30,917
write,292681,84,918
write,397367,6,919
write,373694,15,920
write,437573,84,921
write,296534,54,922
write,300960,12,923
write,314625,36,924
write,296044,35,925
write,293212,9,926
write,284667,25,927
write,291402,10,928
write,305222,39,929
write,300458,7,930
write,283730,77,931
write,312226,75,932
write,151843073,33,933
write,365177,43,934
write,330549,40,935
write,301218,64,936
write,307537,96,937
write,305070,75,938
write,330767,73,939
write,305220,42,940
write,347215,27,941
write,288629,68,942
write,316941,71,943
write,272351,61,944
write,301948,42,945
write,284104,21,946
write,168028763,96,947
write,354623,94,948
write,278623,12,949
write,297460,62,950
write,289087,80,951
write,292166,100,952
write,324268,51,953
write,296491,20,954
write,283911,55,955
write,327243,80,956
write,311706,3,957
write,341812,29,958
write,296998,92,959
write,136449890,26,960
write,373770,37,961
write,370064,37,962
write,290480,56,963
write,312170,12,964
write,297707,1,965
write,280398,50,966
write,294233,29,967
write,282026,86,968
write,295876,54,969
write,319782,93,970
write,374016,78,971
write,112200510,45,972
write,372955,88,973
write,315462,12,974
write,306675,45,975
write,285257,78,976
write,317636,48,977
write,287203,53,978
write,285906,8,979
write,307884,30,980
write,299626,24,981
write,275434,15,982
write,271515,35,983
write,295075,69,984
write,294691,64,985
write,385148,58,986
write,320031,4,987
write,288111,17,988
write,330263,46,989
write,309344,24,990
write,300852,97,991
write,291219,36,992
write,296707,77,993
write,273407,83,994
write,340721,81,995
write,299250,89,996
write,278813,64,997
write,119758772,82,998
write,337309,49,999
write,320227,93,1000
write,330694,44,1001
write,285974,89,1002
write,294961,64,1003
write,286378,67,1004
write,305862,31,1005
write,341649,38,1006
write,311240,26,1007
write,267234,37,1008
write,293471,91,1009
write,280874,81,1010
write,290037,74,1011
write,171566122,46,1012
write,377910,20,1013
write,283045,39,1014
write,337671,89,1015
write,334312,57,1016
write,286245,75,1017
write,434413,71,1018
write,339865,40,1019
write,304388,21,1020
write,290022,91,1021
write,311153,94,1022
write,275914,19,1023
write,285479,70,1024
write,378521,46,1025
write,319382,54,1026
write,289895,76,1027
write,47053036,57,1028
write,337267,6,1029
write,317929,27,1030
write,299829,87,1031
write,283521,80,1032
write,320396,40,1033
write,275693,6,1034
write,311647,35,1035
write,308684,29,1036
write,303950,9,1037
write,210227448,9,1038
write,311716,12,1039
write,293520,46,1040
write,383312,70,1041
write,283990,75,1042
write,323017,1,1043
write,316100,49,1044
write,276322,69,1045
write,298491,74,1046
write,283064,52,1047
write,314046,99,1048
write,347467,5,1049
write,112479563,12,1050
write,326532,10,1051
write,303213,93,1052
write,295020,15,1053
write,307017,59,1054
write,319963,27,1055
write,319600,93,1056
write,276059,64,1057
write,288051,1,1058
write,293482,36,1059
write,309509,37,1060
write,318954,80,1061
write,126790053,52,1062
write,315102,68,1063
write,465612,73,1064
write,304163,60,1065
write,308030,9,1066
write,427107,11,1067
write,327293,77,1068
write,289141,67,1069
write,285976,9,1070
write,285086,39,1071
write,305883,34,1072
write,345725,54,1073
write,282914,5,1074
write,319294,77,1075
write,316576,49,1076
write,274782,10,1077
write,309417,100,1078
write,164540452,66,1079
write,314086,88,1080
write,294253,1,1081
write,294716,26,1082
write,292091,51,1083
write,284951,100,1084
write,298548,89,1085
write,289066,99,1086
write,281335,30,1087
write,286734,2,1088
write,274706,20,1089
write,301232,63,1090
write,136378549,3,1091
write,353104,61,1092
write,306089,19,1093
write,302292,54,1094
write,288223,18,1095
write,287374,81,1096
write,313389,56,1097
write,366896,53,1098
write,363728,1,1099
write,314627,8,1100
write,350324,53,1101
write,311813,31,1102
write,120466920,96,1103
write,330151,28,1104
write,283864,79,1105
write,288399,92,1106
write,277119,38,1107
write,316150,62,1108
write,277648,20,1109
write,284983,41,1110
write,287467,56,1111
write,322986,77,1112
write,280597,17,1113
write,276993,55,1114
write,334895,43,1115
write,128496777,22,1116
write,338647,4,1117
write,308346,71,1118
write,297151,25,1119
write,295512,68,1120
write,321620,18,1121
write,284461,63,1122
write,296012,15,1123
write,304472,26,1124
write,275324,16,1125
write,293857,35,1126
write,304916,96,1127
write,132445189,83,1128
write,307127,29,1129
write,292303,96,1130
write,309047,68,1131
write,299645,11,1132
write,373813,76,1133
write,286814,36,1134
write,307054,22,1135
write,284917,64,1136
write,298793,48,1137
write,302544,76,1138
write,323561,34,1139
write,128419731,33,1140
write,326021,31,1141
write,301401,15,1142
write,289285,59,1143
write,334226,72,1144
write,297918,84,1145
write,310489,16,1146
write,310363,78,1147
write,298934,41,1148
write,289318,96,1149
write,312265,18,1150
write,313867,53,1151
write,136534170,10,1152
write,346190,52,1153
write,296849,91,1154
write,289097,3,1155
write,309768,12,1156
write,296699,19,1157
write,285079,42,1158
write,282078,63,1159
write,284861,57,1160
write,296131,19,1161
write,281124,39,1162
write,313001,38,1163
write,325438,75,1164
write,139578761,11,1165
write,308714,46,1166
write,4515216,24,1167
write,333455,49,1168
write,330209,20,1169
write,283649,4,1170
write,274971,33,1171
write,291426,87,1172
write,280960,69,1173
write,286630,64,1174
write,268572,58,1175
write,347539,10,1176
write,292754,16,1177
write,276852,79,1178
write,140462523,6,1179
write,368556,68,1180
write,317063,2,1181
write,286944,51,1182
write,299261,37,1183
write,296109,7,1184
write,280716,6,1185
write,318602,9,1186
write,327859,19,1187
write,295947,59,1188
write,356831,49,1189
write,339898,89,1190
write,124485860,66,1191
write,329450,15,1192
write,328893,96,1193
write,280084,33,1194
write,305610,37,1195
write,291936,52,1196
write,321852,8,1197
write,297514,31,1198
write,294754,94,1199
write,286836,16,1200
write,288536,92,1201
write,279849,96,1202
write,136432041,65,1203
write,392408,41,1204
write,323703,19,1205
write,302601,93,1206
write,292811,41,1207
write,313221,8,1208
write,281631,77,1209
write,288637,19,1210
write,306768,54,1211
write,285629,25,1212
write,294019,7,1213
write,320398,15,1214
write,286895,44,1215
write,100434323,26,1216
write,339789,88,1217
write,342584,39,1218
write,306292,19,1219
write,292265,60,1220
write,294624,7,1221
write,290178,28,1222
write,310153,51,1223
write,291051,66,1224
write,298440,46,1225
write,280845,62,1226
write,319845,78,1227
write,128408971,26,1228
write,373009,49,1229
write,292526,2,1230
write,285325,78,1231
write,282322,68,1232
write,287955,30,1233
write,292365,28,1234
write,300884,93,1235
write,335974,57,1236
write,262336,9,1237
write,284281,94,1238
write,281034,45,1239
write,124694387,17,1240
write,563118,65,1241
write,305740,75,1242
write,309241,29,1243
write,292069,4,1244
write,299416,48,1245
write,327562,24,1246
write,320710,43,1247
write,310669,7,1248
write,288529,62,1249
write,284887,70,1250
write,301180,54,1251
write,400373,99,1252
write,328164,89,1253
write,320921,97,1254
write,290570,65,1255
write,294474,87,1256
write,304959,25,1257
write,293480,41,1258
write,352982,32,1259
write,289160,20,1260
write,324618,47,1261
write,283686,5,1262
write,112460021,37,1263
write,350711,45,1264
write,314491,78,1265
write,272429,66,1266
write,281794,69,1267
write,306545,64,1268
write,286561,19,1269
write,288418,44,1270
write,287608,75,1271
write,295459,36,1272
write,307204,25,1273
write,297609,53,1274
write,287541,69,1275
write,112542288,48,1276
write,355970,53,1277
write,328419,85,1278
write,295518,71,1279
write,314652,11,1280
write,289097,25,1281
write,321981,11,1282
write,302081,58,1283
write,309278,12,1284
write,305491,41,1285
write,292024,38,1286
write,291628,48,1287
write,120464794,31,1288
write,357670,65,1289
write,295778,19,1290
write,309881,71,1291
write,295246,10,1292
write,283166,91,1293
write,288763,60,1294
write,334006,50,1295
write,288937,31,1296
write,291886,60,1297
write,269827,30,1298
write,291846,39,1299
write,116463104,81,1300
write,350556,67,1301
write,312900,27,1302
write,289901,81,1303
write,333339,81,1304
write,319555,66,1305
write,290347,75,1306
write,316762,54,1307
write,293797,6,1308
write,299928,49,1309
write,307454,52,1310
write,290077,86,1311
write,124365397,42,1312
write,448176,50,1313
write,314998,92,1314
write,310526,35,1315
write,285661,57,1316
write,300651,51,1317
write,278745,50,1318
write,300443,74,1319
write,283998,20,1320
write,305771,21,1321
write,297291,27,1322
write,291587,89,1323
write,280598,71,1324
write,140500500,48,1325
write,299775,56,1326
write,285115,31,1327
write,285413,15,1328
write,305972,63,1329
write,280113,22,1330
write,316711,43,1331
write,300764,48,1332
write,276322,100,1333
write,293180,10,1334
write,293121,21,1335
write,313318,45,1336
write,123485325,9,1337
write,424466,89,1338
write,304538,94,1339
write,341736,54,1340
write,373937,4,1341
write,309757,43,1342
write,288022,48,1343
write,299437,97,1344
write,273957,89,1345
write,319185,92,1346
write,268757,9,1347
write,308548,9,1348
write,358127,75,1349
write,278166,31,1350
write,264160,79,1351
write,196491036,7,1352
write,354892,79,1353
write,296735,36,1354
write,326641,79,1355
write,307158,6,1356
write,303283,40,1357
write,296755,38,1358
write,294805,70,1359
write,314052,54,1360
write,306764,87,1361
write,286105,70,1362
write,280780,64,1363
write,115416306,66,1364
write,382749,77,1365
write,297110,21,1366
write,355550,69,1367
write,321654,60,1368
write,315966,56,1369
write,290309,8,1370
write,318439,8,1371
write,302651,19,1372
write,292946,57,1373
write,295229,3,1374
write,293336,97,1375
write,301148,72,1376
write,270159,61,1377
write,287487,41,1378
write,323661,44,1379
write,167582993,47,1380
write,322785,13,1381
write,328268,82,1382
write,304027,61,1383
write,288167,55,1384
write,350296,84,1385
write,302031,5,1386
write,293825,78,1387
write,304009,91,1388
write,382054,75,1389
write,287071,28,1390
write,322856,40,1391
write,354231,15,1392
write,293703,47,1393
write,199734192,13,1394
write,358058,21,1395
write,313958,46,1396
write,314078,84,1397
write,309327,56,1398
write,286984,38,1399
write,313114,64,1400
write,284482,53,1401
write,298856,91,1402
write,338794,17,1403
write,290557,41,1404
write,290325,48,1405
write,347146,79,1406
write,293954,52,1407
write,159564429,93,1408
write,389586,93,1409
write,323438,10,1410
write,281151,43,1411
write,318026,12,1412
write,309162,32,1413
write,292701,40,1414
write,294763,66,1415
write,282650,11,1416
write,296565,3,1417
write,275850,55,1418
write,315979,66,1419
write,293568,98,1420
write,327437,35,1421
write,339711,3,1422
write,131167500,27,1423
write,385382,18,1424
write,304730,93,1425
write,284017,34,1426
write,51336018,45,1427
write,364931,94,1428
write,322844,41,1429
write,304328,67,1430
write,284167,17,1431
write,346818,71,1432
write,342726,70,1433
write,285213,85,1434
write,298614,11,1435
write,290117,4,1436
write,288263,23,1437
write,315744,92,1438
write,324517,20,1439
write,13239406,26,1440
write,128074812,9,1441
write,310848,98,1442
write,286928,20,1443
write,312669,54,1444
write,315742,96,1445
write,304505,77,1446
write,274111,76,1447
write,280912,34,1448
write,285147,55,1449
write,275328,16,1450
write,394647,59,1451
write,287799,2,1452
write,136384078,43,1453
write,338611,62,1454
write,305485,11,1455
write,294722,71,1456
write,350677,11,1457
write,282860,71,1458
write,268635,4,1459
write,312313,36,1460
write,271495,81,1461
write,289972,27,1462
write,281372,93,1463
write,317367,49,1464
write,276371,68,1465
write,104448605,77,1466
write,306009,63,1467
write,298764,76,1468
write,288519,43,1469
write,308467,13,1470
write,272201,55,1471
write,314482,18,1472
write,305170,49,1473
write,327716,51,1474
write,312264,61,1475
write,300163,1,1476
write,283503,75,1477
write,156510866,55,1478
write,328748,70,1479
write,294748,44,1480
write,333579,21,1481
write,287705,96,1482
write,336089,99,1483
write,398074,13,1484
write,292276,40,1485
write,292223,96,1486
write,313405,76,1487
write,300761,30,1488
write,279164,26,1489
write,120460959,38,1490
write,312244,33,1491
write,349162,93,1492
write,318425,13,1493
write,296391,37,1494
write,306578,37,1495
write,288397,59,1496
write,309859,54,1497
write,310385,38,1498
write,311343,45,1499
write,295457,37,1500
write,293295,96,1501
write,128454955,19,1502
write,352414,31,1503
write,307972,30,1504
write,294448,4,1505
write,297333,15,1506
write,300872,43,1507
write,293645,89,1508
write,292656,26,1509
write,301997,93,1510
write,319853,63,1511
write,292500,90,1512
write,291393,12,1513
write,132367954,48,1514
write,384046,8,1515
write,305257,68,1516
write,347510,74,1517
write,281439,17,1518
write,306193,45,1519
write,292201,89,1520
write,295162,96,1521
write,281399,63,1522
write,295940,26,1523
write,296473,32,1524
write,306734,28,1525
write,282937,97,1526
write,120481863,48,1527
write,322781,41,1528
write,323143,14,1529
write,306830,63,1530
write,289179,63,1531
write,297661,36,1532
write,292776,19,1533
write,325449,20,1534
write,296121,90,1535
write,311036,77,1536
write,299921,21,1537
write,317785,64,1538
write,132426375,24,1539
write,333750,3,1540
write,349374,8,1541
write,386260,58,1542
write,294177,2,1543
write,297895,77,1544
write,316310,28,1545
write,326959,69,1546
write,331250,38,1547
write,294549,56,1548
write,285479,47,1549
write,292417,90,1550
write,96501717,76,1551
write,345480,18,1552
write,341064,14,1553
write,290805,24,1554
write,284142,22,1555
write,311755,60,1556
write,290652,71,1557
write,281203,9,1558
write,287986,87,1559
write,311510,17,1560
write,339850,96,1561
write,292790,33,1562
write,132580094,94,1563
write,310421,44,1564
write,333171,33,1565
write,273935,100,1566
write,296122,95,1567
write,293237,28,1568
write,297191,17,1569
write,306746,22,1570
write,309931,5,1571
write,286860,1,1572
write,280231,1,1573
write,321859,59,1574
write,116482083,29,1575
write,322733,67,1576
write,343280,88,1577
write,302976,41,1578
write,294092,35,1579
write,294123,7,1580
write,301577,69,1581
write,297372,47,1582
write,336072,74,1583
write,284740,58,1584
write,346933,52,1585
write,285552,13,1586
write,124443184,53,1587
write,354959,94,1588
write,302420,49,1589
write,303106,99,1590
write,316241,85,1591
write,307868,63,1592
write,271747,18,1593
write,358109,7,1594
write,314330,75,1595
write,295490,45,1596
write,282443,79,1597
write,362110,87,1598
write,96472427,43,1599
write,334609,30,1600
write,337826,37,1601
write,313581,31,1602
write,289636,86,1603
write,321959,6,1604
write,289826,85,1605
write,291260,70,1606
write,299059,67,1607
write,291267,20,1608
write,319854,56,1609
write,290382,53,1610
write,123669886,78,1611
write,372534,68,1612
write,321637,98,1613
write,306067,54,1614
write,295494,61,1615
write,307343,14,1616
write,284837,62,1617
write,282259,22,1618
write,320510,44,1619
write,301700,14,1620
write,290242,44,1621
write,301894,100,1622
write,319522,59,1623
write,335962,52,1624
write,303264,72,1625
write,196461210,80,1626
write,325641,41,1627
write,283741,45,1628
write,282677,56,1629
write,315969,77,1630
write,313260,69,1631
write,271383,64,1632
write,284797,6,1633
write,311987,59,1634
write,263638,26,1635
write,281666,27,1636
write,325853,35,1637
write,96393795,22,1638
write,343070,59,1639
write,301217,35,1640
write,335152,44,1641
write,286878,19,1642
write,322725,55,1643
write,298011,47,1644
write,317736,10,1645
write,291787,46,1646
write,295119,95,1647
write,298597,19,1648
write,316608,78,1649
write,289506,2,1650
write,434011,33,1651
write,320265,71,1652
write,297641,28,1653
write,302827,18,1654
write,317054,15,1655
write,392031,39,1656
write,297907,59,1657
write,297531,9,1658
write,315055,36,1659
write,354749,67,1660
write,306968,7,1661
write,144405172,68,1662
write,330144,11,1663
write,297584,21,1664
write,309326,73,1665
write,288129,68,1666
write,317165,53,1667
write,315870,40,1668
write,314865,47,1669
write,287717,67,1670
write,288646,93,1671
write,286210,31,1672
write,345084,15,1673
write,278627,64,1674
write,136510738,46,1675
write,334106,53,1676
write,303204,20,1677
write,316458,49,1678
write,307030,21,1679
write,280713,3,1680
write,277678,43,1681
write,273160,26,1682
write,299908,74,1683
write,317018,58,1684
write,299317,46,1685
write,280798,59,1686
write,108534690,44,1687
write,386054,32,1688
write,334636,37,1689
write,285191,91,1690
write,347997,63,1691
write,360727,62,1692
write,299911,73,1693
write,294843,49,1694
write,283906,93,1695
write,288271,15,1696
write,298589,68,1697
write,289238,71,1698
write,112461468,61,1699
write,316393,8,1700
write,283045,23,1701
write,336580,92,1702
write,293351,74,1703
write,290205,65,1704
write,291825,6,1705
write,284699,57,1706
write,286291,23,1707
write,316352,28,1708
write,343208,69,1709
write,287062,85,1710
write,148502600,19,1711
write,327532,63,1712
write,292921,82,1713
write,275426,43,1714
write,294034,33,1715
write,287140,99,1716
write,268060,99,1717
write,284758,45,1718
write,284165,55,1719
write,314034,5,1720
write,274321,7,1721
write,328178,71,1722
write,290889,53,1723
write,380761,49,1724
write,288876,38,1725
write,335262,27,1726
write,305280,57,1727
write,262207,37,1728
write,306640,77,1729
write,319859,23,1730
write,263148,78,1731
write,276600,23,1732
write,314745,75,1733
write,276562,63,1734
write,283019,99,1735
write,136376058,2,1736
write,417391,30,1737
write,297577,34,1738
write,344227,16,1739
write,328324,58,1740
write,292128,97,1741
write,302653,42,1742
write,292046,6,1743
write,312235,66,1744
write,338629,30,1745
write,320105,92,1746
write,287608,36,1747
write,123662750,69,1748
write,307887,77,1749
write,319033,97,1750
write,279625,88,1751
write,304009,73,1752
write,294099,52,1753
write,295276,72,1754
write,301800,21,1755
write,294954,33,1756
write,296145,24,1757
write,321267,81,1758
write,294729,14,1759
write,267815,11,1760
write,283987,48,1761
write,300811,84,1762
write,168487394,95,1763
write,350584,35,1764
write,291768,25,1765
write,333672,63,1766
write,291969,69,1767
write,302963,97,1768
write,326994,58,1769
write,291809,14,1770
write,292139,56,1771
write,295786,77,1772
write,333497,85,1773
write,284244,7,1774
write,132403714,32,1775
write,352120,38,1776
write,310782,22,1777
write,293184,18,1778
write,291382,28,1779
write,305375,86,1780
write,319444,29,1781
write,282538,54,1782
write,501324,25,1783
write,290715,30,1784
write,288130,66,1785
write,289350,100,1786
write,148467178,69,1787
write,376609,56,1788
write,300486,52,1789
write,343891,53,1790
write,280283,23,1791
write,313036,15,1792
write,339961,40,1793
write,315966,16,1794
write,277748,58,1795
write,318261,70,1796
write,293194,89,1797
write,286243,57,1798
write,119695663,84,1799
write,336560,9,1800
write,355423,67,1801
write,280151,73,1802
write,376229,74,1803
write,291861,15,1804
write,297049,11,1805
write,293450,9,1806
write,277982,23,1807
write,294995,56,1808
write,279541,75,1809
write,279029,37,1810
write,286483,83,1811
write,297533,90,1812
write,264854,21,1813
write,144390413,99,1814
write,336927,71,1815
write,340072,19,1816
write,348746,67,1817
write,295717,33,1818
write,315860,76,1819
write,293378,42,1820
write,289732,35,1821
write,286873,49,1822
write,307307,58,1823
write,277199,29,1824
write,273309,100,1825
write,303680,83,1826
write,148156656,12,1827
write,401891,18,1828
write,333871,44,1829
write,301470,88,1830
write,313483,96,1831
write,289719,52,1832
write,315351,63,1833
write,288191,31,1834
write,336882,72,1835
write,288117,54,1836
write,297054,41,1837
write,291504,53,1838
write,281035,50,1839
write,121760097,4,1840
write,386076,9,1841
write,291496,80,1842
write,294992,19,1843
write,306620,63,1844
write,266020,35,1845
write,287421,78,1846
write,298548,75,1847
write,160422860,59,1848
