write,1259805669,36,0
write,3004197911,32,1
write,216053705,78,2
write,179713327,19,3
write,329607395,45,4
write,515925953,63,5
write,347830981,1,6
write,238900567,57,7
write,223574957,26,8
write,40209576,52,9
write,545153,99,10
write,1147859,44,11
write,480413,91,12
write,386366,9,13
write,453931,56,14
write,366542,71,15
write,366896,63,16
write,395241,47,17
write,444141,100,18
write,381847,1,19
write,342014,20,20
write,374109,19,21
write,132544763,21,22
write,423222,24,23
write,348082,68,24
write,431542,19,25
write,391909,40,26
write,410133,81,27
write,368805,32,28
write,533665,59,29
write,366778,48,30
write,52994198,46,31
write,366243,62,32
write,377527,17,33
write,345366,18,34
write,417703,28,35
write,410337,36,36
write,439923,88,37
write,360760,46,38
write,352066,1,39
write,68500173,14,40
write,429655,71,41
write,363948,88,42
write,370629,62,43
write,364978,67,44
write,361863,38,45
write,358746,46,46
write,436829,45,47
write,385943,62,48
write,389060,35,49
write,57989783,3,50
write,377215,89,51
write,341647,13,52
write,365429,85,53
write,364808,69,54
write,346022,37,55
write,52534317,5,56
write,388499,42,57
write,344664,25,58
write,357156,28,59
write,368085,12,60
write,368719,81,61
write,345033,23,62
write,389176,59,63
write,388404,15,64
write,354370,49,65
write,74656945,84,66
write,396637,49,67
write,370531,77,68
write,415972,96,69
write,371114,84,70
write,500113,89,71
write,347217,7,72
write,380201,29,73
write,366042,83,74
write,335512,7,75
write,347361,33,76
write,357729,49,77
write,363878,85,78
write,329461,38,79
write,370821,68,80
write,48531889,25,81
write,443631,95,82
write,449543,72,83
write,415191,33,84
write,392670,91,85
write,333857,9,86
write,365194,22,87
write,364429,88,88
write,393144,33,89
write,377365,59,90
write,363731,21,91
write,329571,49,92
write,375767,52,93
write,95209512,14,94
write,426782,31,95
write,366569,52,96
write,418580,18,97
write,327904,58,98
write,344125,5,99
write,360682,80,100
write,385233,33,101
write,346559,35,102
write,349821,60,103
write,48688596,74,104
write,429087,7,105
write,353316,42,106
write,374983,31,107
write,338604,11,108
write,342786,78,109
write,348619,55,110
write,364946,6,111
write,352162,52,112
write,374674,58,113
write,68433519,87,114
write,430393,97,115
write,370922,71,116
write,361933,22,117
write,357038,45,118
write,363815,28,119
write,372874,8,120
write,376252,45,121
write,336972,57,122
write,368492,48,123
write,64440167,11,124
write,363663,87,125
write,311292,46,126
write,318167,87,127
write,281391,79,128
write,338749,85,129
write,379977,90,130
write,368491,16,131
write,286626,6,132
write,314851,25,133
write,315276,71,134
write,303842,50,135
write,56434798,84,136
write,323923,33,137
write,300849,23,138
write,297259,30,139
write,322523,23,140
write,334406,16,141
write,330322,70,142
write,318673,85,143
write,291331,53,144
write,291856,28,145
write,322033,53,146
write,282596,55,147
write,52414845,35,148
write,345594,53,149
write,294569,20,150
write,356622,100,151
write,304054,2,152
write,339905,88,153
write,302403,51,154
write,327620,88,155
write,319277,10,156
write,301648,92,157
write,300297,62,158
write,319462,13,159
write,57084164,19,160
write,510911,56,161
write,313181,14,162
write,273535,4,163
write,310643,39,164
write,313999,24,165
write,307947,27,166
write,284210,93,167
write,319934,52,168
write,48372445,2,169
write,366770,73,170
write,337707,46,171
write,294850,44,172
write,305517,35,173
write,324081,19,174
write,404296,45,175
write,321215,5,176
write,312200,3,177
write,291057,19,178
write,320857,86,179
write,306976,72,180
write,60474417,18,181
write,378934,60,182
write,295689,88,183
write,330996,34,184
write,293432,60,185
write,303659,35,186
write,368429,86,187
write,273275,10,188
write,294162,13,189
write,291185,100,190
write,352336,22,191
write,294272,81,192
write,68499251,50,193
write,349797,76,194
write,331091,30,195
write,384538,22,196
write,361664,26,197
write,297181,8,198
write,316013,50,199
write,294910,29,200
write,336179,14,201
write,303018,58,202
write,293892,52,203
write,297312,35,204
write,36422698,63,205
write,378473,59,206
write,298433,27,207
write,317239,82,208
write,308290,11,209
write,300535,77,210
write,317930,86,211
write,365291,29,212
write,292195,69,213
write,327608,86,214
write,319919,6,215
write,56411092,5,216
write,391581,59,217
write,305134,64,218
write,286426,16,219
write,290770,21,220
write,343329,7,221
write,295293,10,222
write,355394,47,223
write,269886,60,224
write,305320,78,225
write,301917,10,226
write,323969,93,227
write,49963269,93,228
write,321551,96,229
write,290107,87,230
write,303348,31,231
write,309663,90,232
write,57444523,100,233
write,330243,1,234
write,270913,52,235
write,363837,40,236
write,308500,46,237
write,287969,58,238
write,375545,42,239
write,324879,75,240
write,332154,57,241
write,350168,78,242
write,316502,77,243
write,56351597,6,244
write,389708,50,245
write,355152,95,246
write,302344,90,247
write,313336,16,248
write,311680,37,249
write,296588,97,250
write,338033,24,251
write,295312,59,252
write,283794,86,253
write,291567,10,254
write,461320,33,255
write,71549194,80,256
write,327653,8,257
write,352800,21,258
write,338897,61,259
write,276395,98,260
write,331293,48,261
write,294241,29,262
write,290781,28,263
write,271699,73,264
write,288352,45,265
write,316139,10,266
write,283695,100,267
write,300036,58,268
write,297929,59,269
write,314938,89,270
write,56518183,86,271
write,333285,37,272
write,311922,41,273
write,305985,17,274
write,302153,16,275
write,311119,87,276
write,291750,57,277
write,311179,2,278
write,328741,88,279
write,281654,71,280
write,411285,27,281
write,330572,26,282
write,332249,86,283
write,345246,83,284
write,300012,78,285
write,332357,92,286
write,382542,83,287
write,289937,16,288
write,282708,87,289
write,402366,10,290
write,307309,75,291
write,284873,81,292
write,287807,96,293
write,320903,23,294
write,297738,51,295
write,316748,98,296
write,102108362,19,297
write,307335,64,298
write,321939,13,299
write,322442,28,300
write,305357,32,301
write,296122,39,302
write,289062,10,303
write,279801,1,304
write,334489,45,305
write,273449,5,306
write,298575,67,307
write,287633,45,308
write,52431022,24,309
write,320867,74,310
write,302063,47,311
write,370528,73,312
write,302661,30,313
write,302703,91,314
write,322373,94,315
write,288140,38,316
write,292348,26,317
write,284618,17,318
write,331234,57,319
write,313056,93,320
write,68415219,2,321
write,332339,47,322
write,328360,55,323
write,286674,26,324
write,297958,89,325
write,320150,57,326
write,321293,70,327
write,311802,21,328
write,312795,74,329
write,296861,90,330
write,278416,29,331
write,283567,54,332
write,36354611,82,333
write,390414,27,334
write,288570,51,335
write,304507,96,336
write,325478,35,337
write,305317,55,338
write,314478,10,339
write,313058,50,340
write,311466,40,341
write,306858,96,342
write,298406,85,343
write,304423,12,344
write,326293,84,345
write,56435002,13,346
write,309504,79,347
write,294681,13,348
write,300216,73,349
write,292440,27,350
write,341844,76,351
write,284825,30,352
write,283340,24,353
write,312082,84,354
write,282744,80,355
write,311544,30,356
write,313758,51,357
write,56425990,99,358
write,349084,10,359
write,295280,26,360
write,299528,29,361
write,279602,76,362
write,303479,52,363
write,299331,69,364
write,277639,3,365
write,294520,80,366
write,308917,60,367
write,319112,8,368
write,325749,67,369
write,64354028,46,370
write,415814,14,371
write,302666,39,372
write,298575,46,373
write,361875,50,374
write,315616,74,375
write,330374,80,376
write,302747,37,377
write,296473,42,378
write,296980,43,379
write,312764,17,380
write,288982,84,381
write,269878,63,382
write,56441476,10,383
write,315780,25,384
write,311791,5,385
write,296241,87,386
write,300079,71,387
write,286519,73,388
write,284543,61,389
write,303082,37,390
write,328198,50,391
write,292882,49,392
write,306625,82,393
write,299126,24,394
write,60489678,21,395
write,346632,7,396
write,313942,65,397
write,306365,63,398
write,302125,86,399
write,279611,75,400
write,287218,37,401
write,319964,7,402
write,303233,90,403
write,291198,41,404
write,294853,6,405
write,288285,21,406
write,56493325,35,407
write,328483,68,408
write,311886,19,409
write,365494,34,410
write,313147,73,411
write,278953,13,412
write,302595,63,413
write,333155,88,414
write,337244,43,415
write,298720,13,416
write,300322,100,417
write,300017,50,418
write,60387670,98,419
write,346073,71,420
write,302174,2,421
write,357873,31,422
write,298521,39,423
write,325527,77,424
write,284204,28,425
write,272483,55,426
write,303852,89,427
write,316573,61,428
write,379179,76,429
write,298768,62,430
write,60479357,73,431
write,313177,21,432
write,310391,48,433
write,280207,17,434
write,313683,75,435
write,312918,81,436
write,393821,60,437
write,305585,41,438
write,303057,80,439
write,312330,27,440
write,311325,1,441
write,297623,30,442
write,60449022,10,443
write,323027,98,444
write,301940,65,445
write,340348,98,446
write,347403,52,447
write,298875,39,448
write,309814,17,449
write,275492,42,450
write,291016,11,451
write,302145,91,452
write,334105,86,453
write,285024,95,454
write,64422062,87,455
write,313719,65,456
write,319290,74,457
write,301785,89,458
write,304811,27,459
write,314867,7,460
write,271542,22,461
write,282609,92,462
write,278946,48,463
write,295729,26,464
write,383575,57,465
write,312672,60,466
write,64410999,32,467
write,395132,34,468
write,285664,83,469
write,297867,16,470
write,307993,59,471
write,284788,53,472
write,290700,4,473
write,310977,75,474
write,291137,37,475
write,313530,64,476
write,315783,65,477
write,291869,41,478
write,306129,95,479
write,56402203,31,480
write,312403,100,481
write,309620,55,482
write,320896,67,483
write,281050,7,484
write,313826,54,485
write,276968,56,486
write,288870,81,487
write,302984,25,488
write,280836,53,489
write,293025,28,490
write,304408,91,491
write,56339266,98,492
write,384404,45,493
write,303613,65,494
write,344692,52,495
write,326506,72,496
write,293189,33,497
write,277554,49,498
write,308330,30,499
write,270868,54,500
write,309295,67,501
write,290891,71,502
write,307579,19,503
write,305796,82,504
write,60437640,89,505
write,312930,30,506
write,300324,17,507
write,285138,36,508
write,298845,60,509
write,295742,15,510
write,340802,34,511
write,303790,25,512
write,298281,63,513
write,286238,14,514
write,292213,52,515
write,297901,56,516
write,52393482,86,517
write,350677,34,518
write,331030,60,519
write,336152,80,520
write,334552,59,521
write,299092,87,522
write,276685,62,523
write,304255,22,524
write,340898,11,525
write,305191,34,526
write,303940,11,527
write,291155,61,528
write,289475,36,529
write,60435632,21,530
write,360743,60,531
write,302985,53,532
write,300198,34,533
write,278664,86,534
write,309140,21,535
write,286627,48,536
write,306781,98,537
write,299943,45,538
write,305678,38,539
write,279875,47,540
write,292993,41,541
write,60449867,11,542
write,392987,49,543
write,313801,60,544
write,344767,71,545
write,289677,9,546
write,273639,5,547
write,286042,24,548
write,312403,71,549
write,304199,31,550
write,322836,96,551
write,294804,38,552
write,301925,96,553
write,288918,5,554
write,322071,38,555
write,334673,41,556
write,305111,33,557
write,277625,58,558
write,286672,51,559
write,266685,76,560
write,294205,2,561
write,284867,27,562
write,301168,47,563
write,290564,82,564
write,286245,88,565
write,274623,24,566
write,140351817,20,567
write,389884,42,568
write,314428,66,569
write,319852,46,570
write,281901,55,571
write,282158,81,572
write,309628,48,573
write,283398,52,574
write,350312,83,575
write,290389,28,576
write,346791,48,577
write,282897,90,578
write,294332,99,579
write,68452765,25,580
write,344791,5,581
write,317930,16,582
write,282712,55,583
write,310663,9,584
write,303284,20,585
write,299178,18,586
write,283429,30,587
write,287845,37,588
write,288067,76,589
write,281641,17,590
write,287358,33,591
write,55635854,66,592
write,373987,20,593
write,12412492,65,594
write,348769,20,595
write,339570,25,596
write,315105,42,597
write,307503,34,598
write,318767,23,599
write,283044,87,600
write,334150,20,601
write,309493,29,602
write,351205,87,603
write,317492,17,604
write,295883,7,605
write,51940798,9,606
write,411531,46,607
write,298264,23,608
write,310492,81,609
write,280881,14,610
write,297360,37,611
write,360051,69,612
write,298074,22,613
write,304462,72,614
write,315820,62,615
write,325215,6,616
write,401287,14,617
write,289505,46,618
write,290668,9,619
write,348704,66,620
write,288609,20,621
write,282985,53,622
write,320751,45,623
write,307137,2,624
write,119688823,95,625
write,285762,51,626
write,351935,72,627
write,287491,21,628
write,309703,82,629
write,275072,46,630
write,306686,94,631
write,376119,18,632
write,301453,13,633
write,24537865,40,634
write,326366,44,635
write,294736,64,636
write,286309,79,637
write,322640,88,638
write,369489,46,639
write,278086,98,640
write,290661,62,641
write,286311,40,642
write,303606,93,643
write,338010,60,644
write,328198,17,645
write,64516849,16,646
write,339714,55,647
write,290122,49,648
write,300986,51,649
write,306973,63,650
write,372242,68,651
write,306114,99,652
write,296733,24,653
write,292561,71,654
write,344678,71,655
write,294763,14,656
write,64478025,24,657
write,383745,71,658
write,329337,12,659
write,314424,62,660
write,293657,89,661
write,318773,48,662
write,320772,46,663
write,303825,91,664
write,310292,82,665
write,399620,91,666
write,289234,50,667
write,283115,5,668
write,64437737,67,669
write,323242,4,670
write,335822,10,671
write,298848,51,672
write,289687,15,673
write,290137,49,674
write,296502,92,675
write,296993,66,676
write,363471,40,677
write,296916,55,678
write,277347,44,679
write,304840,33,680
write,64425257,84,681
write,356821,67,682
write,332495,38,683
write,319063,97,684
write,292075,16,685
write,284377,2,686
write,328288,39,687
write,333864,56,688
write,302367,99,689
write,263811,97,690
write,297830,1,691
write,312051,13,692
write,68366859,85,693
write,368480,18,694
write,293739,1,695
write,311405,17,696
write,292199,24,697
write,280815,48,698
write,326387,15,699
write,291457,40,700
write,299850,61,701
write,281146,87,702
write,294255,76,703
write,281176,11,704
write,300466,37,705
write,52403982,62,706
write,353689,1,707
write,290486,3,708
write,343306,94,709
write,285052,50,710
write,327260,17,711
write,289443,38,712
write,303040,51,713
write,298093,12,714
write,269282,31,715
write,300876,46,716
write,299653,41,717
write,297617,98,718
write,56423190,61,719
write,317621,19,720
write,296063,11,721
write,311997,54,722
write,314200,79,723
write,303235,93,724
write,280988,13,725
write,285303,28,726
write,305539,9,727
write,280306,36,728
write,374559,52,729
write,308132,98,730
write,287692,18,731
write,273536,100,732
write,290607,3,733
write,290811,53,734
write,356573,39,735
write,268753,1,736
write,310161,11,737
write,323022,78,738
write,282578,24,739
write,288240,35,740
write,321928,63,741
write,285706,62,742
write,271824,20,743
write,132374833,65,744
write,311445,91,745
write,302531,38,746
write,328298,14,747
write,305354,2,748
write,278989,42,749
write,287017,28,750
write,337188,45,751
write,283728,55,752
write,310559,84,753
write,274444,25,754
write,320586,12,755
write,288617,84,756
write,56435346,41,757
write,285431,43,758
write,312920,35,759
write,310883,27,760
write,306401,26,761
write,287948,71,762
write,351093,33,763
write,287853,75,764
write,297419,18,765
write,264235,53,766
write,348013,96,767
write,277866,3,768
write,287468,21,769
write,285701,83,770
write,310450,25,771
write,286675,69,772
write,356702,42,773
write,304844,90,774
write,294772,86,775
write,284535,27,776
write,282220,15,777
write,285729,16,778
write,276155,57,779
write,278294,33,780
write,276678,19,781
write,120400298,32,782
write,427196,41,783
write,302029,61,784
write,292159,7,785
write,293963,10,786
write,281097,25,787
write,289629,56,788
write,406552,7,789
write,281026,70,790
write,322547,47,791
write,287713,85,792
write,295447,62,793
write,290071,2,794
write,68441606,43,795
write,292845,40,796
write,479611,65,797
write,287354,1,798
write,371229,84,799
write,276673,96,800
write,304357,70,801
write,273117,35,802
write,282489,22,803
write,275426,26,804
write,295346,82,805
write,285424,67,806
write,61070532,8,807
write,415548,41,808
write,349781,1,809
write,270372,76,810
write,345049,78,811
write,364354,77,812
write,286046,41,813
write,303590,34,814
write,304843,41,815
write,276263,22,816
write,53273111,90,817
write,285247,64,818
write,326341,6,819
write,357835,45,820
write,281568,88,821
write,369350,26,822
write,286371,92,823
write,334258,86,824
write,306897,8,825
write,48485847,24,826
write,337357,17,827
write,293658,75,828
write,268570,55,829
write,278907,79,830
write,338590,82,831
write,306619,20,832
write,300816,16,833
write,281725,77,834
write,273134,76,835
write,269874,96,836
write,299634,88,837
write,64312543,60,838
write,401489,59,839
write,284883,46,840
write,295726,1,841
write,315096,60,842
write,298701,70,843
write,288348,91,844
write,286321,79,845
write,298055,79,846
write,276902,86,847
write,288949,31,848
write,305009,53,849
write,278858,97,850
write,60407889,2,851
write,382844,99,852
write,300384,78,853
write,357042,79,854
write,327394,10,855
write,275716,74,856
write,285689,79,857
write,306905,35,858
write,276907,43,859
write,309182,9,860
write,309093,95,861
write,272864,63,862
write,56430428,63,863
write,363504,63,864
write,314225,60,865
write,291137,9,866
write,298925,30,867
write,297166,66,868
write,299330,55,869
write,281282,83,870
write,293619,62,871
write,295886,66,872
write,280621,64,873
write,288337,89,874
write,283243,61,875
write,60421461,81,876
write,310872,98,877
write,286246,68,878
write,296165,93,879
write,308212,27,880
write,322043,15,881
write,273643,51,882
write,301673,19,883
write,283085,71,884
write,288035,48,885
write,282647,64,886
write,299139,23,887
write,311655,24,888
write,60410642,53,889
write,329692,55,890
write,322391,1,891
write,277243,99,892
write,293742,99,893
write,296554,62,894
write,313460,96,895
write,289789,30,896
write,308708,33,897
write,283529,60,898
write,302426,69,899
write,278287,83,900
write,303222,55,901
write,60437433,88,902
write,343740,35,903
write,283418,41,904
write,288259,45,905
write,290015,67,906
write,258324,72,907
write,286719,29,908
write,299371,22,909
write,286778,34,910
write,299584,14,911
write,277547,84,912
write,325162,37,913
write,60419919,44,914
write,361060,18,915
write,312006,59,916
write,318471,40,917
write,288641,8,918
write,296352,63,919
write,279460,98,920
write,317096,100,921
write,317507,42,922
write,301673,31,923
write,287225,58,924
write,292277,75,925
write,310643,36,926
write,60517205,63,927
write,301284,4,928
write,302705,5,929
write,307180,75,930
write,278075,69,931
write,285872,90,932
write,319132,88,933
write,313936,70,934
write,305022,33,935
write,325969,97,936
write,287750,43,937
write,284084,98,938
write,60425770,84,939
write,351065,4,940
write,281633,20,941
write,336153,58,942
write,322955,93,943
write,275950,49,944
write,338719,18,945
write,285352,16,946
write,293973,66,947
write,487538,3,948
write,276538,98,949
write,288053,26,950
write,60475798,23,951
write,354924,74,952
write,296948,50,953
write,284970,27,954
write,280710,60,955
write,287001,42,956
write,295155,82,957
write,278633,90,958
write,317117,41,959
write,272709,95,960
write,284865,21,961
write,291209,37,962
write,68488095,52,963
write,338207,90,964
write,295447,86,965
write,335943,8,966
write,306518,25,967
write,286244,66,968
write,286640,97,969
write,294011,2,970
write,294655,3,971
write,279237,88,972
write,267020,76,973
write,298939,99,974
write,291547,52,975
write,48403499,98,976
write,308676,34,977
write,310443,57,978
write,284929,15,979
write,273538,98,980
write,312687,8,981
write,278098,34,982
write,292334,34,983
write,276377,87,984
write,282104,18,985
write,374388,23,986
write,305916,80,987
write,52337985,97,988
write,399010,99,989
write,311532,55,990
write,332599,40,991
write,285999,42,992
write,310236,42,993
write,298895,68,994
write,277955,75,995
write,291866,53,996
write,295222,100,997
write,283300,19,998
write,299621,62,999
write,285762,98,1000
write,60624735,98,1001
write,316473,88,1002
write,329627,72,1003
write,326513,98,1004
write,292895,13,1005
write,283650,88,1006
write,335843,98,1007
write,285977,100,1008
write,325338,6,1009
write,336409,41,1010
write,323898,58,1011
write,64492108,88,1012
write,368100,53,1013
write,280021,8,1014
write,319538,38,1015
write,277075,73,1016
write,289572,68,1017
write,498347,23,1018
write,296360,90,1019
write,292775,60,1020
write,350177,9,1021
write,284092,59,1022
write,362864,33,1023
write,285774,87,1024
write,303791,19,1025
write,271878,78,1026
write,300622,59,1027
write,264458,15,1028
write,343641,67,1029
write,298337,59,1030
write,102262597,53,1031
write,292824,32,1032
write,298046,94,1033
write,281753,87,1034
write,304267,60,1035
write,312555,95,1036
write,298712,92,1037
write,285807,54,1038
write,292125,75,1039
write,313159,17,1040
write,328204,3,1041
write,282962,98,1042
write,60351271,67,1043
write,348412,14,1044
write,303834,86,1045
write,273775,21,1046
write,323695,51,1047
write,291255,19,1048
write,297583,72,1049
write,362508,7,1050
write,297812,90,1051
write,280823,53,1052
write,318477,46,1053
write,280461,81,1054
write,338760,57,1055
write,60399952,87,1056
write,318888,14,1057
write,284205,20,1058
write,317743,23,1059
write,286651,74,1060
write,334852,74,1061
write,282058,84,1062
write,273725,86,1063
write,278999,27,1064
write,289317,42,1065
write,266784,92,1066
write,302699,3,1067
write,322870,6,1068
write,60397008,66,1069
write,295382,21,1070
write,333838,100,1071
write,280838,96,1072
write,286881,44,1073
write,269906,42,1074
write,289018,66,1075
write,283722,87,1076
write,303544,66,1077
write,286578,37,1078
write,283303,56,1079
write,291960,62,1080
write,276353,26,1081
write,60410445,47,1082
write,351265,85,1083
write,286430,100,1084
write,282073,66,1085
write,280306,97,1086
write,312380,75,1087
write,303504,70,1088
write,293701,98,1089
write,294882,33,1090
write,283383,95,1091
write,286112,70,1092
write,319427,29,1093
write,60337179,3,1094
write,381407,62,1095
write,304668,25,1096
write,289834,92,1097
write,290207,55,1098
write,273191,96,1099
write,273477,91,1100
write,287456,95,1101
write,285305,69,1102
write,275964,31,1103
write,284726,35,1104
write,298561,1,1105
write,273496,64,1106
write,60344578,43,1107
write,413195,29,1108
write,307020,40,1109
write,284127,56,1110
write,312783,92,1111
write,283756,38,1112
write,309588,30,1113
write,302693,93,1114
write,307388,58,1115
write,310392,7,1116
write,316568,78,1117
write,293228,54,1118
write,327942,53,1119
write,64418449,63,1120
write,346936,18,1121
write,298261,1,1122
write,284555,41,1123
write,295135,93,1124
write,318630,27,1125
write,291027,89,1126
write,299938,59,1127
write,300041,12,1128
write,290669,100,1129
write,274867,97,1130
write,288944,42,1131
write,72318509,84,1132
write,375619,29,1133
write,283982,20,1134
write,299759,27,1135
write,292908,42,1136
write,311694,63,1137
write,269081,30,1138
write,327981,16,1139
write,284467,56,1140
write,276913,50,1141
write,327787,56,1142
write,325196,6,1143
write,305347,5,1144
write,52455618,11,1145
write,305374,22,1146
write,307838,49,1147
write,284323,28,1148
write,311668,12,1149
write,283158,56,1150
write,361188,28,1151
write,308073,10,1152
write,278722,43,1153
write,374113,49,1154
write,310382,21,1155
write,279360,93,1156
write,64453442,68,1157
write,324529,8,1158
write,293320,59,1159
write,345699,50,1160
write,303709,49,1161
write,303464,45,1162
write,274314,51,1163
write,290762,32,1164
write,279301,51,1165
write,287177,86,1166
write,330457,40,1167
write,306411,1,1168
write,56432348,18,1169
write,334753,14,1170
write,328579,12,1171
write,281952,98,1172
write,300066,64,1173
write,278054,96,1174
write,294597,35,1175
write,274748,34,1176
write,287373,29,1177
write,297755,21,1178
write,325559,34,1179
write,272599,97,1180
write,288518,37,1181
write,68382810,62,1182
write,374893,38,1183
write,309714,66,1184
write,318479,66,1185
write,342396,64,1186
write,303107,65,1187
write,290022,86,1188
write,282771,16,1189
write,268643,68,1190
write,285696,19,1191
write,291884,66,1192
write,287553,26,1193
write,278521,71,1194
write,80465270,18,1195
write,333359,5,1196
write,296819,38,1197
write,351975,53,1198
write,322340,24,1199
write,287748,74,1200
write,358490,47,1201
write,279868,4,1202
write,297886,40,1203
write,301290,5,1204
write,295565,24,1205
write,307794,79,1206
write,68420925,78,1207
write,359516,62,1208
write,322634,30,1209
write,287768,32,1210
write,284167,28,1211
write,282519,42,1212
write,327236,11,1213
write,281510,44,1214
write,309561,88,1215
write,364670,96,1216
write,292845,21,1217
write,292002,41,1218
write,57752982,68,1219
write,300178,96,1220
write,307156,25,1221
write,311567,54,1222
write,302468,8,1223
write,289538,10,1224
write,25123777,38,1225
write,333828,79,1226
write,304362,37,1227
write,285928,24,1228
write,268583,60,1229
write,303126,6,1230
write,277329,61,1231
write,300672,6,1232
write,306406,46,1233
write,310141,38,1234
write,346778,71,1235
write,288794,52,1236
write,64322181,79,1237
write,368614,37,1238
write,329094,61,1239
write,289388,15,1240
write,333507,94,1241
write,310568,14,1242
write,290220,68,1243
write,298276,92,1244
write,311677,60,1245
write,293473,63,1246
write,300046,12,1247
write,259591,17,1248
write,290941,64,1249
write,68415309,77,1250
write,340880,99,1251
write,284265,100,1252
write,279185,4,1253
write,271021,88,1254
write,283411,63,1255
write,290930,27,1256
write,277178,74,1257
write,289777,31,1258
write,303520,48,1259
write,292764,96,1260
write,285491,19,1261
write,275265,81,1262
write,64464739,21,1263
write,358282,11,1264
write,310569,61,1265
write,291473,11,1266
write,314846,36,1267
write,283148,62,1268
write,286948,61,1269
write,287551,36,1270
write,286339,39,1271
write,322949,99,1272
write,289225,72,1273
write,272854,53,1274
write,295374,3,1275
write,64414894,17,1276
write,312449,9,1277
write,290214,82,1278
write,286335,88,1279
write,290704,24,1280
write,295729,93,1281
write,295066,86,1282
write,294120,30,1283
write,281905,93,1284
write,306181,3,1285
write,283210,4,1286
write,299069,78,1287
write,64310917,60,1288
write,383226,5,1289
write,294949,33,1290
write,270459,87,1291
write,304095,3,1292
write,302234,59,1293
write,284126,25,1294
write,288915,15,1295
write,287951,20,1296
write,324605,10,1297
write,298026,27,1298
write,293603,70,1299
write,295116,31,1300
write,72397495,20,1301
write,337445,36,1302
write,299657,94,1303
write,283133,71,1304
write,304190,82,1305
write,299718,33,1306
write,289811,37,1307
write,275591,37,1308
write,284356,100,1309
write,287021,60,1310
write,335905,62,1311
write,295297,37,1312
write,300692,14,1313
write,64396240,17,1314
write,312405,9,1315
write,286069,84,1316
write,322771,11,1317
write,296351,73,1318
write,272734,71,1319
write,295851,56,1320
write,305566,78,1321
write,292858,54,1322
write,524859,21,1323
write,327123,5,1324
write,274385,72,1325
write,72396659,72,1326
write,337457,3,1327
write,296565,90,1328
write,334809,48,1329
write,280487,15,1330
write,320637,64,1331
write,291781,25,1332
write,272984,40,1333
write,277045,99,1334
write,286850,13,1335
write,288850,60,1336
write,282478,49,1337
write,287406,47,1338
write,51944325,41,1339
write,314053,76,1340
write,291369,2,1341
write,290378,98,1342
write,297566,1,1343
write,339004,47,1344
write,283004,52,1345
write,285837,40,1346
write,329639,69,1347
write,280408,32,1348
write,322676,22,1349
write,360392,15,1350
write,276964,91,1351
write,277701,10,1352
write,309791,73,1353
write,292363,57,1354
write,268416,37,1355
write,275029,50,1356
write,287513,96,1357
write,106970107,88,1358
write,334801,45,1359
write,296282,11,1360
write,345073,93,1361
write,315262,12,1362
write,286999,28,1363
write,321148,40,1364
write,311221,40,1365
write,277104,10,1366
write,313640,78,1367
write,279897,1,1368
write,316306,25,1369
write,48427360,69,1370
write,328335,43,1371
write,295840,5,1372
write,288982,31,1373
write,287906,85,1374
write,301098,80,1375
write,307472,61,1376
write,393101,65,1377
write,319126,47,1378
write,335359,55,1379
write,367635,44,1380
write,323124,18,1381
write,281337,80,1382
write,88062554,20,1383
write,415925,64,1384
write,394229,79,1385
write,288430,20,1386
write,308908,49,1387
write,300405,3,1388
write,300107,91,1389
write,276511,61,1390
write,312368,9,1391
write,284493,19,1392
write,327467,82,1393
write,274902,14,1394
write,52431869,56,1395
write,299707,54,1396
write,294144,89,1397
write,279777,15,1398
write,303054,82,1399
write,284918,36,1400
write,302127,32,1401
write,287378,94,1402
write,313511,84,1403
write,278410,32,1404
write,268793,5,1405
write,275239,99,1406
write,72436961,2,1407
write,375762,24,1408
write,303875,95,1409
write,298923,67,1410
write,303749,64,1411
write,278447,39,1412
write,336463,82,1413
write,345486,32,1414
write,289205,52,1415
write,279743,53,1416
write,299966,94,1417
write,292233,33,1418
write,290702,43,1419
write,68475121,77,1420
write,343991,17,1421
write,296072,55,1422
write,314728,26,1423
write,281389,23,1424
write,301190,9,1425
write,278934,76,1426
write,290238,75,1427
write,287645,94,1428
write,281760,92,1429
write,272136,32,1430
write,329117,32,1431
write,72306375,41,1432
write,378468,82,1433
write,312821,47,1434
write,289995,28,1435
write,282588,49,1436
write,313279,89,1437
write,278548,43,1438
write,350410,2,1439
write,283219,86,1440
write,301069,17,1441
write,287642,38,1442
write,312042,58,1443
write,276567,14,1444
write,72415460,58,1445
write,350694,11,1446
write,287141,7,1447
write,308246,68,1448
write,308948,50,1449
write,283091,33,1450
write,279941,18,1451
write,292208,68,1452
write,281917,65,1453
write,287067,75,1454
write,349135,9,1455
write,287586,56,1456
write,313432,37,1457
write,72410038,88,1458
write,305928,6,1459
write,289343,29,1460
write,293855,99,1461
write,289821,28,1462
write,276032,37,1463
write,298396,41,1464
write,292980,96,1465
write,287757,36,1466
write,297033,95,1467
write,292414,43,1468
write,274889,88,1469
write,274566,9,1470
write,68437261,51,1471
write,303586,8,1472
write,314758,30,1473
write,308809,26,1474
write,314359,90,1475
write,279140,56,1476
write,309558,25,1477
write,331287,19,1478
write,303103,23,1479
write,285184,25,1480
write,287349,56,1481
write,305561,11,1482
write,84382445,4,1483
write,322385,95,1484
write,300666,31,1485
write,295976,61,1486
write,274825,10,1487
write,293769,84,1488
write,287422,40,1489
write,286220,73,1490
write,314396,89,1491
write,282461,56,1492
write,296072,49,1493
write,289428,98,1494
write,306044,33,1495
write,68441137,21,1496
write,327126,31,1497
write,302168,42,1498
write,340896,13,1499
write,305611,98,1500
write,270694,38,1501
write,287643,55,1502
write,354078,57,1503
write,262356,76,1504
write,308667,46,1505
write,301854,75,1506
write,279844,11,1507
write,52834395,21,1508
write,398316,66,1509
write,348618,48,1510
write,346303,2,1511
write,303780,56,1512
write,283379,43,1513
write,271431,25,1514
write,294428,22,1515
write,311715,49,1516
write,279403,50,1517
write,290687,51,1518
write,52588967,92,1519
write,364246,16,1520
write,333636,54,1521
write,290968,44,1522
write,306938,34,1523
write,282383,50,1524
write,312797,10,1525
write,283297,43,1526
write,310545,95,1527
write,320480,4,1528
write,306774,93,1529
write,287875,17,1530
write,72414075,32,1531
write,326170,42,1532
write,314320,3,1533
write,309907,56,1534
write,331604,91,1535
write,293002,48,1536
write,284176,1,1537
write,287043,11,1538
write,417560,94,1539
write,282579,24,1540
write,312922,8,1541
write,291249,20,1542
write,68824235,16,1543
write,324311,23,1544
write,321792,87,1545
write,293173,28,1546
write,296367,56,1547
write,294423,89,1548
write,305095,6,1549
write,285466,15,1550
write,318172,33,1551
write,299765,44,1552
write,287713,80,1553
write,64376170,69,1554
write,341384,77,1555
write,300168,27,1556
write,331564,77,1557
write,288685,92,1558
write,310326,54,1559
write,274030,46,1560
write,304270,95,1561
write,395837,12,1562
write,316798,16,1563
write,296728,100,1564
write,323609,71,1565
write,291251,1,1566
write,385270,43,1567
write,272367,67,1568
write,295473,21,1569
write,281625,21,1570
write,272706,62,1571
write,304237,96,1572
write,291687,51,1573
write,318560,94,1574
write,293480,70,1575
write,298762,8,1576
write,89201788,49,1577
write,313822,9,1578
write,325225,92,1579
write,305397,7,1580
write,298849,91,1581
write,372987,13,1582
write,364790,80,1583
write,293825,78,1584
write,329646,33,1585
write,282780,54,1586
write,344188,32,1587
write,72448585,54,1588
write,397615,96,1589
write,309744,21,1590
write,303399,33,1591
write,336781,87,1592
write,312602,90,1593
write,286617,20,1594
write,359500,98,1595
write,309914,3,1596
write,275998,57,1597
write,278137,59,1598
write,350215,66,1599
write,44383210,14,1600
write,357810,45,1601
write,299769,27,1602
write,288515,95,1603
write,284557,32,1604
write,339242,92,1605
write,298715,43,1606
write,282953,38,1607
write,270316,50,1608
write,304146,31,1609
write,277256,79,1610
write,287975,98,1611
write,301160,45,1612
write,64382849,98,1613
write,333459,100,1614
write,287659,55,1615
write,310725,100,1616
write,349745,20,1617
write,286784,38,1618
write,294677,82,1619
write,286310,32,1620
write,300828,1,1621
write,271715,24,1622
write,313384,34,1623
write,285345,99,1624
write,306028,92,1625
write,51489157,86,1626
write,325919,31,1627
write,303067,91,1628
write,314784,53,1629
write,287118,74,1630
write,316162,94,1631
write,281179,82,1632
write,291602,20,1633
write,281834,100,1634
write,280720,83,1635
write,293632,45,1636
write,296702,9,1637
write,284208,49,1638
write,298204,95,1639
write,325257,82,1640
write,80303727,19,1641
write,386589,48,1642
write,301443,29,1643
write,330380,15,1644
write,282162,32,1645
write,291991,44,1646
write,328644,62,1647
write,315732,19,1648
write,304454,84,1649
write,264219,78,1650
write,288512,24,1651
write,275859,61,1652
write,294963,77,1653
write,56391617,1,1654
write,375089,20,1655
write,299380,11,1656
write,283365,45,1657
write,301985,56,1658
write,323653,10,1659
write,286781,74,1660
write,280289,50,1661
write,275236,17,1662
write,320166,47,1663
write,265047,40,1664
write,297246,74,1665
write,281540,48,1666
write,56481712,74,1667
write,310570,84,1668
write,330527,93,1669
write,406329,20,1670
write,299760,51,1671
write,281607,45,1672
write,304007,45,1673
write,285000,96,1674
write,271723,51,1675
write,337594,40,1676
write,314722,12,1677
write,288711,13,1678
write,60477906,38,1679
write,317109,89,1680
write,297129,80,1681
write,265333,2,1682
write,293151,99,1683
write,290763,11,1684
write,304846,39,1685
write,280987,54,1686
write,307114,16,1687
write,277066,5,1688
write,290773,6,1689
write,298005,27,1690
write,68335599,73,1691
write,390847,48,1692
write,305920,4,1693
write,295838,42,1694
write,361520,11,1695
write,281053,52,1696
write,293405,39,1697
write,290390,80,1698
write,271867,40,1699
write,317479,56,1700
write,302586,80,1701
write,274528,47,1702
write,294911,96,1703
write,60413604,61,1704
write,330989,53,1705
write,288234,12,1706
write,302454,66,1707
write,300388,2,1708
write,291972,37,1709
write,284388,41,1710
write,278407,94,1711
write,289581,69,1712
write,291685,88,1713
write,272299,25,1714
write,295558,54,1715
write,281811,89,1716
write,52449227,78,1717
write,330043,32,1718
write,309137,9,1719
write,359520,36,1720
write,280530,74,1721
write,287145,2,1722
write,305277,41,1723
write,277775,9,1724
write,289810,34,1725
write,350559,17,1726
write,333094,15,1727
write,290377,98,1728
write,60508549,45,1729
write,396087,87,1730
write,324827,62,1731
write,292668,64,1732
write,318831,99,1733
write,293761,95,1734
write,287276,43,1735
write,305053,62,1736
write,283693,83,1737
write,293582,80,1738
write,311103,84,1739
write,301272,93,1740
write,60386270,27,1741
write,342885,86,1742
write,324696,29,1743
write,295669,89,1744
write,359350,72,1745
write,299653,20,1746
write,310741,71,1747
write,304202,30,1748
write,298147,22,1749
write,278371,71,1750
write,359804,86,1751
write,282866,57,1752
write,60426544,3,1753
write,360635,46,1754
write,310985,78,1755
write,313775,16,1756
write,296090,94,1757
write,503834,40,1758
write,424703,71,1759
write,290683,28,1760
write,307919,65,1761
write,304315,29,1762
write,281916,28,1763
write,276952,64,1764
write,72510237,87,1765
write,303606,4,1766
write,325665,42,1767
write,305832,46,1768
write,292572,61,1769
write,282440,64,1770
write,288099,21,1771
write,298761,91,1772
write,295251,83,1773
write,281580,85,1774
write,305983,15,1775
write,278163,64,1776
write,60493157,56,1777
write,323060,42,1778
write,353332,41,1779
write,293862,97,1780
write,305875,76,1781
write,283687,4,1782
write,294952,52,1783
write,308428,53,1784
write,317440,80,1785
write,322093,26,1786
write,296337,11,1787
write,290826,41,1788
write,64416876,74,1789
write,310895,35,1790
write,339050,34,1791
write,273695,54,1792
write,276778,15,1793
write,275248,47,1794
write,273951,60,1795
write,282517,73,1796
write,297957,46,1797
write,293423,55,1798
write,293413,50,1799
write,281260,55,1800
write,326682,23,1801
write,76414938,56,1802
write,318675,23,1803
write,300346,26,1804
write,282014,31,1805
write,317933,28,1806
write,292663,3,1807
write,292262,49,1808
write,308673,1,1809
write,302108,70,1810
write,288611,58,1811
write,291320,89,1812
write,291070,67,1813
write,268288,32,1814
write,64435917,56,1815
write,288854,45,1816
write,337969,15,1817
write,290057,4,1818
write,298994,91,1819
write,269870,49,1820
write,292024,52,1821
write,292124,65,1822
write,328993,20,1823
write,275595,52,1824
write,285866,48,1825
write,270829,94,1826
write,64329078,98,1827
write,394093,7,1828
write,307523,49,1829
write,295006,22,1830
write,306886,79,1831
write,317866,79,1832
write,309254,96,1833
write,289339,41,1834
write,328422,23,1835
write,327896,100,1836
write,276865,52,1837
write,292180,45,1838
write,329009,6,1839
write,68402952,12,1840
write,339380,97,1841
write,272885,66,1842
write,299752,10,1843
write,288541,57,1844
write,303684,56,1845
write,281862,30,1846
write,281488,46,1847
write,290255,58,1848
write,302895,21,1849
write,285213,29,1850
write,303076,34,1851
write,68327426,1,1852
write,400640,93,1853
write,291542,43,1854
write,305452,16,1855
write,330810,38,1856
write,309246,20,1857
write,296971,35,1858
write,295089,22,1859
write,282040,37,1860
write,318941,17,1861
write,303482,96,1862
write,309946,48,1863
write,282746,18,1864
write,68492108,8,1865
write,347970,55,1866
write,272942,28,1867
write,297290,12,1868
write,298784,43,1869
write,293291,89,1870
write,304839,55,1871
write,286594,57,1872
write,294566,36,1873
write,297951,6,1874
write,299303,56,1875
write,316605,53,1876
write,68384396,42,1877
write,348728,4,1878
write,315957,64,1879
write,288755,13,1880
write,339267,74,1881
write,304054,26,1882
write,282116,12,1883
write,280472,84,1884
write,288270,35,1885
write,269509,56,1886
write,300944,83,1887
write,272853,77,1888
write,295515,81,1889
write,68431113,61,1890
write,316692,70,1891
write,310451,56,1892
write,318662,33,1893
write,288135,39,1894
write,294025,54,1895
write,286767,52,1896
write,283781,16,1897
write,293058,98,1898
write,300624,78,1899
write,293789,92,1900
write,279818,8,1901
write,271151,61,1902
write,60524065,26,1903
write,317726,83,1904
write,320561,17,1905
write,268994,43,1906
write,310140,48,1907
write,279836,50,1908
write,427434,3,1909
write,289796,72,1910
write,316727,87,1911
write,316773,88,1912
write,286995,2,1913
write,289275,7,1914
write,52430401,40,1915
write,302931,22,1916
write,306280,22,1917
write,342185,90,1918
write,371410,74,1919
write,312253,3,1920
write,376320,78,1921
write,317721,3,1922
write,298460,74,1923
write,299251,67,1924
write,328063,44,1925
write,72450463,31,1926
write,362216,33,1927
write,288324,84,1928
write,285573,76,1929
write,288082,63,1930
write,274620,47,1931
write,316123,25,1932
write,326782,100,1933
write,294985,18,1934
write,311962,35,1935
write,291942,40,1936
write,281418,1,1937
write,279944,75,1938
write,64451624,34,1939
write,319488,42,1940
write,330065,51,1941
write,283764,21,1942
write,332851,54,1943
write,288154,50,1944
write,294344,80,1945
write,305797,24,1946
write,324163,44,1947
write,362434,4,1948
write,293875,23,1949
write,305192,77,1950
write,315463,20,1951
write,310394,10,1952
write,307792,71,1953
write,292316,92,1954
write,278346,19,1955
write,283352,80,1956
write,265055,82,1957
write,281415,60,1958
write,309956,81,1959
write,288371,49,1960
write,286657,55,1961
write,128843669,15,1962
write,402016,66,1963
write,311172,95,1964
write,295596,51,1965
write,281317,78,1966
write,304347,64,1967
write,273333,59,1968
write,306143,89,1969
write,266614,75,1970
write,297968,81,1971
write,285359,35,1972
write,270517,98,1973
write,287625,68,1974
write,72351062,24,1975
write,382123,26,1976
write,312171,29,1977
write,328072,10,1978
write,309059,70,1979
write,288032,86,1980
write,284965,42,1981
write,280572,85,1982
write,317250,18,1983
write,320835,70,1984
write,284216,77,1985
write,311497,2,1986
write,310045,1,1987
write,64396389,88,1988
write,367673,76,1989
write,320898,48,1990
write,294172,56,1991
write,280399,54,1992
write,301557,18,1993
write,301640,63,1994
write,289433,8,1995
write,280924,48,1996
write,297711,89,1997
write,287789,44,1998
write,286812,10,1999
write,52351696,11,2000
write,375590,63,2001
write,287027,32,2002
write,298220,17,2003
write,265489,93,2004
write,293311,38,2005
write,277366,50,2006
write,296895,16,2007
write,280055,56,2008
write,282380,43,2009
write,306161,69,2010
write,281592,22,2011
write,285821,48,2012
write,56347000,92,2013
write,380594,38,2014
write,361410,78,2015
write,278700,3,2016
write,285619,14,2017
write,294010,25,2018
write,293519,41,2019
write,288027,19,2020
write,283101,23,2021
write,294201,53,2022
write,281575,60,2023
write,295636,19,2024
write,275198,5,2025
write,56362579,71,2026
write,343762,46,2027
write,327938,33,2028
write,11426832,6,2029
write,319351,27,2030
write,336143,21,2031
write,297779,16,2032
write,319412,96,2033
write,283144,4,2034
write,323043,38,2035
write,286604,86,2036
write,301826,59,2037
write,282621,9,2038
write,303789,13,2039
write,328835,7,2040
write,56382462,67,2041
write,346482,45,2042
write,319185,91,2043
write,296949,88,2044
write,279680,48,2045
write,300667,50,2046
write,345786,53,2047
write,286033,59,2048
write,299912,55,2049
write,292819,39,2050
write,298729,41,2051
write,276327,67,2052
write,298403,8,2053
write,60477662,11,2054
write,4065056,87,2055
write,284229,59,2056
write,286843,95,2057
write,284439,95,2058
write,279580,5,2059
write,287733,60,2060
write,299798,94,2061
write,295886,57,2062
write,287749,61,2063
write,298033,5,2064
write,280021,66,2065
write,289030,45,2066
write,52404013,72,2067
write,370247,48,2068
write,334191,86,2069
write,282552,44,2070
write,298360,66,2071
write,274824,47,2072
write,307133,46,2073
write,315312,22,2074
write,265129,56,2075
write,257086,59,2076
write,286091,7,2077
write,284519,36,2078
write,370534,89,2079
write,68466705,65,2080
write,316990,68,2081
write,292670,30,2082
write,273157,55,2083
write,281930,87,2084
write,292961,52,2085
write,292605,12,2086
write,273078,5,2087
write,293535,35,2088
write,295780,93,2089
write,263709,38,2090
write,282127,37,2091
write,291860,4,2092
write,48389105,80,2093
write,325692,85,2094
write,322620,26,2095
write,283064,90,2096
write,320333,66,2097
write,272900,2,2098
write,299205,76,2099
write,301529,65,2100
write,286312,32,2101
write,281659,84,2102
write,303124,46,2103
write,332008,48,2104
write,64362023,50,2105
write,12206580,56,2106
write,337317,15,2107
write,287095,32,2108
write,334787,50,2109
write,290932,36,2110
write,298305,76,2111
write,302564,85,2112
write,283430,88,2113
write,284990,66,2114
write,306178,94,2115
write,359538,84,2116
write,310601,10,2117
write,56393763,53,2118
write,352805,21,2119
write,286621,83,2120
write,304191,73,2121
write,287950,91,2122
write,304874,46,2123
write,320484,18,2124
write,336068,90,2125
write,288549,27,2126
write,286130,9,2127
write,366016,71,2128
write,292860,38,2129
write,307733,65,2130
write,293792,51,2131
write,65633332,1,2132
write,332334,34,2133
write,291213,63,2134
write,303934,43,2135
write,281258,69,2136
write,318716,41,2137
write,275878,16,2138
write,36493549,84,2139
write,352940,2,2140
write,320169,57,2141
write,279612,96,2142
write,303429,45,2143
write,283080,77,2144
write,336317,11,2145
write,351903,77,2146
write,278242,30,2147
write,296296,55,2148
write,288582,2,2149
write,281941,22,2150
write,80402077,82,2151
write,346729,18,2152
write,286441,92,2153
write,276969,95,2154
write,287147,65,2155
write,319286,50,2156
write,303866,71,2157
write,288879,3,2158
write,334188,81,2159
write,301786,15,2160
write,308565,68,2161
write,276924,27,2162
write,312194,99,2163
write,52411007,16,2164
write,303982,34,2165
write,282405,50,2166
write,402912,95,2167
write,318980,3,2168
write,298806,73,2169
write,287772,96,2170
write,323493,23,2171
write,279043,21,2172
write,277942,66,2173
write,290088,40,2174
write,376674,22,2175
write,52430666,66,2176
write,318446,80,2177
write,306344,48,2178
write,292484,65,2179
write,276927,42,2180
write,310865,93,2181
write,282243,40,2182
write,280183,43,2183
write,270097,52,2184
write,269637,95,2185
write,289236,83,2186
write,280822,21,2187
write,309848,95,2188
write,60398297,53,2189
write,314745,34,2190
write,299851,41,2191
write,276501,55,2192
write,291217,92,2193
write,297229,42,2194
write,305524,68,2195
write,277500,31,2196
write,285795,72,2197
write,260306,82,2198
write,298839,12,2199
write,276883,85,2200
write,284373,68,2201
write,60444713,51,2202
write,332345,18,2203
write,270612,57,2204
write,311188,85,2205
write,283162,32,2206
write,322615,82,2207
write,277806,43,2208
write,295317,91,2209
write,289512,15,2210
write,294235,20,2211
write,284981,56,2212
write,293576,64,2213
write,277687,22,2214
write,60409073,9,2215
write,307242,61,2216
write,307357,11,2217
write,268788,12,2218
write,296429,65,2219
write,301688,24,2220
write,273053,87,2221
write,274162,92,2222
write,305275,78,2223
write,286749,4,2224
write,322588,7,2225
write,259152,56,2226
write,298526,55,2227
write,76461285,18,2228
write,313848,9,2229
write,292955,86,2230
write,332662,18,2231
write,313110,78,2232
write,280684,7,2233
write,367169,93,2234
write,321893,99,2235
write,283110,59,2236
write,275524,45,2237
write,336832,93,2238
write,323030,69,2239
write,293815,79,2240
write,286660,94,2241
write,294104,87,2242
write,285947,51,2243
write,282813,39,2244
write,311644,10,2245
write,312505,17,2246
write,310560,94,2247
write,285051,88,2248
write,288772,39,2249
write,294964,73,2250
write,267407,76,2251
write,291959,55,2252
write,132435514,52,2253
write,330668,87,2254
write,290637,8,2255
write,277702,89,2256
write,272316,19,2257
write,288073,34,2258
write,329512,18,2259
write,267940,63,2260
write,283202,80,2261
write,285842,71,2262
write,280564,39,2263
write,333807,21,2264
write,310679,12,2265
write,68492359,36,2266
write,327949,91,2267
write,285545,5,2268
write,294893,56,2269
write,338375,43,2270
write,375321,33,2271
write,279850,6,2272
write,288953,45,2273
write,298973,7,2274
write,283147,82,2275
write,290206,71,2276
write,315995,8,2277
write,48406214,83,2278
write,302271,7,2279
write,296045,82,2280
write,294262,68,2281
write,286273,100,2282
write,327649,73,2283
write,290994,88,2284
write,291121,24,2285
write,279000,96,2286
write,315835,29,2287
write,312438,8,2288
write,307497,15,2289
write,56304346,73,2290
write,433584,55,2291
write,311823,86,2292
write,291235,96,2293
write,304845,34,2294
write,301216,34,2295
write,265699,74,2296
write,276696,19,2297
write,283012,21,2298
write,285252,48,2299
write,284060,29,2300
write,297964,94,2301
write,274006,61,2302
write,68413272,88,2303
write,337040,29,2304
write,300221,36,2305
write,289184,66,2306
write,324487,68,2307
write,287604,43,2308
write,314713,32,2309
write,320552,10,2310
write,296442,70,2311
write,284270,83,2312
write,303409,77,2313
write,298343,59,2314
write,273857,72,2315
write,68412712,20,2316
write,308603,92,2317
write,283688,36,2318
write,299762,88,2319
write,293972,12,2320
write,330202,40,2321
write,292811,29,2322
write,293546,69,2323
write,292716,13,2324
write,314348,30,2325
write,273024,72,2326
write,297239,63,2327
write,64496556,10,2328
write,435862,72,2329
write,313300,86,2330
write,332649,17,2331
write,292262,13,2332
write,303624,85,2333
write,287190,49,2334
write,361840,3,2335
write,347750,52,2336
write,394142,8,2337
write,288140,35,2338
write,304673,85,2339
write,52630632,97,2340
write,333271,85,2341
write,295353,25,2342
write,295848,53,2343
write,289842,61,2344
write,265292,41,2345
write,271781,71,2346
write,288668,47,2347
write,317183,83,2348
write,276439,39,2349
write,280772,90,2350
write,299731,78,2351
write,58895677,22,2352
write,311455,17,2353
write,271140,71,2354
write,327300,13,2355
write,28408087,58,2356
write,347921,15,2357
write,297192,6,2358
write,294071,92,2359
write,339469,12,2360
write,329933,54,2361
write,287442,2,2362
write,287021,51,2363
write,284274,42,2364
write,276409,2,2365
write,278274,83,2366
write,318515,88,2367
write,292810,41,2368
write,52413328,89,2369
write,321762,4,2370
write,327395,97,2371
write,284700,35,2372
write,356750,48,2373
write,288307,1,2374
write,311982,17,2375
write,278669,51,2376
write,296473,49,2377
write,294079,59,2378
write,298108,92,2379
write,293119,99,2380
write,60338761,35,2381
write,376135,47,2382
write,308934,22,2383
write,301315,66,2384
write,312805,11,2385
write,289312,33,2386
write,279090,30,2387
write,309809,75,2388
write,282349,51,2389
write,294360,91,2390
write,319360,74,2391
write,282409,72,2392
write,331834,51,2393
write,60410839,72,2394
write,316357,10,2395
write,313453,46,2396
write,296324,58,2397
write,288988,41,2398
write,324116,59,2399
write,275036,61,2400
write,285593,28,2401
write,321830,33,2402
write,296062,37,2403
write,292737,84,2404
write,315937,19,2405
write,60326284,30,2406
write,381432,13,2407
write,346109,99,2408
write,296207,68,2409
write,287656,15,2410
write,308823,23,2411
write,292424,53,2412
write,275634,94,2413
write,271303,91,2414
write,328929,67,2415
write,303935,57,2416
write,345026,81,2417
write,268971,16,2418
write,60527008,42,2419
write,323010,11,2420
write,316169,49,2421
write,289812,69,2422
write,292577,5,2423
write,310405,93,2424
write,286060,16,2425
write,281976,38,2426
write,299521,97,2427
write,332014,34,2428
write,293298,26,2429
write,284293,90,2430
write,80544568,100,2431
write,367642,74,2432
write,319132,50,2433
write,287200,12,2434
write,291798,44,2435
write,291994,94,2436
write,383876,74,2437
write,293972,15,2438
write,315310,79,2439
write,289485,20,2440
write,298834,6,2441
write,295255,64,2442
write,48491816,4,2443
write,321909,67,2444
write,322190,60,2445
write,297020,23,2446
write,315161,93,2447
write,302613,88,2448
write,359450,95,2449
write,304454,11,2450
write,316137,16,2451
write,295528,75,2452
write,289603,54,2453
write,274434,70,2454
write,64161927,93,2455
write,332666,65,2456
write,351990,13,2457
write,317333,53,2458
write,284284,94,2459
write,285115,75,2460
write,277950,34,2461
write,299787,55,2462
write,332021,15,2463
write,300932,52,2464
write,330272,32,2465
write,396746,88,2466
write,279718,97,2467
write,305569,33,2468
write,348123,11,2469
write,318841,28,2470
write,282818,49,2471
write,302993,10,2472
write,302484,18,2473
write,287058,14,2474
write,302444,20,2475
write,301689,7,2476
write,269392,43,2477
write,141360467,90,2478
write,346589,24,2479
write,282786,84,2480
write,340266,27,2481
write,280454,92,2482
write,321954,83,2483
write,285594,58,2484
write,277927,75,2485
write,295823,95,2486
write,316699,71,2487
write,318059,81,2488
write,285802,55,2489
write,49000244,30,2490
write,336062,81,2491
write,280167,96,2492
write,295689,37,2493
write,279527,46,2494
write,313270,79,2495
write,302428,77,2496
write,287910,59,2497
write,369642,1,2498
write,305188,97,2499
write,271430,95,2500
write,458246,47,2501
write,296948,9,2502
write,289401,28,2503
write,287456,9,2504
write,288660,96,2505
write,307826,11,2506
write,290374,25,2507
write,286345,65,2508
write,282416,29,2509
write,285532,22,2510
write,308199,57,2511
write,286096,95,2512
write,124462151,1,2513
write,5606239,15,2514
write,433614,56,2515
write,320716,32,2516
write,316694,11,2517
write,302421,63,2518
write,328227,65,2519
write,278992,14,2520
write,40406296,81,2521
write,335887,53,2522
write,301697,62,2523
write,402426,75,2524
write,285289,5,2525
write,303389,54,2526
write,345115,97,2527
write,278164,4,2528
write,322258,90,2529
write,274923,84,2530
write,260279,3,2531
write,276083,97,2532
write,84333555,1,2533
write,360407,86,2534
write,301508,13,2535
write,290712,15,2536
write,295524,52,2537
write,289436,56,2538
write,284664,10,2539
write,287667,22,2540
write,289433,50,2541
write,285963,8,2542
write,318837,81,2543
write,301282,62,2544
write,325906,27,2545
write,56427513,73,2546
write,362836,44,2547
write,285267,89,2548
write,285529,89,2549
write,285044,94,2550
write,279818,50,2551
write,278971,22,2552
write,286209,70,2553
write,273133,52,2554
write,292779,60,2555
write,272837,93,2556
write,271182,1,2557
write,262586,48,2558
write,64492706,16,2559
write,327526,63,2560
write,294003,48,2561
write,295267,19,2562
write,309866,90,2563
write,281830,69,2564
write,329587,10,2565
write,318062,71,2566
write,300956,47,2567
write,276084,82,2568
write,299515,53,2569
write,283097,14,2570
write,64346834,8,2571
write,371853,16,2572
write,303668,73,2573
write,285987,47,2574
write,291511,76,2575
write,300361,22,2576
write,318573,87,2577
write,280578,56,2578
write,278892,52,2579
write,276905,31,2580
write,357427,17,2581
write,261424,96,2582
write,307183,93,2583
write,285708,15,2584
write,294698,68,2585
write,306838,31,2586
write,301862,37,2587
write,277251,14,2588
write,320892,98,2589
write,285815,26,2590
write,375677,59,2591
write,272525,5,2592
write,288953,74,2593
write,287743,99,2594
write,295359,3,2595
write,291270,9,2596
write,92397943,46,2597
write,354733,62,2598
write,276601,16,2599
write,280592,75,2600
write,300614,5,2601
write,281133,6,2602
write,277819,94,2603
write,284565,32,2604
write,274925,41,2605
write,349496,36,2606
write,324316,53,2607
write,262224,39,2608
write,323782,26,2609
write,268625,2,2610
write,290442,60,2611
write,275980,72,2612
write,301281,64,2613
write,298740,26,2614
write,297263,23,2615
write,353934,46,2616
write,289479,27,2617
write,281680,80,2618
write,301584,95,2619
write,286320,72,2620
write,279785,26,2621
write,283953,14,2622
write,152412513,40,2623
write,662583,61,2624
write,318590,42,2625
write,299031,9,2626
write,294088,8,2627
write,277436,92,2628
write,317401,58,2629
write,304796,1,2630
write,292839,1,2631
write,277125,45,2632
write,307063,73,2633
write,292579,60,2634
write,34539192,11,2635
write,371257,27,2636
write,297567,78,2637
write,305053,69,2638
write,289269,62,2639
write,40376935,43,2640
write,356978,94,2641
write,318856,56,2642
write,292674,81,2643
write,291770,11,2644
write,300672,41,2645
write,265659,72,2646
write,323359,31,2647
write,266112,34,2648
write,313399,94,2649
write,269332,42,2650
write,275320,61,2651
write,274788,61,2652
write,68419933,18,2653
write,350418,87,2654
write,311071,27,2655
write,285895,28,2656
write,288165,85,2657
write,292704,73,2658
write,277177,75,2659
write,290666,76,2660
write,299911,8,2661
write,282493,42,2662
write,312045,67,2663
write,337737,82,2664
write,279767,22,2665
write,68442438,20,2666
write,323386,95,2667
write,325819,11,2668
write,281119,13,2669
write,359995,43,2670
write,310861,49,2671
write,304929,43,2672
write,310288,40,2673
write,266821,34,2674
write,305427,46,2675
write,274381,19,2676
write,281325,41,2677
write,61704846,64,2678
write,356993,76,2679
write,310476,64,2680
write,285672,23,2681
write,291963,77,2682
write,297069,74,2683
write,276516,36,2684
write,283709,83,2685
write,288476,100,2686
write,32447596,25,2687
write,297936,63,2688
write,286071,10,2689
write,287781,9,2690
write,306466,30,2691
write,286960,64,2692
write,370137,9,2693
write,324886,67,2694
write,288371,81,2695
write,276201,70,2696
write,294404,68,2697
write,292684,10,2698
write,284679,39,2699
write,300541,20,2700
write,301366,31,2701
write,288624,15,2702
write,304068,84,2703
write,278533,84,2704
write,292232,12,2705
write,304705,7,2706
write,288703,27,2707
write,277517,44,2708
write,129251547,76,2709
write,392832,53,2710
write,312883,84,2711
write,284153,79,2712
write,294199,48,2713
write,304770,25,2714
write,306683,59,2715
write,278893,63,2716
write,510860,1,2717
write,318562,50,2718
write,313603,51,2719
write,280267,88,2720
write,56416533,94,2721
write,332609,97,2722
write,273406,55,2723
write,290472,92,2724
write,286300,29,2725
write,294982,21,2726
write,305041,7,2727
write,294153,54,2728
write,295172,33,2729
write,275052,54,2730
write,288429,71,2731
write,365525,17,2732
write,287961,79,2733
write,307843,60,2734
write,8099580,67,2735
write,319091,76,2736
write,301743,63,2737
write,290167,87,2738
write,345094,61,2739
write,294365,19,2740
write,270994,48,2741
write,295129,67,2742
write,279490,12,2743
write,296940,21,2744
write,294474,14,2745
write,291045,24,2746
write,285107,18,2747
write,383210,77,2748
write,309093,18,2749
write,283134,75,2750
write,347780,12,2751
write,311858,80,2752
write,300920,70,2753
write,285442,2,2754
write,273261,97,2755
write,291217,24,2756
write,321905,79,2757
write,290401,83,2758
write,286397,44,2759
write,64399669,11,2760
write,325503,55,2761
write,303234,1,2762
write,284758,5,2763
write,285761,46,2764
write,269044,49,2765
write,284222,55,2766
write,289981,10,2767
write,279245,95,2768
write,293323,9,2769
write,311846,83,2770
write,320765,87,2771
write,318019,89,2772
write,52419008,86,2773
write,299379,72,2774
write,311715,18,2775
write,282623,57,2776
write,285390,100,2777
write,301693,61,2778
write,277646,38,2779
write,304285,36,2780
write,296972,86,2781
write,302176,96,2782
write,311471,1,2783
write,276196,44,2784
write,298881,94,2785
write,76448087,35,2786
write,322523,17,2787
write,304657,17,2788
write,319695,84,2789
write,296639,78,2790
write,291642,8,2791
write,294746,40,2792
write,280586,88,2793
write,279201,65,2794
write,380494,9,2795
write,303498,29,2796
write,285560,83,2797
write,288481,71,2798
write,338050,26,2799
write,282742,47,2800
write,301678,8,2801
write,267581,35,2802
write,312353,40,2803
write,269492,20,2804
write,291225,37,2805
write,279937,99,2806
write,299667,40,2807
write,289847,33,2808
write,271011,79,2809
write,296706,58,2810
write,124351882,91,2811
write,353527,82,2812
write,301156,11,2813
write,289667,5,2814
write,364247,87,2815
write,287926,65,2816
write,309421,95,2817
write,299662,53,2818
write,287198,10,2819
write,285507,45,2820
write,312042,59,2821
write,300720,6,2822
write,308705,19,2823
write,56415611,43,2824
write,347212,51,2825
write,306270,11,2826
write,278479,79,2827
write,290624,94,2828
write,299189,71,2829
write,330209,86,2830
write,285429,6,2831
write,303210,63,2832
write,281767,31,2833
write,280632,81,2834
write,302914,54,2835
write,48329639,54,2836
write,377160,44,2837
write,298997,72,2838
write,291645,33,2839
write,275961,35,2840
write,349999,13,2841
write,294297,30,2842
write,308018,34,2843
write,282849,90,2844
write,277968,61,2845
write,288136,91,2846
write,373174,83,2847
write,278698,31,2848
write,71147176,60,2849
write,298993,40,2850
write,309275,35,2851
write,349495,5,2852
write,412472,78,2853
write,302212,55,2854
write,272775,26,2855
write,311102,19,2856
write,293288,33,2857
write,287176,96,2858
write,303944,97,2859
write,326050,33,2860
write,282084,66,2861
write,283004,40,2862
write,309080,50,2863
write,276877,45,2864
write,52457462,49,2865
write,314748,80,2866
write,316084,38,2867
write,284437,59,2868
write,287761,98,2869
write,275906,26,2870
write,302312,39,2871
write,345701,43,2872
write,284283,67,2873
write,295590,52,2874
write,277455,48,2875
write,370021,23,2876
write,63634516,61,2877
write,367411,90,2878
write,353901,93,2879
write,293776,77,2880
write,280016,17,2881
write,304457,34,2882
write,314333,93,2883
write,283527,94,2884
write,323299,7,2885
write,303783,1,2886
write,377207,5,2887
write,282419,84,2888
write,305964,40,2889
write,301278,5,2890
write,265947,17,2891
write,297803,6,2892
write,266806,72,2893
write,276509,16,2894
write,310720,87,2895
write,286844,14,2896
write,294524,20,2897
write,472894,20,2898
write,293202,30,2899
write,301112,13,2900
write,282957,83,2901
write,265124,76,2902
write,296399,46,2903
write,276094,33,2904
write,140485933,42,2905
write,347555,45,2906
write,314391,1,2907
write,295965,13,2908
write,285214,48,2909
write,372258,74,2910
write,416992,67,2911
write,286464,75,2912
write,366922,6,2913
write,288644,12,2914
write,304595,33,2915
write,292310,16,2916
write,303923,91,2917
write,279947,55,2918
write,7699692,19,2919
write,341904,37,2920
write,296384,67,2921
write,99294437,21,2922
write,327880,60,2923
write,308441,25,2924
write,299067,11,2925
write,278104,40,2926
write,332180,29,2927
write,294254,30,2928
write,312522,70,2929
write,283493,65,2930
write,315806,33,2931
write,283604,10,2932
write,320016,65,2933
write,282440,41,2934
write,56418136,64,2935
write,338629,32,2936
write,311462,75,2937
write,294789,37,2938
write,301196,50,2939
write,291727,84,2940
write,285021,91,2941
write,289703,48,2942
write,342085,88,2943
write,307973,68,2944
write,292941,13,2945
write,277853,90,2946
write,72407868,88,2947
write,319763,94,2948
write,317273,65,2949
write,324205,14,2950
write,312501,69,2951
write,285801,82,2952
write,300837,82,2953
write,272349,84,2954
write,283739,14,2955
write,286605,68,2956
write,278039,25,2957
write,295121,34,2958
write,290411,16,2959
write,56401385,73,2960
write,346166,63,2961
write,300126,10,2962
write,293172,77,2963
write,301541,48,2964
write,290598,22,2965
write,295394,58,2966
write,318315,42,2967
write,275637,97,2968
write,303889,7,2969
write,304281,13,2970
write,318230,24,2971
write,64344882,18,2972
write,416225,23,2973
write,318357,94,2974
write,327305,60,2975
write,311604,88,2976
write,297677,30,2977
write,278076,51,2978
write,302156,91,2979
write,281713,53,2980
write,274018,19,2981
write,277711,13,2982
write,276438,53,2983
write,296416,19,2984
write,63847595,3,2985
write,331707,19,2986
write,314360,34,2987
write,310452,56,2988
write,275457,61,2989
write,273611,53,2990
write,314801,1,2991
write,280953,86,2992
write,271848,75,2993
write,264998,67,2994
write,298752,16,2995
write,276633,83,2996
write,288030,16,2997
write,313593,76,2998
write,275772,84,2999
write,92533436,22,3000
write,339095,88,3001
write,279099,9,3002
write,379579,70,3003
write,302199,10,3004
write,358211,36,3005
write,290711,62,3006
write,300916,94,3007
write,326969,70,3008
write,308648,33,3009
write,344211,14,3010
write,290029,61,3011
write,271464,46,3012
write,311063,95,3013
write,307207,75,3014
write,305589,51,3015
write,288105,9,3016
write,290994,3,3017
write,94168242,45,3018
write,329241,7,3019
write,289526,90,3020
write,299386,1,3021
write,320969,15,3022
write,311313,69,3023
write,289626,84,3024
write,293730,57,3025
write,292552,49,3026
write,276649,51,3027
write,275599,64,3028
write,289409,59,3029
write,274703,74,3030
write,60393373,55,3031
write,327204,65,3032
write,311198,53,3033
write,408340,100,3034
write,277991,44,3035
write,300368,19,3036
write,281971,31,3037
write,355872,12,3038
write,330534,86,3039
write,281251,35,3040
write,311573,81,3041
write,292955,58,3042
write,68405748,26,3043
write,365237,14,3044
write,317970,75,3045
write,344132,97,3046
write,283897,26,3047
write,294958,8,3048
write,282104,20,3049
write,344332,94,3050
write,313725,46,3051
write,275807,59,3052
write,260335,97,3053
write,286546,1,3054
write,341478,24,3055
write,68464054,1,3056
write,339801,25,3057
write,291693,2,3058
write,317018,21,3059
write,283907,35,3060
write,280434,4,3061
write,283061,94,3062
write,318468,13,3063
write,292208,48,3064
write,280869,48,3065
write,278294,20,3066
write,271983,63,3067
write,57761079,24,3068
write,348669,45,3069
write,281409,97,3070
write,436785,48,3071
write,358271,65,3072
write,301125,55,3073
write,280270,87,3074
write,297320,46,3075
write,32596918,38,3076
write,332746,83,3077
write,313343,89,3078
write,366448,35,3079
write,283245,16,3080
write,301163,77,3081
write,282861,89,3082
write,265472,54,3083
write,286198,67,3084
write,297427,29,3085
write,275880,6,3086
write,311840,58,3087
write,52451980,23,3088
write,301656,51,3089
write,287349,15,3090
write,274834,16,3091
write,274818,89,3092
write,295996,22,3093
write,266319,1,3094
write,313798,81,3095
write,282027,87,3096
write,291807,45,3097
write,326515,17,3098
write,374470,77,3099
write,56319733,48,3100
write,367806,40,3101
write,285995,71,3102
write,329705,86,3103
write,293846,34,3104
write,300651,94,3105
write,273649,85,3106
write,286721,43,3107
write,284819,3,3108
write,280617,84,3109
write,318184,53,3110
write,287924,17,3111
write,296576,7,3112
write,56402685,44,3113
write,338609,1,3114
write,309640,86,3115
write,314984,71,3116
write,282619,28,3117
write,284073,24,3118
write,315419,11,3119
write,271679,14,3120
write,311287,5,3121
write,271289,24,3122
write,298645,9,3123
write,277575,57,3124
write,282321,98,3125
write,64397030,88,3126
write,330529,66,3127
write,333327,14,3128
write,304365,65,3129
write,293494,48,3130
write,319139,75,3131
write,294966,74,3132
write,266056,33,3133
write,290279,22,3134
write,317495,21,3135
write,296323,91,3136
write,278484,40,3137
write,303458,27,3138
write,63813913,87,3139
write,298329,64,3140
write,354034,18,3141
write,297301,97,3142
write,293247,81,3143
write,311620,100,3144
write,304167,100,3145
write,287465,21,3146
write,295963,71,3147
write,309044,21,3148
write,294289,28,3149
write,297113,83,3150
write,286963,62,3151
write,287569,2,3152
write,76427301,33,3153
write,321841,27,3154
write,300441,93,3155
write,339488,10,3156
write,323460,74,3157
write,278882,8,3158
write,321536,14,3159
write,281710,99,3160
write,304084,7,3161
write,284615,26,3162
write,285339,52,3163
write,360697,65,3164
write,72412062,97,3165
write,342569,21,3166
write,318371,90,3167
write,301449,89,3168
write,291277,84,3169
write,283676,60,3170
write,293395,73,3171
write,306995,37,3172
write,295427,66,3173
write,287863,9,3174
write,281489,17,3175
write,292805,37,3176
write,276749,28,3177
write,60433664,98,3178
write,341379,26,3179
write,327199,8,3180
write,290177,85,3181
write,282528,15,3182
write,315860,53,3183
write,300363,18,3184
write,311257,49,3185
write,267088,6,3186
write,302270,100,3187
write,288648,85,3188
write,314819,96,3189
write,56330544,97,3190
write,393580,85,3191
write,302102,93,3192
write,286350,10,3193
write,389380,11,3194
write,312885,35,3195
write,269229,57,3196
write,327204,75,3197
write,285141,34,3198
write,340501,26,3199
write,284263,73,3200
write,314741,95,3201
write,313859,80,3202
write,323100,66,3203
write,72026505,84,3204
write,328143,100,3205
write,320735,22,3206
write,308491,69,3207
write,273679,86,3208
write,282520,19,3209
write,288845,99,3210
write,266074,66,3211
write,309077,25,3212
write,293124,63,3213
write,313868,10,3214
write,288298,87,3215
write,280094,12,3216
write,407364,18,3217
write,283574,69,3218
write,320165,53,3219
write,281544,3,3220
write,306940,54,3221
write,279456,59,3222
write,296938,4,3223
write,284032,43,3224
write,307056,30,3225
write,306863,26,3226
write,306098,8,3227
write,281528,43,3228
write,76439458,43,3229
write,368048,85,3230
write,368103,59,3231
write,278088,70,3232
write,290243,91,3233
write,278534,7,3234
write,278496,94,3235
write,290150,51,3236
write,364750,49,3237
write,270037,7,3238
write,286799,84,3239
write,292523,42,3240
write,301582,63,3241
write,258781,84,3242
write,7983264,93,3243
write,52027031,94,3244
write,307025,13,3245
write,299334,29,3246
write,303475,71,3247
write,285373,96,3248
write,309547,28,3249
write,272206,72,3250
write,327985,39,3251
write,283868,75,3252
write,282094,19,3253
write,285851,55,3254
write,297597,77,3255
write,72648590,26,3256
write,385087,12,3257
write,309595,86,3258
write,372052,71,3259
write,289016,22,3260
write,295046,43,3261
write,281141,56,3262
write,309208,68,3263
write,300751,12,3264
write,287021,10,3265
write,323709,2,3266
write,295492,45,3267
write,60833578,77,3268
write,348156,26,3269
write,317772,99,3270
write,287673,28,3271
write,279108,16,3272
write,277199,100,3273
write,298394,70,3274
write,292234,81,3275
write,277615,74,3276
write,286273,53,3277
write,297372,15,3278
write,52498146,33,3279
write,385080,12,3280
write,326406,13,3281
write,269688,15,3282
write,288901,58,3283
write,288142,99,3284
write,313370,71,3285
write,285927,3,3286
write,281872,95,3287
write,275543,8,3288
write,288080,3,3289
write,315049,56,3290
write,68330011,66,3291
write,363200,84,3292
write,324903,34,3293
write,306645,87,3294
write,340494,29,3295
write,296649,15,3296
write,296995,44,3297
write,299266,6,3298
write,285554,26,3299
write,292928,19,3300
write,283144,66,3301
write,269983,16,3302
write,289598,90,3303
write,56414594,11,3304
write,322345,22,3305
write,289131,98,3306
write,284829,60,3307
write,280838,47,3308
write,283212,66,3309
write,285167,60,3310
write,323337,92,3311
write,303125,100,3312
write,281911,54,3313
write,275303,24,3314
write,347788,69,3315
write,280039,91,3316
write,64408322,6,3317
write,314543,47,3318
write,300742,82,3319
write,307785,45,3320
write,305240,33,3321
write,286335,44,3322
write,286377,68,3323
write,291014,29,3324
write,274506,90,3325
write,276168,92,3326
write,315380,7,3327
write,272483,74,3328
write,298126,31,3329
write,64412111,82,3330
write,308854,13,3331
write,294885,30,3332
write,317829,17,3333
write,306150,7,3334
write,276757,62,3335
write,295111,84,3336
write,285648,67,3337
write,280956,25,3338
write,289961,78,3339
write,302658,11,3340
write,292268,96,3341
write,83252829,34,3342
write,362919,76,3343
write,303659,14,3344
write,324667,83,3345
write,300742,22,3346
write,312565,9,3347
write,278738,31,3348
write,303529,48,3349
write,270336,80,3350
write,312934,16,3351
write,276539,41,3352
write,313857,80,3353
write,303896,28,3354
write,319584,55,3355
write,285067,40,3356
write,314267,57,3357
write,288023,10,3358
write,92517959,84,3359
write,286910,18,3360
write,296325,6,3361
write,293354,53,3362
write,287646,17,3363
write,287290,4,3364
write,297782,42,3365
write,282215,29,3366
write,282142,71,3367
write,294220,9,3368
write,273349,31,3369
write,278661,16,3370
write,48337118,61,3371
write,379742,4,3372
write,290106,20,3373
write,271673,56,3374
write,328917,64,3375
write,271698,61,3376
write,271046,97,3377
write,344173,68,3378
write,284137,37,3379
write,277093,30,3380
write,350892,83,3381
write,515870,93,3382
write,75591913,83,3383
write,378642,76,3384
write,331197,50,3385
write,298608,46,3386
write,307209,63,3387
write,282640,96,3388
write,260266,29,3389
write,276703,79,3390
write,319956,47,3391
write,281014,7,3392
write,285877,66,3393
write,285662,29,3394
write,282439,90,3395
write,288260,78,3396
write,308281,51,3397
write,273261,78,3398
write,76510565,73,3399
write,283249,82,3400
write,287318,52,3401
write,293573,99,3402
write,282485,37,3403
write,286313,91,3404
write,298880,68,3405
write,289842,9,3406
write,282376,83,3407
write,284200,99,3408
write,307017,61,3409
write,277278,37,3410
write,49574252,97,3411
write,399713,85,3412
write,277394,10,3413
write,318530,78,3414
write,277198,83,3415
write,280284,17,3416
write,316072,21,3417
write,280798,67,3418
write,300712,90,3419
write,47574652,27,3420
write,323516,48,3421
write,16369643,49,3422
write,403479,65,3423
write,320521,52,3424
write,293637,55,3425
write,304744,13,3426
write,291236,21,3427
write,293653,80,3428
write,324326,64,3429
write,318090,48,3430
write,304966,92,3431
write,426350,55,3432
write,288209,19,3433
write,55767250,12,3434
write,352780,4,3435
write,342317,53,3436
write,298597,16,3437
write,282866,74,3438
write,309836,82,3439
write,285755,44,3440
write,317932,87,3441
write,286187,35,3442
write,345819,47,3443
write,283488,100,3444
write,276111,12,3445
write,290581,37,3446
write,293392,96,3447
write,323413,75,3448
write,291734,32,3449
write,284902,64,3450
write,281510,42,3451
write,287193,35,3452
write,288709,30,3453
write,286787,1,3454
write,353288,64,3455
write,325958,85,3456
write,127153719,91,3457
write,321412,13,3458
write,308112,41,3459
write,292100,48,3460
write,311963,11,3461
write,298700,34,3462
write,315880,70,3463
write,285987,21,3464
write,36377662,22,3465
write,352045,85,3466
write,288225,9,3467
write,284812,36,3468
write,315444,9,3469
write,299240,49,3470
write,333799,43,3471
write,293091,89,3472
write,316417,57,3473
write,282633,66,3474
write,281548,39,3475
write,298573,65,3476
write,309121,49,3477
write,72405127,26,3478
write,320908,60,3479
write,292768,82,3480
write,298057,85,3481
write,315378,39,3482
write,299546,39,3483
write,277422,31,3484
write,303606,49,3485
write,289011,35,3486
write,340495,61,3487
write,320569,90,3488
write,307344,15,3489
write,60401526,4,3490
write,344500,27,3491
write,304386,91,3492
write,295636,46,3493
write,278051,97,3494
write,309444,29,3495
write,299995,36,3496
write,289412,9,3497
write,273208,32,3498
write,287531,96,3499
write,280665,69,3500
write,299834,2,3501
write,284038,53,3502
write,68422606,90,3503
write,313390,16,3504
write,318588,3,3505
write,279361,35,3506
write,300769,79,3507
write,282016,5,3508
write,282084,73,3509
write,279569,71,3510
write,279759,53,3511
write,295212,98,3512
write,273581,98,3513
write,291526,40,3514
write,269337,97,3515
write,56393687,41,3516
write,320053,22,3517
write,292741,32,3518
write,332191,30,3519
write,319800,94,3520
write,285000,82,3521
write,288237,89,3522
write,284624,26,3523
write,277644,2,3524
write,318296,73,3525
write,326529,91,3526
write,357924,46,3527
write,44357464,77,3528
write,374346,34,3529
write,316775,65,3530
write,291485,4,3531
write,290724,40,3532
write,282824,75,3533
write,299962,86,3534
write,276911,27,3535
write,293224,24,3536
write,348384,7,3537
write,294399,4,3538
write,282117,67,3539
write,281691,90,3540
write,64410703,84,3541
write,307851,89,3542
write,327119,56,3543
write,283591,30,3544
write,299940,83,3545
write,308460,74,3546
write,269944,42,3547
write,292682,80,3548
write,308389,49,3549
write,305297,42,3550
write,407701,23,3551
write,288895,17,3552
write,298858,28,3553
write,298141,81,3554
write,296728,14,3555
write,287925,59,3556
write,277956,28,3557
write,86866270,14,3558
write,366655,63,3559
write,295261,92,3560
write,286088,7,3561
write,365096,11,3562
write,299519,37,3563
write,296691,8,3564
write,373567,13,3565
write,291556,100,3566
write,313584,49,3567
write,322381,83,3568
write,295646,73,3569
write,60324580,25,3570
write,385288,63,3571
write,285998,37,3572
write,311791,70,3573
write,286743,44,3574
write,287440,10,3575
write,306836,54,3576
write,284707,93,3577
write,288872,93,3578
write,309128,43,3579
write,285316,77,3580
write,298781,98,3581
write,274533,47,3582
write,64492386,9,3583
write,333942,52,3584
write,321237,9,3585
write,299320,48,3586
write,279206,29,3587
write,283316,16,3588
write,345950,16,3589
write,339617,3,3590
write,312055,83,3591
write,278530,44,3592
write,310394,11,3593
write,292509,48,3594
write,60317988,89,3595
write,374735,42,3596
write,332258,52,3597
write,322336,2,3598
write,312665,59,3599
write,277568,12,3600
write,305331,10,3601
write,308115,38,3602
write,297834,58,3603
write,283896,68,3604
write,289639,20,3605
write,263505,81,3606
write,297639,81,3607
write,42600153,50,3608
write,360670,67,3609
write,329048,38,3610
write,285919,87,3611
write,284909,3,3612
write,20423855,78,3613
write,372757,69,3614
write,343018,44,3615
write,283289,32,3616
write,315096,12,3617
write,280637,29,3618
write,298754,73,3619
write,292916,80,3620
write,283074,75,3621
write,292255,9,3622
write,275557,33,3623
write,295708,54,3624
write,315149,4,3625
write,84388872,48,3626
write,347474,74,3627
write,314774,98,3628
write,288467,21,3629
write,363033,39,3630
write,320383,6,3631
write,354410,48,3632
write,413713,89,3633
write,280576,19,3634
write,304407,27,3635
write,296011,60,3636
write,278182,90,3637
write,278630,51,3638
write,306728,100,3639
write,337717,1,3640
write,273227,51,3641
write,274166,20,3642
write,276166,68,3643
write,278823,61,3644
write,285321,8,3645
write,277216,57,3646
write,312241,51,3647
write,305979,1,3648
write,291493,39,3649
write,307949,76,3650
write,112610872,10,3651
write,292982,61,3652
write,311565,100,3653
write,289170,31,3654
write,295280,61,3655
write,272461,87,3656
write,304843,50,3657
write,304464,50,3658
write,280663,53,3659
write,327423,82,3660
write,299126,2,3661
write,274294,29,3662
write,322550,64,3663
write,296177,18,3664
write,277501,30,3665
write,274849,8,3666
write,300344,39,3667
write,295753,16,3668
write,286208,38,3669
write,278057,18,3670
write,313025,81,3671
write,101528277,52,3672
write,392342,64,3673
write,317341,99,3674
write,306309,38,3675
write,312769,10,3676
write,286093,47,3677
write,288531,36,3678
write,326732,36,3679
write,296655,69,3680
write,318681,14,3681
write,346704,65,3682
write,292532,84,3683
write,277514,84,3684
write,72421379,74,3685
write,316465,4,3686
write,309214,23,3687
write,299887,36,3688
write,302108,11,3689
write,280779,3,3690
write,293085,15,3691
write,307971,10,3692
write,321849,89,3693
write,276331,68,3694
write,314630,75,3695
write,281368,79,3696
write,56402888,75,3697
write,314320,30,3698
write,332287,44,3699
write,287586,51,3700
write,284416,13,3701
write,291033,99,3702
write,283273,63,3703
write,293896,79,3704
write,286265,59,3705
write,277408,88,3706
write,298326,80,3707
write,287125,70,3708
write,269947,61,3709
write,64378585,79,3710
write,413098,52,3711
write,294584,82,3712
write,322221,2,3713
write,298828,58,3714
write,286961,31,3715
write,289035,15,3716
write,343677,52,3717
write,310238,58,3718
write,292924,90,3719
write,275131,22,3720
write,288386,28,3721
write,280887,23,3722
write,64412569,99,3723
write,298944,36,3724
write,315896,11,3725
write,296307,95,3726
write,307972,83,3727
write,285490,41,3728
write,335587,75,3729
write,270577,31,3730
write,289810,85,3731
write,285548,49,3732
write,335017,53,3733
write,263070,62,3734
write,332096,64,3735
write,265935,4,3736
write,283316,40,3737
write,281546,8,3738
write,298373,8,3739
write,279832,18,3740
write,287603,89,3741
write,271941,84,3742
write,343802,91,3743
write,298100,38,3744
write,282387,3,3745
write,290454,40,3746
write,275041,30,3747
write,293513,58,3748
write,137722854,74,3749
write,312838,40,3750
write,274518,71,3751
write,278740,83,3752
write,297999,61,3753
write,261606,76,3754
write,286888,38,3755
write,295742,84,3756
write,48348422,41,3757
write,441315,30,3758
write,388256,45,3759
write,282486,64,3760
write,342886,28,3761
write,279312,12,3762
write,348594,39,3763
write,278650,100,3764
write,300108,65,3765
write,298456,83,3766
write,288224,68,3767
write,301220,71,3768
write,56379687,83,3769
write,353919,96,3770
write,307136,69,3771
write,287591,36,3772
write,340595,73,3773
write,295353,28,3774
write,311484,51,3775
write,288066,15,3776
write,382471,30,3777
write,319956,24,3778
write,316730,73,3779
write,285423,62,3780
write,64359311,40,3781
write,413452,66,3782
write,321562,96,3783
write,292147,20,3784
write,291135,80,3785
write,312809,48,3786
write,273589,71,3787
write,293482,63,3788
write,289656,33,3789
write,300636,24,3790
write,285785,9,3791
write,288733,5,3792
write,297848,29,3793
write,52550672,5,3794
write,442558,50,3795
write,295170,51,3796
write,301098,77,3797
write,287518,68,3798
write,287777,25,3799
write,275462,41,3800
write,299629,23,3801
write,294302,49,3802
write,273589,1,3803
write,301312,67,3804
write,275190,32,3805
write,72748719,70,3806
write,7850921,14,3807
write,301847,17,3808
write,285105,73,3809
write,286146,6,3810
write,276529,6,3811
write,292921,75,3812
write,318947,16,3813
write,283347,84,3814
write,304406,96,3815
write,300313,46,3816
write,272780,9,3817
write,277368,26,3818
write,72412576,12,3819
write,371079,89,3820
write,290894,62,3821
write,280461,29,3822
write,322955,84,3823
write,301241,62,3824
write,309012,74,3825
write,365297,90,3826
write,329151,36,3827
write,277891,40,3828
write,350601,3,3829
write,304266,5,3830
write,321010,2,3831
write,327385,27,3832
write,303674,22,3833
write,277881,56,3834
write,284961,89,3835
write,301672,38,3836
write,302089,59,3837
write,286666,43,3838
write,340863,20,3839
write,276610,46,3840
write,299113,58,3841
write,291428,2,3842
write,293659,96,3843
write,124317682,53,3844
write,397946,91,3845
write,328633,14,3846
write,286724,73,3847
write,295369,36,3848
write,294507,93,3849
write,283007,81,3850
write,300114,33,3851
write,271996,73,3852
write,303033,37,3853
write,285324,64,3854
write,301727,24,3855
write,277157,2,3856
write,56405485,10,3857
write,358914,56,3858
write,295674,25,3859
write,298340,70,3860
write,313800,6,3861
write,289621,88,3862
write,297195,5,3863
write,285478,89,3864
write,320832,85,3865
write,310371,2,3866
write,317351,77,3867
write,278832,100,3868
write,315993,64,3869
write,404312,15,3870
write,338745,36,3871
write,302307,78,3872
write,295536,74,3873
write,313496,75,3874
write,295832,11,3875
write,278057,37,3876
write,296320,94,3877
write,276486,86,3878
write,297430,21,3879
write,288459,52,3880
write,279099,72,3881
write,72361542,49,3882
write,340861,67,3883
write,313749,94,3884
write,303682,85,3885
write,303241,26,3886
write,346415,100,3887
write,275911,50,3888
write,286021,86,3889
write,285273,36,3890
write,321905,65,3891
write,283689,80,3892
write,270982,90,3893
write,294039,41,3894
write,56410092,5,3895
write,374594,46,3896
write,333460,55,3897
write,285497,41,3898
write,296125,95,3899
write,298965,25,3900
write,275244,45,3901
write,280502,51,3902
write,310562,5,3903
write,284925,53,3904
write,295755,3,3905
write,282204,3,3906
write,274394,70,3907
write,84419418,75,3908
write,347123,16,3909
write,304722,23,3910
write,298281,67,3911
write,276480,98,3912
write,285413,34,3913
write,357683,53,3914
write,301619,26,3915
write,284925,57,3916
write,282411,23,3917
write,275199,79,3918
write,275821,26,3919
write,53877377,79,3920
write,366618,27,3921
write,318278,78,3922
write,291779,62,3923
write,290586,4,3924
write,287010,12,3925
write,296532,14,3926
write,322702,45,3927
write,44165668,83,3928
write,440030,78,3929
write,317478,39,3930
write,287502,82,3931
write,308051,100,3932
write,298907,33,3933
write,284215,58,3934
write,312917,16,3935
write,291347,69,3936
write,280584,70,3937
write,335396,57,3938
write,286556,70,3939
write,288757,48,3940
write,71528543,34,3941
write,312721,81,3942
write,303913,42,3943
write,286770,75,3944
write,317452,65,3945
write,285826,47,3946
write,319053,3,3947
write,288058,77,3948
write,282773,29,3949
write,291618,53,3950
write,345165,97,3951
write,277507,41,3952
write,305338,47,3953
write,280371,95,3954
write,298317,29,3955
write,68412592,99,3956
write,363118,28,3957
write,290836,2,3958
write,420031,13,3959
write,320701,85,3960
write,288259,97,3961
write,281550,48,3962
write,331321,43,3963
write,283919,71,3964
write,266940,15,3965
write,279157,62,3966
write,302927,80,3967
write,52378450,81,3968
write,392545,71,3969
write,296872,39,3970
write,293827,88,3971
write,280342,49,3972
write,328002,47,3973
write,316662,74,3974
write,307374,1,3975
write,300025,43,3976
write,302247,11,3977
write,286148,37,3978
write,287974,97,3979
write,281055,98,3980
write,60510957,33,3981
write,352240,28,3982
write,306287,33,3983
write,296945,96,3984
write,372647,22,3985
write,305679,97,3986
write,314860,29,3987
write,289978,94,3988
write,295558,40,3989
write,283643,20,3990
write,326427,98,3991
write,279437,81,3992
write,72230440,73,3993
write,373375,16,3994
write,321885,22,3995
write,295073,80,3996
write,300767,31,3997
write,298785,29,3998
write,337761,45,3999
write,311548,51,4000
write,289440,9,4001
write,295513,71,4002
write,291357,84,4003
write,298810,1,4004
write,322630,30,4005
write,76490969,44,4006
write,356012,66,4007
write,313090,7,4008
write,313318,62,4009
write,273965,15,4010
write,327229,26,4011
write,355161,48,4012
write,305023,96,4013
write,279981,45,4014
write,319914,85,4015
write,272091,53,4016
write,297052,45,4017
write,60424358,1,4018
write,342080,56,4019
write,279307,13,4020
write,314583,44,4021
write,322147,98,4022
write,303863,64,4023
write,305953,75,4024
write,482081,38,4025
write,289561,53,4026
write,418248,42,4027
write,291115,26,4028
write,72428893,94,4029
write,322922,71,4030
write,341528,90,4031
write,359453,47,4032
write,314356,62,4033
write,302844,70,4034
write,300999,99,4035
write,286071,53,4036
write,331734,32,4037
write,281975,71,4038
write,307301,16,4039
write,287625,45,4040
write,68381515,5,4041
write,345194,45,4042
write,297522,46,4043
write,274934,74,4044
write,292094,37,4045
write,282194,13,4046
write,306245,33,4047
write,285469,31,4048
write,316784,63,4049
write,279052,82,4050
write,279274,3,4051
write,291596,8,4052
write,297314,82,4053
write,76396004,98,4054
write,355109,99,4055
write,296910,16,4056
write,290861,11,4057
write,305579,69,4058
write,304672,33,4059
write,306894,100,4060
write,283579,11,4061
write,294322,66,4062
write,332647,99,4063
write,276145,11,4064
write,286299,82,4065
write,274432,91,4066
write,52428378,84,4067
write,297117,64,4068
write,286943,5,4069
write,311221,35,4070
write,289443,11,4071
write,301844,50,4072
write,276811,17,4073
write,276935,82,4074
write,317457,12,4075
write,282387,83,4076
write,292720,96,4077
write,303322,9,4078
write,64360063,19,4079
write,404383,40,4080
write,337705,25,4081
write,286332,46,4082
write,315982,26,4083
write,276569,26,4084
write,298191,53,4085
write,275171,27,4086
write,282857,97,4087
write,287909,93,4088
write,354127,11,4089
write,304860,65,4090
write,277140,48,4091
write,76422373,86,4092
write,307383,22,4093
write,288404,16,4094
write,361304,70,4095
write,283501,68,4096
write,289201,58,4097
write,288564,22,4098
write,284036,95,4099
write,277050,40,4100
write,334212,69,4101
write,292277,70,4102
write,280352,5,4103
write,262544,57,4104
write,32472500,88,4105
write,297453,62,4106
write,304739,17,4107
write,299319,18,4108
write,286188,40,4109
write,275749,7,4110
write,279640,94,4111
write,273045,78,4112
write,320048,67,4113
write,266965,90,4114
write,282828,89,4115
write,285048,1,4116
write,275392,58,4117
write,72402129,66,4118
write,321776,96,4119
write,282544,40,4120
write,311805,85,4121
write,325082,20,4122
write,286068,59,4123
write,282161,33,4124
write,293805,96,4125
write,282100,98,4126
write,325009,2,4127
write,294447,68,4128
write,282135,3,4129
write,72463890,55,4130
write,357253,1,4131
write,297297,97,4132
write,303933,19,4133
write,294847,94,4134
write,274306,26,4135
write,275958,98,4136
write,309037,62,4137
write,259137,93,4138
write,324408,47,4139
write,289514,52,4140
write,270678,88,4141
write,271007,49,4142
write,72455246,29,4143
write,332778,99,4144
write,304227,44,4145
write,266365,73,4146
write,297297,13,4147
write,271906,87,4148
write,301787,97,4149
write,279055,48,4150
write,283674,60,4151
write,331523,95,4152
write,269130,46,4153
write,279425,51,4154
write,288750,9,4155
write,64631677,84,4156
write,322046,75,4157
write,295119,74,4158
write,343659,22,4159
write,310811,73,4160
write,294086,23,4161
write,298925,65,4162
write,299161,26,4163
write,283515,62,4164
write,292654,44,4165
write,303812,62,4166
write,301978,35,4167
write,64543216,35,4168
write,306473,96,4169
write,305146,13,4170
write,272535,46,4171
write,281654,89,4172
write,326568,1,4173
write,297399,58,4174
write,303780,67,4175
write,296813,12,4176
write,324958,31,4177
write,284515,70,4178
write,302154,85,4179
write,48518928,85,4180
write,306153,37,4181
write,281167,64,4182
write,360461,54,4183
write,379289,86,4184
write,410956,78,4185
write,385638,10,4186
write,267007,72,4187
write,268185,86,4188
write,280685,3,4189
write,289523,77,4190
write,352236,6,4191
write,287138,59,4192
write,295290,17,4193
write,303708,86,4194
write,291934,13,4195
write,300668,36,4196
write,310955,67,4197
write,296480,21,4198
write,282839,4,4199
write,307969,62,4200
write,291051,45,4201
write,121204849,44,4202
write,312839,48,4203
write,301459,60,4204
write,299236,96,4205
write,285766,10,4206
write,313109,58,4207
write,287261,50,4208
write,314505,8,4209
write,262360,20,4210
write,300110,90,4211
write,276484,29,4212
write,276411,57,4213
write,272111,3,4214
write,64437189,51,4215
write,320260,95,4216
write,277064,71,4217
write,304445,99,4218
write,312857,18,4219
write,277633,82,4220
write,284937,15,4221
write,282973,81,4222
write,285867,47,4223
write,288940,19,4224
write,290480,3,4225
write,271028,88,4226
write,60330042,33,4227
write,364780,62,4228
write,311294,43,4229
write,304453,42,4230
write,301731,40,4231
write,277617,75,4232
write,285215,70,4233
write,276187,40,4234
write,271723,62,4235
write,289834,77,4236
write,320680,66,4237
write,263216,3,4238
write,303967,10,4239
write,68305695,43,4240
write,408171,82,4241
write,310703,86,4242
write,279767,9,4243
write,281214,89,4244
write,304854,53,4245
write,268618,50,4246
write,345066,73,4247
write,288992,72,4248
write,286897,73,4249
write,283823,58,4250
write,317484,77,4251
write,299566,51,4252
write,60399746,2,4253
write,675437,45,4254
write,321143,83,4255
write,285751,47,4256
write,307767,59,4257
write,293169,92,4258
write,268980,26,4259
write,313623,1,4260
write,290148,100,4261
write,275774,50,4262
write,280180,38,4263
write,298328,34,4264
write,55602900,62,4265
write,328224,2,4266
write,343064,65,4267
write,304634,38,4268
write,294284,30,4269
write,287704,39,4270
write,324615,52,4271
write,276181,46,4272
write,280000,79,4273
write,268587,21,4274
write,325752,39,4275
write,275001,89,4276
write,284839,32,4277
write,317758,45,4278
write,291730,32,4279
write,64437724,27,4280
write,338489,98,4281
write,311043,36,4282
write,303044,17,4283
write,285379,16,4284
write,260581,49,4285
write,299225,93,4286
write,339888,1,4287
write,267509,31,4288
write,317183,53,4289
write,289897,100,4290
write,279802,91,4291
write,286455,39,4292
write,92465121,98,4293
write,294202,8,4294
write,274117,39,4295
write,265360,40,4296
write,272723,22,4297
write,277011,12,4298
write,283152,11,4299
write,253438,9,4300
write,281134,75,4301
write,260283,31,4302
write,263759,19,4303
write,304509,48,4304
write,326901,88,4305
write,46536123,30,4306
