write,368820323,74,0
write,261822071,9,1
write,583298676,19,2
write,850028236,42,3
write,78366012,49,4
write,1142747,16,5
write,866809,90,6
write,923411,91,7
write,117318608,14,8
write,409604,21,9
write,374160,15,10
write,359493,75,11
write,379199,48,12
write,381038,8,13
write,381886,37,14
write,367671,15,15
write,84090404,15,16
write,552472,91,17
write,401404,77,18
write,397750,66,19
write,387519,59,20
write,413224,35,21
write,363040,90,22
write,382726,52,23
write,49719361,22,24
write,37286316,31,25
write,410065,49,26
write,385557,85,27
write,388465,26,28
write,374586,69,29
write,379328,34,30
write,32614188,49,31
write,426987,93,32
write,370517,86,33
write,367979,44,34
write,420937,1,35
write,389550,2,36
write,387334,42,37
write,409951,96,38
write,341389,88,39
write,96679601,74,40
write,373414,35,41
write,427780,54,42
write,372771,79,43
write,434545,31,44
write,361378,23,45
write,373155,22,46
write,365632,4,47
write,398360,77,48
write,76431747,64,49
write,488979,87,50
write,391152,73,51
write,359846,9,52
write,405613,36,53
write,349342,59,54
write,374759,50,55
write,350687,3,56
write,121395629,57,57
write,399032,44,58
write,405082,68,59
write,412056,10,60
write,372517,13,61
write,450031,61,62
write,383092,8,63
write,452278,51,64
write,349097,95,65
write,379900,70,66
write,76540982,65,67
write,406906,76,68
write,353594,7,69
write,346545,1,70
write,384149,100,71
write,366644,39,72
write,332908,57,73
write,339699,63,74
write,85250580,25,75
write,359992,99,76
write,311020,22,77
write,349901,20,78
write,298329,25,79
write,323333,13,80
write,322575,68,81
write,337469,6,82
write,314864,92,83
write,311140,52,84
write,305495,9,85
write,80562416,65,86
write,370441,78,87
write,326638,70,88
write,374355,47,89
write,306748,87,90
write,290728,1,91
write,318646,61,92
write,331449,100,93
write,305735,5,94
write,304242,60,95
write,337936,75,96
write,372135,92,97
write,108528996,12,98
write,329276,99,99
write,307656,59,100
write,326504,19,101
write,350930,61,102
write,317831,29,103
write,319296,96,104
write,367444,25,105
write,346624,59,106
write,347827,20,107
write,330436,39,108
write,100555464,45,109
write,353307,7,110
write,319317,68,111
write,330748,7,112
write,305739,90,113
write,290725,33,114
write,295738,83,115
write,273411,71,116
write,303621,75,117
write,319209,45,118
write,306573,51,119
write,300697,48,120
write,436642,79,121
write,321534,64,122
write,28567939,13,123
write,396441,65,124
write,333938,57,125
write,346187,85,126
write,283176,78,127
write,335575,96,128
write,330851,12,129
write,290185,19,130
write,65332461,64,131
write,369577,100,132
write,296610,46,133
write,281586,94,134
write,322294,24,135
write,321562,6,136
write,307231,100,137
write,320857,80,138
write,293239,68,139
write,137412766,63,140
write,386294,40,141
write,324345,6,142
write,314602,16,143
write,294816,13,144
write,297533,30,145
write,317913,95,146
write,314072,1,147
write,286296,95,148
write,315162,6,149
write,305179,3,150
write,311533,70,151
write,96596273,30,152
write,357957,78,153
write,293861,15,154
write,311109,40,155
write,336914,51,156
write,351044,25,157
write,304408,52,158
write,294831,53,159
write,305227,25,160
write,82391721,72,161
write,351929,54,162
write,338834,90,163
write,306425,49,164
write,325931,45,165
write,326854,79,166
write,314933,47,167
write,297606,12,168
write,84473830,60,169
write,377248,86,170
write,300741,48,171
write,330172,46,172
write,293164,4,173
write,311597,32,174
write,309237,32,175
write,322756,63,176
write,303905,59,177
write,283355,29,178
write,324231,37,179
write,326519,34,180
write,120705811,20,181
write,337252,7,182
write,375507,1,183
write,309698,71,184
write,341395,98,185
write,366635,29,186
write,298890,82,187
write,301522,31,188
write,294054,24,189
write,309653,5,190
write,302431,8,191
write,104523172,55,192
write,333241,84,193
write,330746,18,194
write,308707,71,195
write,336088,46,196
write,332018,63,197
write,316056,62,198
write,318285,86,199
write,319907,91,200
write,292173,29,201
write,301878,32,202
write,315848,75,203
write,108453203,74,204
write,420100,15,205
write,357324,11,206
write,313125,35,207
write,336020,77,208
write,323753,84,209
write,302984,91,210
write,329330,23,211
write,313740,23,212
write,323120,29,213
write,304331,17,214
write,140647350,97,215
write,336141,27,216
write,399406,23,217
write,299758,80,218
write,300534,7,219
write,302184,53,220
write,304092,68,221
write,322705,18,222
write,322232,95,223
write,357978,20,224
write,300592,91,225
write,62687135,78,226
write,351716,93,227
write,292914,64,228
write,313091,66,229
write,301972,60,230
write,64577511,42,231
write,368121,65,232
write,318344,52,233
write,336039,69,234
write,291934,81,235
write,336478,85,236
write,302491,67,237
write,301230,86,238
write,305450,54,239
write,282363,91,240
write,303389,67,241
write,277393,19,242
write,84602692,34,243
write,531906,66,244
write,346898,48,245
write,318160,40,246
write,335880,41,247
write,70280498,62,248
write,369022,52,249
write,332574,23,250
write,384996,60,251
write,353514,33,252
write,34467134,55,253
write,359519,68,254
write,299015,50,255
write,354454,100,256
write,293818,47,257
write,314271,43,258
write,324347,11,259
write,319515,44,260
write,318791,96,261
write,295101,72,262
write,300240,100,263
write,312231,84,264
write,151811055,28,265
write,23660181,12,266
write,787993,75,267
write,336599,69,268
write,17111355,51,269
write,342907,81,270
write,315008,76,271
write,292348,2,272
write,285089,3,273
write,318165,81,274
write,295705,40,275
write,301573,21,276
write,108909513,20,277
write,342714,18,278
write,316316,37,279
write,325702,11,280
write,293660,42,281
write,277704,90,282
write,302773,52,283
write,305895,16,284
write,308685,63,285
write,313917,85,286
write,300022,25,287
write,116693883,17,288
write,336164,26,289
write,311016,34,290
write,307718,20,291
write,302499,38,292
write,289408,65,293
write,344165,47,294
write,285496,4,295
write,314989,82,296
write,291296,84,297
write,309357,77,298
write,365651787,17,299
write,374100,67,300
write,328478,52,301
write,314215,12,302
write,285503,2,303
write,301213,42,304
write,314237,22,305
write,284601,22,306
write,119747853,41,307
write,377371,75,308
write,342667,19,309
write,333761,3,310
write,318315,76,311
write,52181294,18,312
write,357900,49,313
write,321316,80,314
write,323270,74,315
write,288759,47,316
write,314076,16,317
write,344797,66,318
write,298382,63,319
write,348345,73,320
write,116471611,11,321
write,361786,83,322
write,357776,65,323
write,352865,4,324
write,302661,69,325
write,295141,94,326
write,358903,87,327
write,332999,83,328
write,312327,61,329
write,314767,100,330
write,326307,61,331
write,304403,12,332
write,108475748,96,333
write,330940,57,334
write,310981,28,335
write,305130,9,336
write,303054,33,337
write,300578,38,338
write,327423,83,339
write,378347,27,340
write,344376,40,341
write,274026,89,342
write,294918,85,343
write,275455,12,344
write,124455219,49,345
write,300956,14,346
write,344723,59,347
write,310338,33,348
write,309460,63,349
write,306196,80,350
write,310186,33,351
write,332497,44,352
write,314372,77,353
write,281432,72,354
write,294234,57,355
write,302582,26,356
write,132502537,20,357
write,338617,83,358
write,348442,10,359
write,307324,12,360
write,291407,35,361
write,378743,32,362
write,287163,87,363
write,311648,22,364
write,345263,75,365
write,315528,16,366
write,290624,46,367
write,416081,57,368
write,293682,38,369
write,292754,74,370
write,311080,90,371
write,288011,41,372
write,288906,29,373
write,310894,27,374
write,309406,38,375
write,271660,87,376
write,330653,47,377
write,303473,20,378
write,280946,45,379
write,128445558,95,380
write,353656,91,381
write,303383,22,382
write,293349,34,383
write,290991,40,384
write,308358,13,385
write,288408,5,386
write,279698,4,387
write,313760,27,388
write,321631,63,389
write,307892,84,390
write,279225,2,391
write,277516,15,392
write,128428532,28,393
write,334055,68,394
write,322354,66,395
write,289091,20,396
write,306170,88,397
write,305987,77,398
write,285560,9,399
write,314751,40,400
write,292783,73,401
write,301445,56,402
write,304279,26,403
write,284385,63,404
write,140515028,96,405
write,338660,6,406
write,318180,38,407
write,388141,86,408
write,532299,55,409
write,310216,96,410
write,327760,40,411
write,281841,93,412
write,329251,25,413
write,299043,19,414
write,292571,7,415
write,120436953,57,416
write,341748,72,417
write,309492,55,418
write,316972,16,419
write,295707,16,420
write,296925,65,421
write,342603,93,422
write,278642,28,423
write,513800,88,424
write,322815,41,425
write,332315,67,426
write,96310080,33,427
write,391091,76,428
write,301821,8,429
write,307998,75,430
write,51345558,46,431
write,297963,85,432
write,302586,34,433
write,280656,15,434
write,288075,84,435
write,325436,37,436
write,339919,76,437
write,279144,4,438
write,305601,77,439
write,282634,69,440
write,57259747,17,441
write,339445,73,442
write,305917,86,443
write,307153,91,444
write,294719,63,445
write,312236,24,446
write,276804,43,447
write,336740,12,448
write,307859,2,449
write,307136,16,450
write,272697,83,451
write,304375,37,452
write,112489412,51,453
write,336780,83,454
write,309540,73,455
write,318349,11,456
write,281953,13,457
write,293330,66,458
write,301056,44,459
write,303869,75,460
write,295989,21,461
write,297469,45,462
write,278556,96,463
write,318229,46,464
write,136460698,44,465
write,336037,17,466
write,345283,84,467
write,284521,14,468
write,300687,73,469
write,286054,45,470
write,338394,46,471
write,299521,80,472
write,318127,54,473
write,281961,60,474
write,332391,93,475
write,309336,12,476
write,140419534,100,477
write,324902,14,478
write,321690,60,479
write,302931,5,480
write,297225,85,481
write,302968,6,482
write,285468,79,483
write,284082,91,484
write,329689,2,485
write,308611,17,486
write,279212,67,487
write,125024918,14,488
write,299585,4,489
write,351892,50,490
write,304250,15,491
write,332159,31,492
write,317040,98,493
write,319712,35,494
write,296380,64,495
write,289207,29,496
write,89209307,28,497
write,311691,26,498
write,309519,75,499
write,292497,67,500
write,322761,52,501
write,313374,72,502
write,315697,6,503
write,276918,36,504
write,317600,86,505
write,287902,11,506
write,302766,18,507
write,294207,96,508
write,302864,88,509
write,136462179,6,510
write,312914,72,511
write,336959,91,512
write,290177,34,513
write,313750,12,514
write,311235,81,515
write,306592,42,516
write,291307,90,517
write,288778,8,518
write,284895,39,519
write,300867,27,520
write,308469,67,521
write,124504884,4,522
write,341978,13,523
write,336329,96,524
write,278072,22,525
write,316406,99,526
write,311564,30,527
write,320628,83,528
write,296654,65,529
write,300597,73,530
write,314901,15,531
write,285564,73,532
write,337103,35,533
write,128449480,47,534
write,330407,65,535
write,298950,51,536
write,306301,10,537
write,274111,17,538
write,356279,82,539
write,314509,42,540
write,294932,52,541
write,318745,18,542
write,288951,53,543
write,316424,27,544
write,321037,71,545
write,128418283,29,546
write,312244,18,547
write,307043,19,548
write,302189,64,549
write,334894,43,550
write,311216,96,551
write,298613,27,552
write,276593,88,553
write,347931,92,554
write,269347,37,555
write,342524,61,556
write,321597,16,557
write,128476957,28,558
write,330214,65,559
write,313653,28,560
write,301318,69,561
write,283695,34,562
write,326381,97,563
write,291204,31,564
write,308500,58,565
write,311030,45,566
write,296356,83,567
write,278327,12,568
write,305680,30,569
write,112382582,46,570
write,399170,89,571
write,297314,31,572
write,319327,42,573
write,322463,9,574
write,311866,95,575
write,340356,80,576
write,277617,57,577
write,327762,86,578
write,334795,90,579
write,302320,82,580
write,308379,68,581
write,96349748,49,582
write,374730,83,583
write,307842,87,584
write,298011,13,585
write,314877,7,586
write,326341,3,587
write,304239,14,588
write,290695,96,589
write,304786,73,590
write,313811,79,591
write,310127,9,592
write,327260,67,593
write,309007,76,594
write,124462033,33,595
write,302954,76,596
write,308158,29,597
write,282342,54,598
write,315990,75,599
write,286686,55,600
write,322456,46,601
write,264660,22,602
write,297102,22,603
write,308397,88,604
write,303839,16,605
write,304407,6,606
write,148420656,83,607
write,350576,55,608
write,303321,61,609
write,305540,6,610
write,336188,29,611
write,285058,89,612
write,316201,27,613
write,324964,99,614
write,290250,20,615
write,334063,9,616
write,104359345,66,617
write,351212,70,618
write,40460800,41,619
write,355992,10,620
write,340154,68,621
write,295608,24,622
write,310516,38,623
write,288095,97,624
write,281968,67,625
write,278446,72,626
write,326938,93,627
write,284457,53,628
write,316823,13,629
write,297996,91,630
write,124422980,80,631
write,333314,1,632
write,329552,76,633
write,293310,70,634
write,344156,50,635
write,321389,22,636
write,376008,64,637
write,299571,77,638
write,306514,97,639
write,297394,55,640
write,301376,45,641
write,302423,62,642
write,112585544,59,643
write,331434,78,644
write,311485,50,645
write,303255,60,646
write,333253,60,647
write,301779,61,648
write,291886,86,649
write,305639,4,650
write,321098,1,651
write,380468,19,652
write,320109,74,653
write,120502534,56,654
write,312968,52,655
write,303241,12,656
write,296308,57,657
write,305074,94,658
write,335573,65,659
write,287129,65,660
write,329071,72,661
write,289286,83,662
write,291226,77,663
write,301547,77,664
write,335696,39,665
write,144321520,42,666
write,454664,47,667
write,301003,27,668
write,327210,7,669
write,280365,48,670
write,290996,42,671
write,289286,31,672
write,461812,14,673
write,301937,91,674
write,320820,64,675
write,354507,23,676
write,314056,56,677
write,160582824,90,678
write,300943,87,679
write,297017,66,680
write,284174,23,681
write,329250,80,682
write,315224,64,683
write,335819,14,684
write,293395,75,685
write,299140,9,686
write,13393921,21,687
write,305154,23,688
write,319362,97,689
write,300638,34,690
write,304445,51,691
write,300220,92,692
write,283659,94,693
write,306818,3,694
write,298466,84,695
write,149320545,9,696
write,358809,87,697
write,322349,41,698
write,285274,65,699
write,293006,31,700
write,330847,53,701
write,321555,39,702
write,274212,25,703
write,348606,3,704
write,278838,78,705
write,309601,43,706
write,304037,27,707
write,135761039,17,708
write,24483805,8,709
write,334396,62,710
write,298721,80,711
write,313015,8,712
write,295918,63,713
write,294155,37,714
write,308684,60,715
write,305763,5,716
write,297273,57,717
write,299708,83,718
write,357736,2,719
write,324855,71,720
write,148552204,49,721
write,372227,72,722
write,305953,1,723
write,298487,57,724
write,325559,90,725
write,282094,95,726
write,299721,62,727
write,289433,47,728
write,324878,93,729
write,5350363,71,730
write,368350,38,731
write,332376,56,732
write,294378,91,733
write,289148,35,734
write,326447,51,735
write,288585,74,736
write,326387,33,737
write,306020,3,738
write,237341643,48,739
write,377123,43,740
write,314282,78,741
write,315626,94,742
write,281188,94,743
write,298122,73,744
write,282990,41,745
write,343489,41,746
write,268817,37,747
write,296812,17,748
write,301424,91,749
write,296596,71,750
write,299847,72,751
write,128458263,80,752
write,335948,39,753
write,293934,87,754
write,345055,81,755
write,297748,67,756
write,315924,61,757
write,287358,75,758
write,292762,9,759
write,285694,83,760
write,336109,46,761
write,284797,58,762
write,311510,61,763
write,115776021,28,764
write,436169,97,765
write,389180,19,766
write,318599,8,767
write,343216,37,768
write,329122,89,769
write,294783,68,770
write,309677,37,771
write,304955,39,772
write,313300,64,773
write,269817,95,774
write,290111,15,775
write,291697,80,776
write,140473740,65,777
write,381000,78,778
write,336818,18,779
write,315511,2,780
write,293912,66,781
write,302907,83,782
write,286074,25,783
write,295356,52,784
write,308026,44,785
write,304845,25,786
write,310810,10,787
write,285637,98,788
write,144385406,82,789
write,395240,100,790
write,367698,23,791
write,295029,10,792
write,303507,86,793
write,288985,40,794
write,299839,70,795
write,278592,30,796
write,310968,33,797
write,290438,28,798
write,288198,27,799
write,301743,79,800
write,285264,7,801
write,136414182,72,802
write,339289,87,803
write,302160,77,804
write,292010,10,805
write,332165,73,806
write,289807,28,807
write,303675,1,808
write,323006,61,809
write,333682,89,810
write,293858,29,811
write,293962,12,812
write,309382,16,813
write,140410899,63,814
write,375903,54,815
write,307583,80,816
write,316560,4,817
write,278727,89,818
write,308277,65,819
write,281252,19,820
write,328312,67,821
write,303026,62,822
write,293577,17,823
write,269165,88,824
write,325221,43,825
write,132459298,22,826
write,384087,67,827
write,302493,58,828
write,294015,95,829
write,324373,76,830
write,284284,99,831
write,356548,95,832
write,301010,39,833
write,325649,4,834
write,311280,11,835
write,321999,64,836
write,294876,1,837
write,152620862,25,838
write,355737,23,839
write,305096,71,840
write,286582,78,841
write,288937,25,842
write,282078,42,843
write,287637,55,844
write,315265,33,845
write,318336,59,846
write,286460,7,847
write,297081,23,848
write,315026,12,849
write,124492151,28,850
write,345007,89,851
write,278369,82,852
write,334715,70,853
write,290431,29,854
write,319070,79,855
write,276153,69,856
write,302851,54,857
write,291624,42,858
write,274540,1,859
write,341002,72,860
write,319884,34,861
write,140490958,16,862
write,375716,17,863
write,319119,80,864
write,291988,50,865
write,322874,75,866
write,287728,51,867
write,354912,38,868
write,329159,86,869
write,295472,86,870
write,277423,94,871
write,284703,51,872
write,274932,58,873
write,148489638,42,874
write,347447,83,875
write,317770,30,876
write,325003,59,877
write,285470,33,878
write,284221,90,879
write,289566,85,880
write,321697,61,881
write,274185,86,882
write,295926,94,883
write,275993,82,884
write,310219,32,885
write,132326856,13,886
write,416078,76,887
write,294927,3,888
write,318474,12,889
write,294014,6,890
write,297535,63,891
write,319132,70,892
write,320599,52,893
write,290235,47,894
write,288939,29,895
write,320107,9,896
write,282443,45,897
write,293825,35,898
write,136490314,63,899
write,334789,35,900
write,301835,94,901
write,313000,33,902
write,297670,76,903
write,292132,52,904
write,310057,60,905
write,316071,30,906
write,307701,80,907
write,292483,50,908
write,319345,98,909
write,291375,19,910
write,144407799,3,911
write,334406,27,912
write,320549,5,913
write,296816,34,914
write,301999,90,915
write,273882,41,916
write,353673,65,917
write,287388,100,918
write,302917,58,919
write,296852,48,920
write,301238,50,921
write,285746,19,922
write,124346629,83,923
write,383333,16,924
write,321040,34,925
write,307570,1,926
write,304738,18,927
write,309362,60,928
write,312111,99,929
write,300396,75,930
write,270685,34,931
write,293065,26,932
write,93223255,95,933
write,412750,13,934
write,321482,29,935
write,284371,3,936
write,326697,41,937
write,317474,65,938
write,271656,38,939
write,321615,60,940
write,305425,27,941
write,299595,2,942
write,292886,36,943
write,291959,37,944
write,168410532,72,945
write,340315,16,946
write,313479,27,947
write,314798,11,948
write,310420,58,949
write,305050,1,950
write,325798,23,951
write,269285,51,952
write,328034,30,953
write,295163,48,954
write,309968,46,955
write,295289,100,956
write,295832,88,957
write,152444521,34,958
write,305956,77,959
write,312972,71,960
write,364356,87,961
write,335350,4,962
write,287559,91,963
write,319537,28,964
write,305576,18,965
write,296352,40,966
write,274666,67,967
write,298223,56,968
write,286335,32,969
write,168466644,57,970
write,352574,24,971
write,294845,85,972
write,285665,39,973
write,315864,57,974
write,284691,61,975
write,309282,54,976
write,287009,41,977
write,285524,31,978
write,288465,2,979
write,289554,95,980
write,318707,18,981
write,96361428,22,982
write,387228,62,983
write,296039,71,984
write,289763,64,985
write,289144,5,986
write,287317,88,987
write,297136,7,988
write,304867,65,989
write,286609,47,990
write,307073,87,991
write,291062,43,992
write,306749,4,993
write,279253,96,994
write,112438213,62,995
write,340306,67,996
write,303706,19,997
write,297440,100,998
write,284773,53,999
write,295794,30,1000
write,278512,69,1001
write,326133,41,1002
write,269033,8,1003
write,321190,97,1004
write,301379,57,1005
write,278634,11,1006
write,310470,49,1007
write,156485550,12,1008
write,313421,84,1009
write,270803,36,1010
write,295310,38,1011
write,280463,39,1012
write,300933,39,1013
write,358197,98,1014
write,308093,30,1015
write,267365,95,1016
write,297964,57,1017
write,283962,2,1018
write,321407,52,1019
write,124424764,33,1020
write,354141,58,1021
write,297189,57,1022
write,283898,4,1023
write,346715,61,1024
write,331767,64,1025
write,294292,95,1026
write,291071,71,1027
write,298292,55,1028
write,279368,65,1029
write,277670,94,1030
write,293803,32,1031
write,188418627,76,1032
write,369749,31,1033
write,326251,100,1034
write,376388,63,1035
write,317098,30,1036
write,300708,61,1037
write,306656,25,1038
write,279364,83,1039
write,309715,83,1040
write,285942,81,1041
write,306416,87,1042
write,318279,14,1043
write,104367929,85,1044
write,395773,17,1045
write,307938,15,1046
write,310470,2,1047
write,342524,17,1048
write,325101,29,1049
write,369363,18,1050
write,306368,65,1051
write,291828,74,1052
write,285043,66,1053
write,323436,38,1054
write,298995,87,1055
write,132413147,4,1056
write,344790,18,1057
write,324684,96,1058
write,299759,70,1059
write,299371,26,1060
write,323982,42,1061
write,354489,94,1062
write,286178,89,1063
write,323125,68,1064
write,276958,66,1065
write,374909,35,1066
write,299497,8,1067
write,148516380,30,1068
write,332076,35,1069
write,327110,57,1070
write,298597,68,1071
write,293129,5,1072
write,330662,83,1073
write,280223,73,1074
write,292875,49,1075
write,313203,82,1076
write,305582,85,1077
write,295744,64,1078
write,333395,86,1079
write,136490190,80,1080
write,347643,27,1081
write,307195,39,1082
write,300482,60,1083
write,300611,18,1084
write,314953,28,1085
write,329109,11,1086
write,276086,25,1087
write,348054,66,1088
write,262408,69,1089
write,286125,25,1090
write,311817,91,1091
write,132296300,33,1092
write,379932,45,1093
write,303360,69,1094
write,297534,18,1095
write,294566,43,1096
write,303989,87,1097
write,285826,77,1098
write,282672,49,1099
write,289066,32,1100
write,294046,74,1101
write,287842,16,1102
write,303301,25,1103
write,297461,54,1104
write,112396070,90,1105
write,358047,48,1106
write,332049,37,1107
write,284897,45,1108
write,333280,26,1109
write,290060,33,1110
write,322718,67,1111
write,276065,42,1112
write,309357,46,1113
write,280794,13,1114
write,121428319,11,1115
write,318881,67,1116
write,350291,45,1117
write,311885,60,1118
write,308112,40,1119
write,300381,28,1120
write,303620,51,1121
write,325086,23,1122
write,287461,47,1123
write,300996,81,1124
write,285349,45,1125
write,312590,34,1126
write,100512126,46,1127
write,301227,69,1128
write,272413,9,1129
write,338422,93,1130
write,275448,88,1131
write,299504,42,1132
write,350951,70,1133
write,287714,36,1134
write,271551,91,1135
write,89383240,41,1136
write,362039,11,1137
write,275418,28,1138
write,344912,73,1139
write,300340,92,1140
write,306384,68,1141
write,65318088,68,1142
write,376595,54,1143
write,40326757,73,1144
write,428734,10,1145
write,318709,4,1146
write,301947,71,1147
write,316110,7,1148
write,306831,52,1149
write,289238,59,1150
write,322824,90,1151
write,348740,36,1152
write,284316,74,1153
write,317963,30,1154
write,299869,76,1155
write,297250,45,1156
write,108451107,77,1157
write,304355,37,1158
write,295079,24,1159
write,297465,21,1160
write,284856,30,1161
write,316219,90,1162
write,38303788,52,1163
write,347928,5,1164
write,298275,46,1165
write,309697,98,1166
write,288166,74,1167
write,320902,38,1168
write,329295,5,1169
write,314336,48,1170
write,320156,61,1171
write,70346293,55,1172
write,385801,93,1173
write,306989,75,1174
write,294592,62,1175
write,286473,46,1176
write,284782,26,1177
write,288744,84,1178
write,282234,18,1179
write,273638,4,1180
write,89358706,42,1181
write,412628,18,1182
write,294626,22,1183
write,289646,23,1184
write,314345,66,1185
write,279380,100,1186
write,315624,83,1187
write,292771,16,1188
write,277931,23,1189
write,287933,55,1190
write,80572066,61,1191
write,321128,98,1192
write,291721,38,1193
write,333008,23,1194
write,273964,36,1195
write,293054,28,1196
write,38495167,6,1197
write,336371,82,1198
write,330834,21,1199
write,314065,18,1200
write,330107,71,1201
write,291897,75,1202
write,303528,44,1203
write,318952,67,1204
write,334467,8,1205
write,304520,46,1206
write,291882,61,1207
write,60429686,14,1208
write,378499,19,1209
write,306798,90,1210
write,316231,87,1211
write,298210,15,1212
write,314762,57,1213
write,322166,68,1214
write,284480,51,1215
write,326991,15,1216
write,294620,99,1217
write,81147610,56,1218
write,352862,59,1219
write,317532,89,1220
write,293222,56,1221
write,284643,45,1222
write,328698,21,1223
write,304560,72,1224
write,276980,47,1225
write,299878,62,1226
write,58518833,97,1227
write,352463,89,1228
write,297843,22,1229
write,295608,2,1230
write,284629,92,1231
write,303610,85,1232
write,282355,43,1233
write,299375,27,1234
write,294574,39,1235
write,52637622,69,1236
write,349584,95,1237
write,304216,14,1238
write,335065,70,1239
write,280915,17,1240
write,358172,53,1241
write,279709,21,1242
write,287594,5,1243
write,303308,5,1244
write,33318275,19,1245
write,354732,52,1246
write,372948,80,1247
write,311245,7,1248
write,286182,16,1249
write,298841,83,1250
write,282698,53,1251
write,279938,67,1252
write,307457,26,1253
write,296439,27,1254
write,270079,66,1255
write,296666,95,1256
write,84394120,1,1257
write,400070,90,1258
write,323426,42,1259
write,299542,43,1260
write,293080,36,1261
write,297162,98,1262
write,301023,65,1263
write,280065,57,1264
write,299137,4,1265
write,264466,48,1266
write,89449437,93,1267
write,288934,38,1268
write,284044,43,1269
write,334734,10,1270
write,303823,83,1271
write,271605,3,1272
write,337020,17,1273
write,298139,23,1274
write,289252,22,1275
write,77341162,52,1276
write,406795,71,1277
write,318138,26,1278
write,280584,83,1279
write,304552,51,1280
write,302272,74,1281
write,292149,74,1282
write,339160,11,1283
write,317533,46,1284
write,282830,78,1285
write,273408,4,1286
write,284909,80,1287
write,104628162,19,1288
write,330944,38,1289
write,324708,6,1290
write,292614,23,1291
write,292322,83,1292
write,285432,7,1293
write,303149,63,1294
write,304903,27,1295
write,285489,82,1296
write,307985,89,1297
write,276282,27,1298
write,291189,45,1299
write,112529852,94,1300
write,365578,38,1301
write,282897,9,1302
write,301901,29,1303
write,286089,5,1304
write,303225,19,1305
write,285724,78,1306
write,334492,72,1307
write,283277,29,1308
write,309087,80,1309
write,296224,10,1310
write,297167,80,1311
write,60532570,99,1312
write,364572,22,1313
write,311054,45,1314
write,299692,66,1315
write,290495,84,1316
write,282664,69,1317
write,332826,60,1318
write,313514,82,1319
write,284604,35,1320
write,303336,55,1321
write,355629,51,1322
write,271664,89,1323
write,100649269,53,1324
write,333020,46,1325
write,285389,42,1326
write,23062423,57,1327
write,369669,67,1328
write,295215,69,1329
write,280475,17,1330
write,326958,2,1331
write,271232,78,1332
write,291301,78,1333
write,297801,18,1334
write,295456,32,1335
write,281596,55,1336
write,85426937,97,1337
write,344387,65,1338
write,299082,70,1339
write,303694,67,1340
write,301720,90,1341
write,322410,6,1342
write,282706,68,1343
write,358484,18,1344
write,274820,4,1345
write,331061,83,1346
write,310994,39,1347
write,324822,66,1348
write,116588370,6,1349
write,284018,88,1350
write,294256,12,1351
write,300311,13,1352
write,295640,58,1353
write,295940,46,1354
write,285229,82,1355
write,292588,48,1356
write,283400,74,1357
write,303884,8,1358
write,299130,14,1359
write,281821,7,1360
write,112610284,53,1361
write,333747,36,1362
write,39331622,37,1363
write,382917,1,1364
write,286499,79,1365
write,315301,76,1366
write,324047,95,1367
write,281951,12,1368
write,299747,2,1369
write,310252,76,1370
write,282048,47,1371
write,295369,62,1372
write,328082,49,1373
write,291170,38,1374
write,289615,32,1375
write,116521420,33,1376
write,297389,95,1377
write,315862,44,1378
write,308000,27,1379
write,281788,51,1380
write,297275,49,1381
write,292953,21,1382
write,278401,81,1383
write,304823,21,1384
write,57328710,32,1385
write,387841,76,1386
write,294839,82,1387
write,302311,25,1388
write,312692,86,1389
write,293492,2,1390
write,312969,70,1391
write,294165,96,1392
write,333420,23,1393
write,280597,21,1394
write,298162,49,1395
write,277849,54,1396
write,112478068,95,1397
write,368963,79,1398
write,328215,18,1399
write,289038,20,1400
write,317793,47,1401
write,325169,32,1402
write,344567,65,1403
write,318321,79,1404
write,280535,32,1405
write,282467,47,1406
write,285758,30,1407
write,341590,31,1408
write,93629108,97,1409
write,330401,92,1410
write,293720,63,1411
write,316212,34,1412
write,300450,25,1413
write,302977,80,1414
write,311737,89,1415
write,292973,95,1416
write,282582,85,1417
write,104543474,57,1418
write,345656,48,1419
write,305093,33,1420
write,335910,8,1421
write,302108,36,1422
write,303231,15,1423
write,300006,79,1424
write,281411,96,1425
write,312044,94,1426
write,308025,39,1427
write,277534,47,1428
write,309354,44,1429
write,108509235,74,1430
write,317733,94,1431
write,333877,83,1432
write,306125,56,1433
write,288891,15,1434
write,286094,26,1435
write,285054,61,1436
write,290620,99,1437
write,274491,78,1438
write,305742,99,1439
write,292741,1,1440
write,285384,13,1441
write,104653481,43,1442
write,339480,18,1443
write,315688,97,1444
write,305533,100,1445
write,329980,35,1446
write,292299,89,1447
write,295192,91,1448
write,300440,53,1449
write,299734,38,1450
write,281435,19,1451
write,291132,5,1452
write,281233,97,1453
write,132575334,68,1454
write,329961,75,1455
write,297737,8,1456
write,341808,93,1457
write,286689,20,1458
write,299143,34,1459
write,320404,92,1460
write,305711,41,1461
write,309809,89,1462
write,41379882,30,1463
write,297618,54,1464
write,300384,51,1465
write,296179,25,1466
write,285561,70,1467
write,296953,24,1468
write,299659,80,1469
write,321726,58,1470
write,292233,37,1471
write,321466,84,1472
write,274756,23,1473
write,318480,41,1474
write,112488442,40,1475
write,338985,57,1476
write,310384,70,1477
write,331362,11,1478
write,278535,45,1479
write,332877,78,1480
write,307643,69,1481
write,298853,10,1482
write,311028,42,1483
write,300434,86,1484
write,273937,81,1485
write,306122,27,1486
write,124430636,53,1487
write,354957,30,1488
write,302965,41,1489
write,297937,71,1490
write,301526,9,1491
write,308541,96,1492
write,350079,79,1493
write,317632,73,1494
write,313262,74,1495
write,281795,14,1496
write,314923,56,1497
write,278219,50,1498
write,91645367,8,1499
write,354590,70,1500
write,36462150,43,1501
write,342351,23,1502
write,320772,88,1503
write,315146,67,1504
write,303050,14,1505
write,318027,82,1506
write,287545,99,1507
write,284164,37,1508
write,290453,75,1509
write,303554,64,1510
write,312155,48,1511
write,318505,11,1512
write,108505304,44,1513
write,387365,16,1514
write,282511,14,1515
write,318758,70,1516
write,342452,54,1517
write,294229,72,1518
write,291837,46,1519
write,287369,90,1520
write,313706,31,1521
write,274636,85,1522
write,305220,89,1523
write,272003,82,1524
write,116481119,99,1525
write,358445,15,1526
write,323066,100,1527
write,293896,99,1528
write,312352,48,1529
write,289148,83,1530
write,295879,70,1531
write,299982,56,1532
write,295226,47,1533
write,325879,77,1534
write,274719,98,1535
write,289681,91,1536
write,276712,37,1537
write,92561482,3,1538
write,324435,45,1539
write,347410,78,1540
write,299479,19,1541
write,278611,57,1542
write,275684,23,1543
write,294394,38,1544
write,283015,92,1545
write,298564,41,1546
write,320045,32,1547
write,286757,93,1548
write,265998,30,1549
write,108664115,54,1550
write,331715,62,1551
write,39334585,57,1552
write,349203,53,1553
write,293267,75,1554
write,303133,26,1555
write,269236,88,1556
write,318884,8,1557
write,297014,29,1558
write,319735,85,1559
write,280992,64,1560
write,296872,52,1561
write,93363365,75,1562
write,311948,72,1563
write,282613,93,1564
write,307988,95,1565
write,267484,4,1566
write,288580,97,1567
write,321971,32,1568
write,270023,37,1569
write,288817,1,1570
write,278678,12,1571
write,273499,20,1572
write,275443,85,1573
write,317281,71,1574
write,96670411,22,1575
write,320473,46,1576
write,320480,75,1577
write,359746,24,1578
write,278204,2,1579
write,356256,8,1580
write,278747,78,1581
write,294576,92,1582
write,308382,74,1583
write,266681,6,1584
write,289969,8,1585
write,120495803,50,1586
write,330985,11,1587
write,314329,93,1588
write,335260,35,1589
write,319708,38,1590
write,295152,5,1591
write,282859,46,1592
write,295020,83,1593
write,318383,8,1594
write,296402,93,1595
write,313271,88,1596
write,292523,20,1597
write,120500600,36,1598
write,321217,17,1599
write,373999,34,1600
write,318176,97,1601
write,291141,20,1602
write,304541,82,1603
write,299877,13,1604
write,296190,4,1605
write,284764,83,1606
write,312127,97,1607
write,301680,1,1608
write,281272,10,1609
write,114709230,88,1610
write,351757,62,1611
write,5473747,46,1612
write,356854,11,1613
write,306383,84,1614
write,280731,96,1615
write,285069,89,1616
write,310143,96,1617
write,300913,35,1618
write,330806,30,1619
write,277835,90,1620
write,282672,19,1621
write,112429954,31,1622
write,32820703,12,1623
write,301945,1,1624
write,352801,87,1625
write,289161,46,1626
write,313110,76,1627
write,288861,63,1628
write,282047,11,1629
write,293349,28,1630
write,313148,87,1631
write,289103,10,1632
write,293541,17,1633
write,276701,99,1634
write,99805378,24,1635
write,335263,35,1636
write,36636307,44,1637
write,318344,49,1638
write,285298,44,1639
write,319713,25,1640
write,285160,99,1641
write,37500172,98,1642
write,374594,3,1643
write,44504519,46,1644
write,371848,28,1645
write,314801,6,1646
write,293755,2,1647
write,296652,69,1648
write,318576,67,1649
write,266964,70,1650
write,303840,71,1651
write,280995,81,1652
write,290214,30,1653
write,13610198,38,1654
write,358373,95,1655
write,27391099,92,1656
write,318994,8,1657
write,302281,57,1658
write,321822,20,1659
write,335333,26,1660
write,311558,63,1661
write,301624,66,1662
write,299278,98,1663
write,320957,22,1664
write,300972,76,1665
write,280505,44,1666
write,316221,35,1667
write,84655334,62,1668
write,294087,10,1669
write,285348,60,1670
write,291495,59,1671
write,289962,91,1672
write,310164,59,1673
write,18247927,86,1674
write,319620,8,1675
write,287721,50,1676
write,321543,99,1677
write,285739,46,1678
write,294301,24,1679
write,296804,71,1680
write,281526,5,1681
write,285874,44,1682
write,305926,34,1683
write,279189,62,1684
write,325823,33,1685
write,60842080,63,1686
write,339102,93,1687
write,324232,36,1688
write,312106,47,1689
write,284436,58,1690
write,337361,7,1691
write,307426,81,1692
write,311854,97,1693
write,45566822,82,1694
write,338136,99,1695
write,304186,91,1696
write,314250,51,1697
write,312686,20,1698
write,289363,37,1699
write,285174,74,1700
write,286745,4,1701
write,332021,94,1702
write,303709,45,1703
write,319656,63,1704
write,284791,21,1705
write,48545958,8,1706
write,302394,25,1707
write,312202,32,1708
write,321708,4,1709
write,309612,13,1710
write,289446,25,1711
write,283345,45,1712
write,289047,80,1713
write,275140,61,1714
write,309068,32,1715
write,57092872,38,1716
write,357245,69,1717
write,309012,35,1718
write,293748,57,1719
write,309641,95,1720
write,327606,11,1721
write,331337,28,1722
write,298798,40,1723
write,293665,74,1724
write,290592,36,1725
write,314839,66,1726
write,296340,57,1727
write,64621762,63,1728
write,348909,41,1729
write,304588,65,1730
write,308020,27,1731
write,305479,5,1732
write,308292,13,1733
write,299795,98,1734
write,287705,38,1735
write,331743,84,1736
write,53672539,20,1737
write,318064,54,1738
write,360617,19,1739
write,325112,64,1740
write,279712,14,1741
write,315308,81,1742
write,287295,23,1743
write,303216,73,1744
write,338556,31,1745
write,285896,36,1746
write,279099,48,1747
write,41538928,83,1748
write,332433,30,1749
write,298646,23,1750
write,343402,29,1751
write,57812421,53,1752
write,387539,62,1753
write,299357,51,1754
write,301155,22,1755
write,304723,13,1756
write,329894,84,1757
write,293821,79,1758
write,290268,70,1759
write,304220,84,1760
write,305614,45,1761
write,315250,76,1762
write,320250,84,1763
write,52435422,69,1764
write,331439,100,1765
write,302646,38,1766
write,281146,28,1767
write,296319,59,1768
write,306373,96,1769
write,314971,86,1770
write,274270,75,1771
write,295015,3,1772
write,301869,58,1773
write,297746,66,1774
write,300490,8,1775
write,278558,68,1776
write,64584084,29,1777
write,319939,58,1778
write,363151,56,1779
write,291431,15,1780
write,363275,6,1781
write,307577,10,1782
write,314489,43,1783
write,272043,46,1784
write,306340,10,1785
write,45859302,19,1786
write,346233,36,1787
write,306923,83,1788
write,294459,92,1789
write,308422,85,1790
write,275437,26,1791
write,300535,23,1792
write,302564,8,1793
write,49969803,44,1794
write,307779,71,1795
write,295871,17,1796
write,280677,1,1797
write,286617,3,1798
write,298437,43,1799
write,274355,29,1800
write,291811,50,1801
write,332529,62,1802
write,25281122,100,1803
write,307918,28,1804
write,13494189,13,1805
write,399469,99,1806
write,290173,74,1807
write,24463627,6,1808
write,28759738,79,1809
write,325531,5,1810
write,319295,6,1811
write,281660,61,1812
write,323929,48,1813
write,295698,59,1814
write,337565,18,1815
write,306689,62,1816
write,335332,99,1817
write,291189,54,1818
write,300614,39,1819
write,32613738,59,1820
write,317160,10,1821
write,302830,73,1822
write,278731,11,1823
write,324574,99,1824
write,276117,44,1825
write,293525,53,1826
write,283774,70,1827
write,33826677,77,1828
write,338836,19,1829
write,324618,26,1830
write,290043,21,1831
write,309010,98,1832
write,277748,39,1833
write,323426,16,1834
write,296893,4,1835
write,329961,41,1836
write,37511376,51,1837
write,339201,56,1838
write,287994,26,1839
write,19246567,84,1840
write,377369,64,1841
write,283549,12,1842
write,292520,16,1843
write,11826985,99,1844
write,352946,73,1845
write,320932,5,1846
write,19236975,43,1847
write,379883,19,1848
write,294320,39,1849
write,316962,46,1850
write,283009,85,1851
write,306802,24,1852
write,338349,30,1853
write,53570133,98,1854
write,296160,35,1855
write,366078,87,1856
write,288280,68,1857
write,318031,76,1858
write,302638,43,1859
write,309465,31,1860
write,285535,56,1861
write,308853,43,1862
write,292096,86,1863
write,298783,84,1864
write,52556965,20,1865
write,346402,40,1866
write,307428,95,1867
write,300656,76,1868
write,274946,28,1869
write,308300,74,1870
write,305700,53,1871
write,314522,89,1872
write,268734,90,1873
write,49645589,36,1874
write,345803,12,1875
write,297342,61,1876
write,312506,17,1877
write,296671,78,1878
write,292532,93,1879
write,13333666,64,1880
write,386480,91,1881
write,28667713,83,1882
write,344089,84,1883
write,293415,58,1884
write,291038,23,1885
write,288999,93,1886
write,327981,43,1887
write,312875,6,1888
write,322349,49,1889
write,288412,93,1890
write,305472,73,1891
write,285665,28,1892
write,25012750,83,1893
write,374717,84,1894
write,324390,9,1895
write,303226,9,1896
write,286830,80,1897
write,347485,10,1898
write,287530,19,1899
write,301922,40,1900
write,53420067,67,1901
write,328573,72,1902
write,301072,78,1903
write,303445,80,1904
write,302335,2,1905
write,286848,51,1906
write,336888,34,1907
write,277135,29,1908
write,317893,70,1909
write,57403317,64,1910
write,336904,69,1911
write,283753,91,1912
write,321500,8,1913
write,306763,34,1914
write,306357,31,1915
write,22344390,39,1916
write,344253,8,1917
write,312613,3,1918
write,305439,66,1919
write,336220,89,1920
write,291703,96,1921
write,294036,91,1922
write,281440,9,1923
write,297868,18,1924
write,357306,27,1925
write,294538,13,1926
write,284219,22,1927
write,64529866,18,1928
write,325646,9,1929
write,297575,59,1930
write,321174,31,1931
write,300098,90,1932
write,336523,59,1933
write,296950,63,1934
write,288891,15,1935
write,312310,7,1936
write,53426952,33,1937
write,345822,84,1938
write,342493,28,1939
write,303911,14,1940
write,303886,78,1941
write,295782,90,1942
write,329370,68,1943
write,303842,94,1944
write,310393,53,1945
write,49652508,91,1946
write,327593,19,1947
write,313676,18,1948
write,296855,16,1949
write,283401,70,1950
write,292716,51,1951
write,289993,56,1952
write,302471,48,1953
write,321974,62,1954
write,294147,87,1955
write,283902,94,1956
write,281806,33,1957
write,44634110,16,1958
write,288357,33,1959
write,318408,80,1960
write,315666,58,1961
write,336744,58,1962
write,295291,70,1963
write,321232,84,1964
write,281382,60,1965
write,296118,89,1966
write,305773,60,1967
write,283312,76,1968
write,52660119,67,1969
write,351583,51,1970
write,306892,88,1971
write,593414,27,1972
write,331357,25,1973
write,312167,24,1974
write,306423,1,1975
write,287824,56,1976
write,280802,20,1977
write,314062,64,1978
write,343349,75,1979
write,48499673,29,1980
write,310602,86,1981
write,316991,63,1982
write,277227,97,1983
write,338408,96,1984
write,299968,26,1985
write,302157,55,1986
write,333387,14,1987
write,302515,9,1988
write,41947285,21,1989
write,382735,27,1990
write,329387,3,1991
write,316055,59,1992
write,299085,80,1993
write,306182,10,1994
write,300766,9,1995
write,314815,85,1996
write,321367,6,1997
write,310772,61,1998
write,56681368,56,1999
write,334247,30,2000
write,294133,2,2001
write,300732,90,2002
write,323628,62,2003
write,282642,56,2004
write,319080,57,2005
write,295391,47,2006
write,308571,22,2007
write,286565,68,2008
write,317045,42,2009
write,29699819,1,2010
write,362287,21,2011
write,314796,95,2012
write,302142,67,2013
write,295595,90,2014
write,322141,30,2015
write,274891,62,2016
write,295009,40,2017
write,304667,36,2018
write,52565561,89,2019
write,297450,88,2020
write,329914,52,2021
write,354177,50,2022
write,289026,67,2023
write,306374,13,2024
write,293303,13,2025
write,295813,44,2026
write,305087,48,2027
write,19472486,9,2028
write,366180,90,2029
write,45327030,92,2030
write,388450,97,2031
write,309794,72,2032
write,327543,50,2033
write,284791,5,2034
write,316046,6,2035
write,281501,66,2036
write,302557,80,2037
write,305076,56,2038
write,45338425,54,2039
write,358972,27,2040
write,313660,88,2041
write,294473,22,2042
write,276743,32,2043
write,291112,98,2044
write,308342,28,2045
write,309491,66,2046
write,294345,92,2047
write,325039,79,2048
write,21522384,28,2049
write,320373,20,2050
write,374206,75,2051
write,304327,15,2052
write,276273,66,2053
write,289175,31,2054
write,298074,89,2055
write,289287,92,2056
write,299516,98,2057
write,41281831,87,2058
write,337917,41,2059
write,325652,70,2060
write,1513020,45,2061
write,308694,50,2062
write,57945708,62,2063
write,434513,33,2064
write,317878,11,2065
write,299290,23,2066
write,15374061,44,2067
write,300979,70,2068
write,354845,98,2069
write,280894,37,2070
write,284551,26,2071
write,297267,31,2072
write,13349300,37,2073
write,395081,58,2074
write,329699,21,2075
write,304827,1,2076
write,324711,27,2077
write,298655,59,2078
write,311781,94,2079
write,298856,69,2080
write,300353,31,2081
write,301602,83,2082
write,69259977,68,2083
write,339240,52,2084
write,298218,79,2085
write,307718,40,2086
write,317130,75,2087
write,297213,49,2088
write,303834,63,2089
write,325971,40,2090
write,271620,50,2091
write,13438034,14,2092
write,344902,24,2093
write,316942,20,2094
write,295384,28,2095
write,296443,21,2096
write,302009,38,2097
write,42216018,26,2098
write,340171,79,2099
write,329210,95,2100
write,305791,59,2101
write,293453,91,2102
write,298294,22,2103
write,267761,9,2104
write,298854,80,2105
write,314991,95,2106
write,279493,30,2107
write,286504,97,2108
write,273254,98,2109
write,331457,34,2110
write,48482309,58,2111
write,333306,52,2112
write,286733,56,2113
write,297774,9,2114
write,264318,27,2115
write,299675,65,2116
write,42461281,80,2117
write,359601,55,2118
write,299538,54,2119
write,300760,69,2120
write,292162,74,2121
write,285917,88,2122
write,333951,45,2123
write,280090,56,2124
write,299324,27,2125
write,57453929,8,2126
write,328956,83,2127
write,304184,73,2128
write,318959,11,2129
write,308884,100,2130
write,317023,67,2131
write,290365,6,2132
write,299459,62,2133
write,278434,72,2134
write,340895,91,2135
write,272185,65,2136
write,302828,50,2137
write,57096131,70,2138
write,310645,79,2139
write,299236,48,2140
write,343469,64,2141
write,276206,67,2142
write,300188,57,2143
write,295592,29,2144
write,278991,57,2145
write,299603,71,2146
write,306784,94,2147
write,29624384,53,2148
write,361381,49,2149
write,315587,65,2150
write,281286,86,2151
write,303386,19,2152
write,307233,76,2153
write,45618933,26,2154
write,306849,12,2155
write,321739,4,2156
write,295789,20,2157
write,301774,99,2158
write,321932,99,2159
write,287599,3,2160
write,299836,9,2161
write,275346,77,2162
write,327759,58,2163
write,276974,89,2164
write,48595963,71,2165
write,351222,59,2166
write,333258,19,2167
write,573037,33,2168
write,319107,33,2169
write,50400503,80,2170
write,406573,92,2171
write,369923,56,2172
write,296318,37,2173
write,301731,89,2174
write,315534,63,2175
write,331044,11,2176
write,308660,4,2177
write,289725,45,2178
write,25910041,44,2179
write,353267,78,2180
write,313210,31,2181
write,292124,25,2182
write,38153088,32,2183
write,380977,2,2184
write,283818,48,2185
write,313451,37,2186
write,315756,48,2187
write,280596,21,2188
write,295136,3,2189
write,23301975,39,2190
write,358304,77,2191
write,324800,50,2192
write,30010107,100,2193
write,404906,56,2194
write,383805,5,2195
write,292371,22,2196
write,15395826,10,2197
write,335184,83,2198
write,295180,72,2199
write,291619,44,2200
write,296467,29,2201
write,298174,73,2202
write,283038,2,2203
write,269259,54,2204
write,279582,10,2205
write,282567,60,2206
write,274318,9,2207
write,286812,4,2208
write,56521294,36,2209
write,332949,51,2210
write,303937,12,2211
write,290075,59,2212
write,323449,97,2213
write,330873,44,2214
write,42682591,24,2215
write,325782,39,2216
write,359911,35,2217
write,356821,41,2218
write,301578,7,2219
write,335438,18,2220
write,289586,64,2221
write,308364,70,2222
write,306587,99,2223
write,301459,7,2224
write,22783939,27,2225
write,382474,34,2226
write,309004,55,2227
write,61533374,60,2228
write,326194,75,2229
write,362922,7,2230
write,321940,86,2231
write,288228,45,2232
write,327054,40,2233
write,292614,15,2234
write,289724,72,2235
write,17496791,19,2236
write,347487,44,2237
write,317619,92,2238
write,298648,49,2239
write,353115,67,2240
write,273585,86,2241
write,311771,92,2242
write,301782,20,2243
write,300509,31,2244
write,271091,39,2245
write,285851,20,2246
write,289380,68,2247
write,52611979,56,2248
write,317941,62,2249
write,284423,91,2250
write,283738,37,2251
write,282622,94,2252
write,269110,86,2253
write,296733,55,2254
write,295815,19,2255
write,289953,73,2256
write,281862,77,2257
write,285961,26,2258
write,293466,22,2259
write,64499762,78,2260
write,381658,31,2261
write,298772,82,2262
write,292743,98,2263
write,291463,71,2264
write,331969,40,2265
write,295274,78,2266
write,324998,10,2267
write,298748,79,2268
write,290406,50,2269
write,23431863,74,2270
write,377490,44,2271
write,299124,31,2272
write,326603,2,2273
write,302296,40,2274
write,12409034,3,2275
write,304867,94,2276
write,303912,72,2277
write,309619,12,2278
write,309371,7,2279
write,299188,83,2280
write,285723,20,2281
write,321824,18,2282
write,282701,30,2283
write,323420,90,2284
write,334861,11,2285
write,317054,5,2286
write,64618670,31,2287
write,325207,23,2288
write,304317,56,2289
write,282651,85,2290
write,316729,73,2291
write,282441,83,2292
write,312212,27,2293
write,300687,47,2294
write,313126,12,2295
write,281723,30,2296
write,342460,35,2297
write,298217,48,2298
write,60731674,65,2299
write,321701,75,2300
write,337941,36,2301
write,285649,72,2302
write,295338,24,2303
write,325861,98,2304
write,304266,54,2305
write,265644,24,2306
write,298932,71,2307
write,290220,36,2308
write,317844,26,2309
write,52687462,10,2310
write,337992,48,2311
write,302604,59,2312
write,278380,48,2313
write,300575,8,2314
write,335742,50,2315
write,307046,51,2316
write,287922,20,2317
write,302699,91,2318
write,21216088,63,2319
write,332547,51,2320
write,360369,54,2321
write,289626,75,2322
write,317117,74,2323
write,293341,12,2324
write,318239,6,2325
write,292090,29,2326
write,313812,58,2327
write,310547,20,2328
write,57110361,40,2329
write,1193289,53,2330
write,304062,22,2331
write,294415,29,2332
write,308629,83,2333
write,290888,42,2334
write,279327,64,2335
write,305831,84,2336
write,277801,73,2337
write,286294,7,2338
write,88613902,20,2339
write,325411,66,2340
write,317776,100,2341
write,311628,55,2342
write,298977,72,2343
write,290950,7,2344
write,319022,47,2345
write,361112,8,2346
write,293602,51,2347
write,304169,20,2348
write,301905,13,2349
write,88470069,71,2350
write,400601,60,2351
write,301057,32,2352
write,282028,48,2353
write,283019,20,2354
write,302737,90,2355
write,291920,60,2356
write,344979,12,2357
write,290837,72,2358
write,292893,99,2359
write,279116,29,2360
write,284501,34,2361
write,274066,67,2362
write,80504895,100,2363
write,317615,70,2364
write,300765,29,2365
write,355932,100,2366
write,293683,4,2367
write,326207,99,2368
write,296192,6,2369
write,312608,8,2370
write,301307,43,2371
write,316111,32,2372
write,292401,28,2373
write,288166,10,2374
write,76634545,9,2375
write,335241,20,2376
write,283299,8,2377
write,306891,74,2378
write,311207,84,2379
write,293664,66,2380
write,319217,5,2381
write,307195,23,2382
write,288562,4,2383
write,296502,98,2384
write,288264,98,2385
write,290881,12,2386
write,64727297,70,2387
write,284327,50,2388
write,311413,61,2389
write,276443,75,2390
write,308889,1,2391
write,273571,48,2392
write,40315748,93,2393
write,307328,85,2394
write,295965,34,2395
write,288835,21,2396
write,312323,90,2397
write,84693281,84,2398
write,387027,92,2399
write,341365,77,2400
write,303400,73,2401
write,302158,22,2402
write,293495,23,2403
write,319647,61,2404
write,321971,44,2405
write,288771,53,2406
write,283009,80,2407
write,290087,56,2408
write,45416717,58,2409
write,403457,68,2410
write,332646,40,2411
write,304705,78,2412
write,15286797,63,2413
write,318702,26,2414
write,323076,25,2415
write,276100,65,2416
write,355891,35,2417
write,277546,95,2418
write,64927848,66,2419
write,310262,7,2420
write,321376,86,2421
write,299521,67,2422
write,338247,20,2423
write,288448,76,2424
write,309768,45,2425
write,316590,37,2426
write,287826,26,2427
write,307117,85,2428
write,331890,47,2429
write,303836,8,2430
write,273749,12,2431
write,96671855,13,2432
write,329596,76,2433
write,300465,27,2434
write,303424,27,2435
write,329560,49,2436
write,299801,27,2437
write,309340,1,2438
write,294923,43,2439
write,282315,72,2440
write,323034,51,2441
write,322961,49,2442
write,76536902,94,2443
write,381541,46,2444
write,306933,89,2445
write,316539,97,2446
write,325844,98,2447
write,288567,82,2448
write,282785,59,2449
write,308075,87,2450
write,299377,56,2451
write,289285,29,2452
write,318266,11,2453
write,401527,82,2454
write,304086,53,2455
write,308558,40,2456
write,312727,73,2457
write,297448,30,2458
write,315663,20,2459
write,294906,28,2460
write,316396,91,2461
write,294141,12,2462
write,287077,17,2463
write,289654,53,2464
write,329565,43,2465
write,124629384,89,2466
write,315130,87,2467
write,329450,21,2468
write,295401,19,2469
write,342218,39,2470
write,300341,14,2471
write,46263689,52,2472
write,311462,64,2473
write,326640,4,2474
write,322630,66,2475
write,330137,90,2476
write,291629,96,2477
write,281850,24,2478
write,280966,86,2479
write,302535,15,2480
write,276115,35,2481
write,69175147,91,2482
write,362075,89,2483
write,322590,40,2484
write,307335,22,2485
write,300786,64,2486
write,314524,7,2487
write,299971,83,2488
write,323422,84,2489
write,294614,37,2490
write,282455,1,2491
write,302901,85,2492
write,294092,61,2493
write,84510918,84,2494
write,301017,68,2495
write,368334,20,2496
write,279837,90,2497
write,295417,89,2498
write,287479,58,2499
write,301157,29,2500
write,323804,65,2501
write,308666,37,2502
write,273843,5,2503
write,282467,5,2504
write,278079,78,2505
write,76567215,9,2506
write,371293,18,2507
write,308054,24,2508
write,282073,25,2509
write,315224,36,2510
write,295465,52,2511
write,323985,83,2512
write,317456,81,2513
write,289583,29,2514
write,283046,18,2515
write,279763,95,2516
write,316496,32,2517
write,104544484,48,2518
write,394990,81,2519
write,285845,39,2520
write,303822,11,2521
write,303427,31,2522
write,300165,64,2523
write,321268,73,2524
write,309609,73,2525
write,298299,34,2526
write,319245,80,2527
write,288031,62,2528
write,297127,41,2529
write,72814094,38,2530
write,326059,13,2531
write,293167,32,2532
write,292809,50,2533
write,308977,35,2534
write,286012,36,2535
write,289217,26,2536
write,319981,58,2537
write,18309159,88,2538
write,328964,76,2539
write,328811,65,2540
write,288524,61,2541
write,310574,20,2542
write,310476,3,2543
write,302677,16,2544
write,57723492,10,2545
write,299569,35,2546
write,290169,95,2547
write,273840,29,2548
write,312417,69,2549
write,293338,100,2550
write,309447,48,2551
write,276527,72,2552
write,53808181,1,2553
write,317746,17,2554
write,23432151,81,2555
write,331460,37,2556
write,297885,18,2557
write,300427,95,2558
write,273617,57,2559
write,337675,62,2560
write,299564,66,2561
write,286071,11,2562
write,291502,15,2563
write,69753315,72,2564
write,319826,54,2565
write,284978,39,2566
write,320732,31,2567
write,299419,97,2568
write,289314,38,2569
write,296998,67,2570
write,297573,7,2571
write,334288,10,2572
write,307301,45,2573
write,289064,59,2574
write,76662406,7,2575
write,329767,9,2576
write,300582,75,2577
write,282893,55,2578
write,293267,75,2579
write,287724,47,2580
write,313747,74,2581
write,290822,78,2582
write,290340,77,2583
write,45596859,85,2584
write,342477,95,2585
write,287499,21,2586
write,284205,5,2587
write,301600,62,2588
write,293601,89,2589
write,299409,80,2590
write,312051,34,2591
write,292934,64,2592
write,286509,92,2593
write,296895,73,2594
write,88393731,94,2595
write,349190,75,2596
write,324550,92,2597
write,399525,28,2598
write,289960,26,2599
write,305535,94,2600
write,288559,81,2601
write,364764,44,2602
write,298653,81,2603
write,344218,24,2604
write,280424,66,2605
write,290437,79,2606
write,76598487,49,2607
write,327061,92,2608
write,337214,100,2609
write,288401,92,2610
write,293029,85,2611
write,277004,50,2612
write,293303,66,2613
write,64393300,47,2614
write,337359,90,2615
write,13630355,64,2616
write,296078,98,2617
write,300344,45,2618
write,282079,75,2619
write,291142,45,2620
write,299640,91,2621
write,66813842,96,2622
write,304688,16,2623
write,326299,23,2624
write,279559,23,2625
write,316591,24,2626
write,352999,65,2627
write,300529,22,2628
write,287571,96,2629
write,279790,82,2630
write,298254,25,2631
write,76713370,17,2632
write,329557,94,2633
write,360212,60,2634
write,301621,75,2635
write,286885,11,2636
write,271190,50,2637
write,301604,39,2638
write,289293,57,2639
write,281855,13,2640
write,38323809,81,2641
write,372594,46,2642
write,310831,88,2643
write,292498,93,2644
write,332196,27,2645
write,286679,98,2646
write,41636849,68,2647
write,304325,93,2648
write,19512709,90,2649
write,357137,78,2650
write,313400,12,2651
write,271631,65,2652
write,283089,15,2653
write,293730,34,2654
write,303889,72,2655
write,307504,39,2656
write,309330,35,2657
write,292256,43,2658
write,281356,99,2659
write,283825,42,2660
write,84618913,77,2661
write,335197,94,2662
write,391247,90,2663
write,304790,37,2664
write,301980,72,2665
write,332231,16,2666
write,276547,19,2667
write,288552,95,2668
write,307646,84,2669
write,41917643,67,2670
write,297963,35,2671
write,299621,51,2672
write,298528,75,2673
write,278681,96,2674
write,320760,89,2675
write,269932,12,2676
write,319124,89,2677
write,288633,3,2678
write,293103,87,2679
write,92485510,23,2680
write,409879,34,2681
write,305469,59,2682
write,303185,45,2683
write,321701,56,2684
write,296847,31,2685
write,308036,42,2686
write,282814,34,2687
write,325398,34,2688
write,53817907,80,2689
write,333907,56,2690
write,317208,37,2691
write,291366,50,2692
write,302261,40,2693
write,290860,95,2694
write,303694,54,2695
write,283865,35,2696
write,45396059,60,2697
write,399685,36,2698
write,345720,52,2699
write,15268570,53,2700
write,341011,57,2701
write,299228,21,2702
write,295956,56,2703
write,294380,1,2704
write,309236,21,2705
write,303019,46,2706
write,329002,16,2707
write,279743,66,2708
write,65405286,97,2709
write,401135,37,2710
write,320851,9,2711
write,322130,53,2712
write,301758,15,2713
write,291385,58,2714
write,287848,73,2715
write,42334423,74,2716
write,387994,80,2717
write,305475,91,2718
write,297486,29,2719
write,292751,3,2720
write,307337,79,2721
write,292251,84,2722
write,317007,22,2723
write,293209,86,2724
write,304047,96,2725
write,299325,9,2726
write,100522316,26,2727
write,360918,24,2728
write,320361,83,2729
write,328466,24,2730
write,279321,55,2731
write,310775,45,2732
write,296406,100,2733
write,300152,71,2734
write,338319,78,2735
write,295649,53,2736
write,317813,90,2737
write,268889,29,2738
write,100681660,9,2739
write,353682,24,2740
write,328461,75,2741
write,297259,37,2742
write,292575,45,2743
write,286847,79,2744
write,314487,57,2745
write,299559,59,2746
write,294351,98,2747
write,301372,88,2748
write,296724,44,2749
write,309164,43,2750
write,128465698,79,2751
write,374240,59,2752
write,318504,39,2753
write,306956,1,2754
write,288086,51,2755
write,326093,75,2756
write,313406,3,2757
write,285501,24,2758
write,306890,24,2759
write,77451321,6,2760
write,314843,62,2761
write,300842,88,2762
write,27548286,28,2763
write,321230,94,2764
write,310961,59,2765
write,309655,46,2766
write,286525,32,2767
write,286907,6,2768
write,277702,96,2769
write,292734,44,2770
write,318120,7,2771
write,285768,43,2772
write,319739,66,2773
write,58464517,70,2774
write,379370,58,2775
write,302573,72,2776
write,33714570,29,2777
write,311662,95,2778
write,338061,91,2779
write,308520,6,2780
write,310883,49,2781
write,314877,98,2782
write,307512,88,2783
write,296585,98,2784
write,489844,31,2785
write,293589,72,2786
write,115495137,26,2787
write,448241,61,2788
write,327740,75,2789
write,407509,8,2790
write,306439,85,2791
write,295187,80,2792
write,274605,23,2793
write,306277,90,2794
write,301149,26,2795
write,302827,19,2796
write,300874,13,2797
write,283668,35,2798
write,300860,19,2799
write,278700,56,2800
write,80488089,4,2801
write,327266,26,2802
write,321356,26,2803
write,278953,39,2804
write,298744,29,2805
write,297192,26,2806
write,325491,19,2807
write,59399934,25,2808
write,339373,63,2809
write,282692,13,2810
write,331912,25,2811
write,307161,61,2812
write,81333474,50,2813
write,342135,65,2814
write,287962,88,2815
write,339875,73,2816
write,291246,50,2817
write,289397,35,2818
write,309963,84,2819
write,317146,47,2820
write,273241,46,2821
write,275846,87,2822
write,287468,46,2823
write,298599,83,2824
write,322939,1,2825
write,124477038,64,2826
write,298893,86,2827
write,285819,79,2828
write,276178,62,2829
write,290601,33,2830
write,292490,16,2831
write,319965,81,2832
write,269062,6,2833
write,299093,8,2834
write,296485,100,2835
write,281807,14,2836
write,335872,31,2837
write,124423663,53,2838
write,355516,100,2839
write,290349,56,2840
write,309351,11,2841
write,302150,94,2842
write,330156,83,2843
write,294235,13,2844
write,287689,56,2845
write,308410,89,2846
write,293277,45,2847
write,330147,73,2848
write,302579,82,2849
write,132358422,29,2850
write,407633,65,2851
write,321722,68,2852
write,292848,76,2853
write,339872,34,2854
write,314698,55,2855
write,288767,98,2856
write,311515,83,2857
write,335395,34,2858
write,270151,11,2859
write,129347633,22,2860
write,347909,22,2861
write,298219,92,2862
write,290465,79,2863
write,297407,33,2864
write,286490,9,2865
write,14304143,81,2866
write,347326,76,2867
write,312444,70,2868
write,103353111,70,2869
write,349153,7,2870
write,316999,20,2871
write,288525,11,2872
write,305995,59,2873
write,294194,65,2874
write,284268,79,2875
write,312073,75,2876
write,293823,48,2877
write,327025,2,2878
write,302220,2,2879
write,325285,90,2880
write,128484178,55,2881
write,349524,13,2882
write,304261,2,2883
write,314906,31,2884
write,316527,5,2885
write,294664,91,2886
write,291735,47,2887
write,287177,97,2888
write,278930,72,2889
write,277921,28,2890
write,308546,77,2891
write,296773,75,2892
write,278978,3,2893
write,117787967,11,2894
write,291342,38,2895
write,377973,73,2896
write,343679,34,2897
write,309706,45,2898
write,33370874,74,2899
write,301429,26,2900
write,322492,58,2901
write,349736,79,2902
write,317060,67,2903
write,284981,38,2904
write,333168,67,2905
write,297897,42,2906
write,287843,69,2907
write,307052,70,2908
write,295009,3,2909
write,288948,89,2910
write,116423156,27,2911
write,363971,16,2912
write,294967,74,2913
write,311024,29,2914
write,332516,89,2915
write,288993,29,2916
write,309702,4,2917
write,320673,58,2918
write,284147,95,2919
write,297273,51,2920
write,314339,78,2921
write,349780,65,2922
write,121579879,41,2923
write,318238,97,2924
write,320703,88,2925
write,305349,38,2926
write,314371,91,2927
write,295506,92,2928
write,297920,52,2929
write,281821,7,2930
write,112443488,41,2931
write,361499,34,2932
write,355463,67,2933
write,315053,77,2934
write,294026,50,2935
write,298456,88,2936
write,296578,37,2937
write,311767,91,2938
write,331606,37,2939
write,329341,15,2940
write,289536,95,2941
write,328748,74,2942
write,136487659,48,2943
write,370005,32,2944
write,343081,56,2945
write,307262,55,2946
write,291824,94,2947
write,310203,79,2948
write,294139,2,2949
write,315038,47,2950
write,331651,77,2951
write,310194,93,2952
write,300105,36,2953
write,300309,99,2954
write,120482690,2,2955
write,324596,84,2956
write,302143,88,2957
write,304105,88,2958
write,291450,37,2959
write,307793,21,2960
write,305109,33,2961
write,303211,13,2962
write,312164,13,2963
write,129288014,74,2964
write,370616,48,2965
write,301314,81,2966
write,295240,83,2967
write,294618,65,2968
write,336464,17,2969
write,291016,9,2970
write,304022,53,2971
write,307929,100,2972
write,288854,2,2973
write,77316453,50,2974
write,306838,78,2975
write,305795,59,2976
write,299746,27,2977
write,309988,2,2978
write,285725,91,2979
write,278383,40,2980
write,289397,32,2981
write,330425,51,2982
write,266254,38,2983
write,93349246,17,2984
write,301209,87,2985
write,347331,35,2986
write,302624,77,2987
write,298124,75,2988
write,290098,100,2989
write,283016,43,2990
write,300790,68,2991
write,296757,15,2992
write,113277288,8,2993
write,319600,45,2994
write,306027,28,2995
write,300691,83,2996
write,302396,17,2997
write,327474,94,2998
write,317807,49,2999
write,295354,76,3000
write,288004,80,3001
write,292202,47,3002
write,277354,86,3003
write,307908,83,3004
write,317464,10,3005
write,108616276,71,3006
write,296459,77,3007
write,368710,90,3008
write,289194,19,3009
write,318092,9,3010
write,328802,7,3011
write,301084,99,3012
write,298673,53,3013
write,314298,73,3014
write,292387,99,3015
write,298910,54,3016
write,164427520,64,3017
write,334151,100,3018
write,312075,91,3019
write,297070,51,3020
write,276797,46,3021
write,306840,2,3022
write,334745,99,3023
write,289839,97,3024
write,294766,84,3025
write,292258,9,3026
write,300507,92,3027
write,284366,22,3028
write,329156,23,3029
write,132423762,69,3030
write,331904,20,3031
write,288347,36,3032
write,302655,21,3033
write,301298,92,3034
write,329204,4,3035
write,322897,85,3036
write,312699,46,3037
write,314874,68,3038
write,314119,62,3039
write,289573,1,3040
write,325957,9,3041
write,120537631,81,3042
write,318920,56,3043
write,295770,72,3044
write,284859,83,3045
write,301762,76,3046
write,310741,39,3047
write,315456,82,3048
write,293826,54,3049
write,296299,6,3050
write,301121,24,3051
write,323526,20,3052
write,324589,5,3053
write,120439475,30,3054
write,356759,95,3055
write,301245,38,3056
write,308659,77,3057
write,286463,68,3058
write,344228,19,3059
write,286558,47,3060
write,312475,29,3061
write,298775,81,3062
write,61541557,12,3063
