write,50498160,29,0
write,39940485,59,1
write,50909416,74,2
write,51110665,43,3
write,58077524,50,4
write,42474164,80,5
write,152092520,26,6
write,1415555520,42,7
write,3003193919,83,8
write,3002607423,60,9
write,3003284450,16,10
write,3002710665,76,11
write,139074054,81,12
write,158163059,30,13
write,133557996,12,14
write,199867702,54,15
write,171956889,89,16
write,248679235,27,17
write,141814879,65,18
write,352133770,16,19
write,321217072,66,20
write,292753096,42,21
write,123450541,56,22
write,150966549,35,23
write,370496840,93,24
write,237652987,70,25
write,167710190,86,26
write,259643138,14,27
write,169253637,97,28
write,191729665,78,29
write,286252040,90,30
write,100468575,8,31
write,287950338,38,32
write,248050643,55,33
write,235031094,93,34
write,194583397,19,35
write,157101524,6,36
write,163460503,80,37
write,305558215,6,38
write,122800673,61,39
write,300537386,61,40
write,277983154,29,41
write,362202054,9,42
write,182279821,52,43
write,156524585,97,44
write,223400493,15,45
write,196465373,22,46
write,248526219,14,47
write,349989449,99,48
write,228622598,60,49
write,166471688,14,50
write,126884017,14,51
write,165965519,91,52
write,325558432,81,53
write,221248936,14,54
write,332713895,53,55
write,213786452,49,56
write,218462275,89,57
write,360552099,42,58
write,339479116,44,59
write,145185809,19,60
write,575358214,82,61
write,94654067,14,62
write,366977484,71,63
write,196240459,15,64
write,276692606,60,65
write,501383388,42,66
write,148093207,37,67
write,273040321,79,68
write,242675892,54,69
write,370230670,75,70
write,359289676,64,71
write,249195698,27,72
write,199287727,95,73
write,317680259,6,74
write,175248511,84,75
write,231873831,22,76
write,243796423,63,77
